2018-05-08 11:21:56: XVM: eXtended Visualization Mod ( https://modxvm.com/ )
2018-05-08 11:21:56:     XVM Version   : 7.6.0
2018-05-08 11:21:56:     XVM Revision  : 8322
2018-05-08 11:21:56:     XVM Branch    : default
2018-05-08 11:21:56:     XVM Hash      : 1cd7118c8cc3fe08a41fae02a21fc9f8529a739c
2018-05-08 11:21:56:     WoT Current   : 1.0.1.0
2018-05-08 11:21:56:     Current Time  : 2018-05-08 11:21:56 +0200
2018-05-08 11:21:56: [WARN]  Following XVM fonts installed: ['C:\\WINDOWS/Fonts\\XVMSymbol.ttf', 'C:\\WINDOWS/Fonts\\XVMSymbol_22.0.ttf']
2018-05-08 11:21:56: ---------------------------
2018-05-08 11:21:56: [JSONxLoader] load: res_mods\configs\xvm\xvm.xc
2018-05-08 11:21:56: [JSONxLoader] load: res_mods\configs\xvm\default\@xvm.xc
2018-05-08 11:21:56: [JSONxLoader] load: res_mods\configs\xvm\default\minimapAlt.xc
2018-05-08 11:21:56: [JSONxLoader] load: res_mods\configs\xvm\default\minimap.xc
2018-05-08 11:21:56: [JSONxLoader] load: res_mods\configs\xvm\default\minimapCircles.xc
2018-05-08 11:21:56: [JSONxLoader] load: res_mods\configs\xvm\default\colors.xc
2018-05-08 11:21:56: [JSONxLoader] load: res_mods\configs\xvm\default\minimapLines.xc
2018-05-08 11:21:56: [JSONxLoader] load: res_mods\configs\xvm\default\minimapMapSize.xc
2018-05-08 11:21:56: [JSONxLoader] load: res_mods\configs\xvm\default\minimapLabelsAlt.xc
2018-05-08 11:21:56: [JSONxLoader] load: res_mods\configs\xvm\default\minimapLabelsTemplates.xc
2018-05-08 11:21:56: [JSONxLoader] load: res_mods\configs\xvm\default\minimapLabelsData.xc
2018-05-08 11:21:56: [JSONxLoader] load: res_mods\configs\xvm\default\hitLog.xc
2018-05-08 11:21:56: [JSONxLoader] load: res_mods\configs\xvm\default\battle.xc
2018-05-08 11:21:56: [JSONxLoader] load: res_mods\configs\xvm\default\export.xc
2018-05-08 11:21:56: [JSONxLoader] load: res_mods\configs\xvm\default\elements.xc
2018-05-08 11:21:56: [JSONxLoader] load: res_mods\configs\xvm\default\camera.xc
2018-05-08 11:21:56: [JSONxLoader] load: res_mods\configs\xvm\default\sounds.xc
2018-05-08 11:21:56: [JSONxLoader] load: res_mods\configs\xvm\default\battleLabels.xc
2018-05-08 11:21:56: [JSONxLoader] load: res_mods\configs\xvm\default\battleLabelsTemplates.xc
2018-05-08 11:21:56: [JSONxLoader] load: res_mods\configs\xvm\default\minimapLabels.xc
2018-05-08 11:21:56: [JSONxLoader] load: res_mods\configs\xvm\default\battleLoading.xc
2018-05-08 11:21:56: [JSONxLoader] load: res_mods\configs\xvm\default\statisticForm.xc
2018-05-08 11:21:56: [JSONxLoader] load: res_mods\configs\xvm\default\playersPanel.xc
2018-05-08 11:21:56: [JSONxLoader] load: res_mods\configs\xvm\default\markers.xc
2018-05-08 11:21:56: [JSONxLoader] load: res_mods\configs\xvm\default\markersTemplates.xc
2018-05-08 11:21:56: [JSONxLoader] load: res_mods\configs\xvm\default\markersDeadExtended.xc
2018-05-08 11:21:56: [JSONxLoader] load: res_mods\configs\xvm\default\markersDeadNormal.xc
2018-05-08 11:21:56: [JSONxLoader] load: res_mods\configs\xvm\default\markersAliveExtended.xc
2018-05-08 11:21:56: [JSONxLoader] load: res_mods\configs\xvm\default\markersAliveNormal.xc
2018-05-08 11:21:56: [JSONxLoader] load: res_mods\configs\xvm\default\squad.xc
2018-05-08 11:21:56: [JSONxLoader] load: res_mods\configs\xvm\default\iconset.xc
2018-05-08 11:21:56: [JSONxLoader] load: res_mods\configs\xvm\default\tooltips.xc
2018-05-08 11:21:56: [JSONxLoader] load: res_mods\configs\xvm\default\xmqp.xc
2018-05-08 11:21:56: [JSONxLoader] load: res_mods\configs\xvm\default\tweaks.xc
2018-05-08 11:21:56: [JSONxLoader] load: res_mods\configs\xvm\default\userInfo.xc
2018-05-08 11:21:56: [JSONxLoader] load: res_mods\configs\xvm\default\alpha.xc
2018-05-08 11:21:56: [JSONxLoader] load: res_mods\configs\xvm\default\battleResults.xc
2018-05-08 11:21:56: [JSONxLoader] load: res_mods\configs\xvm\default\texts.xc
2018-05-08 11:21:56: [JSONxLoader] load: res_mods\configs\xvm\default\captureBar.xc
2018-05-08 11:21:56: [JSONxLoader] load: res_mods\configs\xvm\default\vehicleNames.xc
2018-05-08 11:21:56: [JSONxLoader] load: res_mods\configs\xvm\default\hotkeys.xc
2018-05-08 11:21:56: [JSONxLoader] load: res_mods\configs\xvm\default\hangar.xc
2018-05-08 11:21:56: [JSONxLoader] load: res_mods\configs\xvm\default\carousel.xc
2018-05-08 11:21:56: [JSONxLoader] load: res_mods\configs\xvm\default\carouselNormal.xc
2018-05-08 11:21:56: [JSONxLoader] load: res_mods\configs\xvm\default\carouselSmall.xc
2018-05-08 11:21:56: [JSONxLoader] load: res_mods\configs\xvm\default\widgets.xc
2018-05-08 11:21:56: [JSONxLoader] load: res_mods\configs\xvm\default\widgetsTemplates.xc
2018-05-08 11:21:56: [JSONxLoader] load: res_mods\configs\xvm\default\damageLog.xc
2018-05-08 11:21:56: [JSONxLoader] load: res_mods\configs\xvm\default\login.xc
2018-05-08 11:21:56: [JSONxLoader] load: res_mods\configs\xvm\default\battleLoadingTips.xc
2018-05-08 11:21:56: [JSONxLoader] load: res_mods\mods\shared_resources\xvm\l10n\en.xc
2018-05-08 11:21:56: Config loaded. Region: EU (detected), Language: en (detected)
2018-05-08 11:22:02: WARNING: TODO: len(hulls) != 1 for vehicle ussr:R03_BT-7
2018-05-08 11:22:02: WARNING: TODO: len(hulls) != 1 for vehicle ussr:R46_KV-13
2018-05-08 11:22:02: WARNING: TODO: len(hulls) != 1 for vehicle ussr:R81_IS8
2018-05-08 11:22:02: WARNING: TODO: len(hulls) != 1 for vehicle ussr:R43_T-70
2018-05-08 11:22:02: WARNING: TODO: len(hulls) != 1 for vehicle germany:G04_PzVI_Tiger_I
2018-05-08 11:22:02: WARNING: TODO: len(hulls) != 1 for vehicle germany:G24_VK3002DB
2018-05-08 11:22:02: WARNING: TODO: len(hulls) != 1 for vehicle germany:G27_VK3001P
2018-05-08 11:22:02: WARNING: TODO: len(hulls) != 1 for vehicle germany:G58_VK4502P
2018-05-08 11:22:02: WARNING: TODO: len(hulls) != 1 for vehicle usa:A25_M2_med
2018-05-08 11:22:02: WARNING: TODO: len(hulls) != 1 for vehicle usa:A46_T3
2018-05-08 11:22:02: WARNING: TODO: len(hulls) != 1 for vehicle france:F03_D2
2018-05-08 11:22:02: WARNING: TODO: len(hulls) != 1 for vehicle france:F44_Somua_S35
2018-05-08 11:22:02: WARNING: TODO: len(hulls) != 1 for vehicle france:F83_AMX_M4_Mle1949_Bis
2018-05-08 11:22:02: WARNING: TODO: len(hulls) != 1 for vehicle uk:GB22_Comet
2018-05-08 11:22:03: [L:000] onLibLoaded: ../../res_mods/mods/xfw_packages/xvm_lobby/as_lobby/xvm_lobby.swf
2018-05-08 11:22:03: [L:001] [XVM:LOBBY] processView: login
2018-05-08 11:22:03: [L:002] [XFW] Mod loaded: xvm_lobby.swf
2018-05-08 11:22:03: [INFO]    HTTPS: /4.0/getOnlineUsersCount/0
2018-05-08 11:22:03: [INFO]    Time: 304 ms, Size: 628 (628) bytes
2018-05-08 11:22:04: [L:003] onLibLoaded: gui/flash/battleResults.swf
2018-05-08 11:22:04: [L:004] onLibLoaded: gui/flash/TankCarousel.swf
2018-05-08 11:22:04: [L:005] onLibLoaded: gui/flash/nodesLib.swf
2018-05-08 11:22:04: [L:006] onLibLoaded: gui/flash/crew.swf
2018-05-08 11:22:04: [L:007] onLibLoaded: ../../res_mods/mods/xfw_packages/xvm_lobby/as_lobby/xvm_lobby_ui.swf
2018-05-08 11:22:37: [INFO]    HTTPS: /4.0/getToken/93bb2371-****-****-****-********7172/501607183
2018-05-08 11:22:37: [INFO]    Time: 200 ms, Size: 276 (276) bytes
2018-05-08 11:22:37: [INFO]    HTTPS: /4.0/getVersionWithLimit/93bb2371-****-****-****-********7172/501607183/50
2018-05-08 11:22:37: [INFO]    Time: 268 ms, Size: 10618 (10618) bytes
2018-05-08 11:22:38: [L:008] onLibLoaded: gui/flash/guiControlsLobbyBattleDynamic.swf
2018-05-08 11:22:38: [L:009] onLibLoaded: gui/flash/guiControlsLobbyDynamic.swf
2018-05-08 11:22:38: [L:010] onLibLoaded: gui/flash/popovers.swf
2018-05-08 11:22:38: [L:011] onLibLoaded: gui/flash/IconLibrary.swf
2018-05-08 11:22:38: [L:012] [XVM:LOBBY] processView: lobby
2018-05-08 11:22:38: [INFO]    HTTPS: /4.0/getOnlineUsersCount/501607183
2018-05-08 11:22:38: [INFO]    Time: 260 ms, Size: 628 (628) bytes
2018-05-08 11:22:39: xvm_integrity results: correct!
2018-05-08 11:22:39: [L:013] [XVM:LOBBY] processView: hangar
2018-05-08 11:22:40: [INFO]    HTTPS: /4.0/getStatsByNick/93bb2371-****-****-****-********7172/EU/elektrosmoker
2018-05-08 11:22:41: [INFO]    Time: 772 ms, Size: 8370 (8370) bytes
2018-05-08 11:22:41: [INFO]    HTTPS: /3.0/getComments/93bb2371-****-****-****-********7172
2018-05-08 11:23:38: [INFO]    HTTPS: /4.0/getOnlineUsersCount/501607183
2018-05-08 11:23:46: [INFO]    Time: 7786 ms, Size: 628 (628) bytes
2018-05-08 11:24:38: [INFO]    HTTPS: /4.0/getOnlineUsersCount/501607183
2018-05-08 11:24:46: [INFO]    Time: 8032 ms, Size: 628 (628) bytes
2018-05-08 11:25:38: [INFO]    HTTPS: /4.0/getOnlineUsersCount/501607183
2018-05-08 11:25:54: [INFO]    Time: 15964 ms, Size: 628 (628) bytes
2018-05-08 11:26:38: [INFO]    HTTPS: /4.0/getOnlineUsersCount/501607183
2018-05-08 11:26:55: [INFO]    Time: 16950 ms, Size: 628 (628) bytes
2018-05-08 11:27:38: [INFO]    HTTPS: /4.0/getOnlineUsersCount/501607183
2018-05-08 11:27:54: [INFO]    Time: 16255 ms, Size: 628 (628) bytes
2018-05-08 11:28:38: [INFO]    HTTPS: /4.0/getOnlineUsersCount/501607183
2018-05-08 11:28:55: [INFO]    Time: 16854 ms, Size: 628 (628) bytes
2018-05-08 11:29:38: [INFO]    HTTPS: /4.0/getOnlineUsersCount/501607183
2018-05-08 11:29:55: [INFO]    Time: 17089 ms, Size: 628 (628) bytes
2018-05-08 11:30:38: [INFO]    HTTPS: /4.0/getOnlineUsersCount/501607183
2018-05-08 11:30:54: [INFO]    Time: 16687 ms, Size: 628 (628) bytes
2018-05-08 11:31:38: [INFO]    HTTPS: /4.0/getOnlineUsersCount/501607183
2018-05-08 11:31:54: [INFO]    Time: 15783 ms, Size: 628 (628) bytes
2018-05-08 11:32:38: [INFO]    HTTPS: /4.0/getOnlineUsersCount/501607183
2018-05-08 11:32:54: [INFO]    Time: 16180 ms, Size: 628 (628) bytes
2018-05-08 11:33:38: [INFO]    HTTPS: /4.0/getOnlineUsersCount/501607183
2018-05-08 11:33:54: [INFO]    Time: 16480 ms, Size: 628 (628) bytes
2018-05-08 11:34:38: [INFO]    HTTPS: /4.0/getOnlineUsersCount/501607183
2018-05-08 11:34:55: [INFO]    Time: 16888 ms, Size: 628 (628) bytes
2018-05-08 11:35:38: [INFO]    HTTPS: /4.0/getOnlineUsersCount/501607183
2018-05-08 11:35:55: [INFO]    Time: 16766 ms, Size: 628 (628) bytes
2018-05-08 11:36:38: [INFO]    HTTPS: /4.0/getOnlineUsersCount/501607183
2018-05-08 11:36:45: [INFO]    Time: 7403 ms, Size: 628 (628) bytes
2018-05-08 11:37:38: [INFO]    HTTPS: /4.0/getOnlineUsersCount/501607183
2018-05-08 11:37:46: [INFO]    Time: 8589 ms, Size: 628 (628) bytes
2018-05-08 11:38:20: [L:014] [XVM:LOBBY] processView: ContactsPopover
2018-05-08 11:38:20: [L:015] onLibLoaded: ../../res_mods/mods/xfw_packages/xvm_lobby/as_lobby/xvm_lobbycontacts_ui.swf
2018-05-08 11:38:35: [L:016] onLibLoaded: gui/flash/popovers.swf
2018-05-08 11:38:35: [L:017] onLibLoaded: gui/flash/guiControlsLobbyBattleDynamic.swf
2018-05-08 11:38:38: [INFO]    HTTPS: /4.0/getOnlineUsersCount/501607183
2018-05-08 11:38:44: [INFO]    Time: 6085 ms, Size: 628 (628) bytes
2018-05-08 11:39:38: [INFO]    HTTPS: /4.0/getOnlineUsersCount/501607183
2018-05-08 11:39:38: [INFO]    Time: 288 ms, Size: 628 (628) bytes
2018-05-08 11:40:38: [L:018] onLibLoaded: gui/flash/popovers.swf
2018-05-08 11:40:38: [L:019] onLibLoaded: gui/flash/guiControlsLobbyBattleDynamic.swf
2018-05-08 11:40:38: [INFO]    HTTPS: /4.0/getOnlineUsersCount/501607183
2018-05-08 11:40:44: [INFO]    Time: 5867 ms, Size: 628 (628) bytes
2018-05-08 11:41:38: [INFO]    HTTPS: /4.0/getOnlineUsersCount/501607183
2018-05-08 11:41:42: [INFO]    Time: 4721 ms, Size: 628 (628) bytes
2018-05-08 11:42:01: [L:020] onLibLoaded: gui/flash/popovers.swf
2018-05-08 11:42:01: [L:021] onLibLoaded: gui/flash/guiControlsLobbyBattleDynamic.swf
2018-05-08 11:42:17: [L:022] onLibLoaded: gui/flash/popovers.swf
2018-05-08 11:42:17: [L:023] onLibLoaded: gui/flash/guiControlsLobbyBattleDynamic.swf
2018-05-08 11:42:38: [INFO]    HTTPS: /4.0/getOnlineUsersCount/501607183
2018-05-08 11:42:47: [INFO]    Time: 8946 ms, Size: 628 (628) bytes
2018-05-08 11:43:38: [INFO]    HTTPS: /4.0/getOnlineUsersCount/501607183
2018-05-08 11:43:41: [INFO]    Time: 3384 ms, Size: 628 (628) bytes
2018-05-08 11:43:42: [L:024] [XVM:LOBBY] processView: login
2018-05-08 11:44:17: [INFO]    HTTPS: /4.0/getToken/93bb2371-****-****-****-********7172/501607183
2018-05-08 11:44:17: [INFO]    Time: 197 ms, Size: 276 (276) bytes
2018-05-08 11:44:17: [INFO]    HTTPS: /4.0/getVersionWithLimit/93bb2371-****-****-****-********7172/501607183/50
2018-05-08 11:44:17: [INFO]    Time: 236 ms, Size: 10618 (10618) bytes
2018-05-08 11:44:18: [L:025] onLibLoaded: gui/flash/guiControlsLobbyBattleDynamic.swf
2018-05-08 11:44:18: [L:026] onLibLoaded: gui/flash/guiControlsLobbyDynamic.swf
2018-05-08 11:44:18: [L:027] onLibLoaded: gui/flash/popovers.swf
2018-05-08 11:44:18: [L:028] onLibLoaded: gui/flash/IconLibrary.swf
2018-05-08 11:44:18: [L:029] [XVM:LOBBY] processView: lobby
2018-05-08 11:44:18: [INFO]    HTTPS: /4.0/getOnlineUsersCount/501607183
2018-05-08 11:44:18: [L:030] [XVM:LOBBY] processView: hangar
2018-05-08 11:44:18: [INFO]    Time: 290 ms, Size: 628 (628) bytes
2018-05-08 11:44:19: [L:031] [XVM:LOBBY] processView: prb_windows/squadWindow
2018-05-08 11:44:30: [XMQP] Connecting to xmqp1.modxvm.com
2018-05-08 11:44:31: [B:000] onLibLoaded: ../../res_mods/mods/xfw_packages/xvm_battle/as_battle_classic/xvm_battle_classic.swf
2018-05-08 11:44:31: [B:001] [XVM:BATTLE] processView: classicBattlePage
2018-05-08 11:44:31: [B:002] [BattleLoading]
                               XVM_VERSION=7.6.0 #8322 for WoT 1.0.1.0
                               gameRegion=EU
                               configVersion=6.1.0
                               autoReloadConfig=false
                               markers.enabled=true
                               servicesActive=true
                               xmqp=true
                               statBattle=true
2018-05-08 11:44:33: [B:003] [XFW] Mod loaded: xvm_battle_classic.swf
2018-05-08 11:44:34: [INFO]    HTTPS: /4.0/getStats/93bb2371-****-****-****-********7172/528784153=19713,538536478=58913,528091497=15393,510135200=2849,508930599=18449,506132649=18209,527129005=5377,507177011=7425,501158197=19489,523721784=17217,514323902=8449,501815488=5713,529041089=11073,501913227=18705,501593207=51361,516902737=2849,519922784=7457,517408617=13089,534282093=8225,509920887=9233,531294077=2593,534477568=2209,536369537=2209,513953283=11009,501751430=12049,504824586=8481,511630091=9985,501607183=51361=1,506657044=50193,500200215=19713
2018-05-08 11:44:35: [INFO]    Time: 1031 ms, Size: 13982 (13982) bytes
2018-05-08 11:44:40: [VM]    initialized
2018-05-08 11:44:40: [VM] registered
2018-05-08 11:51:22: [L:000] onLibLoaded: ../../res_mods/mods/xfw_packages/xvm_lobby/as_lobby/xvm_lobby.swf
2018-05-08 11:51:22: [L:001] [XFW] Mod loaded: xvm_lobby.swf
2018-05-08 11:51:22: [L:002] onLibLoaded: gui/flash/battleResults.swf
2018-05-08 11:51:22: [L:003] onLibLoaded: gui/flash/TankCarousel.swf
2018-05-08 11:51:22: [L:004] onLibLoaded: gui/flash/nodesLib.swf
2018-05-08 11:51:22: [L:005] onLibLoaded: gui/flash/crew.swf
2018-05-08 11:51:22: [L:006] onLibLoaded: ../../res_mods/mods/xfw_packages/xvm_lobby/as_lobby/xvm_lobby_ui.swf
2018-05-08 11:51:25: [L:007] onLibLoaded: gui/flash/guiControlsLobbyBattleDynamic.swf
2018-05-08 11:51:25: [L:008] onLibLoaded: gui/flash/guiControlsLobbyDynamic.swf
2018-05-08 11:51:25: [L:009] onLibLoaded: gui/flash/popovers.swf
2018-05-08 11:51:25: [L:010] onLibLoaded: gui/flash/IconLibrary.swf
2018-05-08 11:51:25: [L:011] [XVM:LOBBY] processView: lobby
2018-05-08 11:51:25: [INFO]    HTTPS: /4.0/getOnlineUsersCount/501607183
2018-05-08 11:51:26: [L:012] [XVM:LOBBY] processView: prb_windows/squadWindow
2018-05-08 11:51:26: [L:013] [XVM:LOBBY] processView: hangar
2018-05-08 11:51:26: [INFO]    Time: 393 ms, Size: 628 (628) bytes
2018-05-08 11:51:27: [L:014] [XVM:LOBBY] processView: battleResults
2018-05-08 11:52:25: [INFO]    HTTPS: /4.0/getOnlineUsersCount/501607183
2018-05-08 11:52:31: [INFO]    Time: 6239 ms, Size: 628 (628) bytes
2018-05-08 11:52:34: [XMQP] Connecting to xmqp6.modxvm.com
2018-05-08 11:52:36: [B:000] onLibLoaded: ../../res_mods/mods/xfw_packages/xvm_battle/as_battle_classic/xvm_battle_classic.swf
2018-05-08 11:52:36: [B:001] [XVM:BATTLE] processView: classicBattlePage
2018-05-08 11:52:36: [B:002] [BattleLoading]
                               XVM_VERSION=7.6.0 #8322 for WoT 1.0.1.0
                               gameRegion=EU
                               configVersion=6.1.0
                               autoReloadConfig=false
                               markers.enabled=true
                               servicesActive=true
                               xmqp=true
                               statBattle=true
2018-05-08 11:52:37: [B:003] [XFW] Mod loaded: xvm_battle_classic.swf
2018-05-08 11:52:38: [INFO]    HTTPS: /4.0/getStats/93bb2371-****-****-****-********7172/514884804=50961,543209159=17473,545941070=64065,502084067=50193,526303188=5969,526416222=21505,537599585=60177,518677730=2209,514020067=18177,519850084=5137,510566503=51361,506747369=7425,546758635=10513,543986671=50193,501593207=51361,513131772=19713,540945918=51361,501607183=51361=1,538763922=51361,500662165=4961,501972248=4929,511776836=8737,528050076=5377,504652574=19713,501341215=18705,525239205=58657,500618108=18705,502011826=7953,551686464=50193,505259458=15393
2018-05-08 11:52:39: [INFO]    Time: 815 ms, Size: 13647 (13647) bytes
2018-05-08 11:52:45: [VM]    initialized
2018-05-08 11:52:45: [VM] registered
2018-05-08 12:00:59: [L:000] onLibLoaded: ../../res_mods/mods/xfw_packages/xvm_lobby/as_lobby/xvm_lobby.swf
2018-05-08 12:00:59: [L:001] [XFW] Mod loaded: xvm_lobby.swf
2018-05-08 12:00:59: [L:002] onLibLoaded: gui/flash/battleResults.swf
2018-05-08 12:00:59: [L:003] onLibLoaded: gui/flash/TankCarousel.swf
2018-05-08 12:00:59: [L:004] onLibLoaded: gui/flash/nodesLib.swf
2018-05-08 12:00:59: [L:005] onLibLoaded: gui/flash/crew.swf
2018-05-08 12:00:59: [L:006] onLibLoaded: ../../res_mods/mods/xfw_packages/xvm_lobby/as_lobby/xvm_lobby_ui.swf
2018-05-08 12:01:03: [L:007] onLibLoaded: gui/flash/guiControlsLobbyBattleDynamic.swf
2018-05-08 12:01:03: [L:008] onLibLoaded: gui/flash/guiControlsLobbyDynamic.swf
2018-05-08 12:01:03: [L:009] onLibLoaded: gui/flash/popovers.swf
2018-05-08 12:01:03: [L:010] onLibLoaded: gui/flash/IconLibrary.swf
2018-05-08 12:01:03: [L:011] [XVM:LOBBY] processView: lobby
2018-05-08 12:01:03: [INFO]    HTTPS: /4.0/getOnlineUsersCount/501607183
2018-05-08 12:01:03: [L:012] [XVM:LOBBY] processView: prb_windows/squadWindow
2018-05-08 12:01:03: [L:013] [XVM:LOBBY] processView: hangar
2018-05-08 12:01:03: [INFO]    Time: 408 ms, Size: 628 (628) bytes
2018-05-08 12:01:04: [L:014] [XVM:LOBBY] processView: battleResults
2018-05-08 12:01:23: [XMQP] Connecting to xmqp6.modxvm.com
2018-05-08 12:01:24: [B:000] onLibLoaded: ../../res_mods/mods/xfw_packages/xvm_battle/as_battle_classic/xvm_battle_classic.swf
2018-05-08 12:01:24: [B:001] [XVM:BATTLE] processView: classicBattlePage
2018-05-08 12:01:24: [B:002] [BattleLoading]
                               XVM_VERSION=7.6.0 #8322 for WoT 1.0.1.0
                               gameRegion=EU
                               configVersion=6.1.0
                               autoReloadConfig=false
                               markers.enabled=true
                               servicesActive=true
                               xmqp=true
                               statBattle=true
2018-05-08 12:01:24: [INFO]    HTTPS: /4.0/getStats/93bb2371-****-****-****-********7172/503011714=817,505057541=4481,505497352=4433,516840713=4961,518341002=5697,540297868=18433,501607183=51361=1,508200602=63041,500568478=21249,511208739=18433,550263079=7425,502385837=2849,505655988=13345,515937977=64049,512654139=4225,517819071=2657,526870594=21249,522714959=2865,505121754=55313,501170404=21505,501158248=9985,508211306=64065,513989671=18177,505821804=7953,519330415=19713,513805043=52097,501593207=51361,528416831=5377,535690986=4225,510705279=4929
2018-05-08 12:01:26: [B:003] [XFW] Mod loaded: xvm_battle_classic.swf
2018-05-08 12:01:27: [INFO]    Time: 3238 ms, Size: 13864 (13864) bytes
2018-05-08 12:02:01: [VM]    initialized
2018-05-08 12:02:02: [VM] registered
2018-05-08 12:08:39: [L:000] onLibLoaded: ../../res_mods/mods/xfw_packages/xvm_lobby/as_lobby/xvm_lobby.swf
2018-05-08 12:08:39: [L:001] [XFW] Mod loaded: xvm_lobby.swf
2018-05-08 12:08:39: [L:002] onLibLoaded: gui/flash/battleResults.swf
2018-05-08 12:08:39: [L:003] onLibLoaded: gui/flash/TankCarousel.swf
2018-05-08 12:08:39: [L:004] onLibLoaded: gui/flash/nodesLib.swf
2018-05-08 12:08:39: [L:005] onLibLoaded: gui/flash/crew.swf
2018-05-08 12:08:39: [L:006] onLibLoaded: ../../res_mods/mods/xfw_packages/xvm_lobby/as_lobby/xvm_lobby_ui.swf
2018-05-08 12:08:42: [L:007] onLibLoaded: gui/flash/guiControlsLobbyBattleDynamic.swf
2018-05-08 12:08:42: [L:008] onLibLoaded: gui/flash/guiControlsLobbyDynamic.swf
2018-05-08 12:08:42: [L:009] onLibLoaded: gui/flash/popovers.swf
2018-05-08 12:08:42: [L:010] onLibLoaded: gui/flash/IconLibrary.swf
2018-05-08 12:08:42: [L:011] [XVM:LOBBY] processView: lobby
2018-05-08 12:08:42: [INFO]    HTTPS: /4.0/getOnlineUsersCount/501607183
2018-05-08 12:08:43: [L:012] [XVM:LOBBY] processView: prb_windows/squadWindow
2018-05-08 12:08:43: [L:013] [XVM:LOBBY] processView: hangar
2018-05-08 12:08:43: [INFO]    Time: 384 ms, Size: 629 (629) bytes
2018-05-08 12:08:44: [L:014] [XVM:LOBBY] processView: battleResults
2018-05-08 12:09:42: [INFO]    HTTPS: /4.0/getOnlineUsersCount/501607183
2018-05-08 12:09:44: [INFO]    Time: 2123 ms, Size: 629 (629) bytes
2018-05-08 12:09:45: [XMQP] Connecting to xmqp5.modxvm.com
2018-05-08 12:09:46: [B:000] onLibLoaded: ../../res_mods/mods/xfw_packages/xvm_battle/as_battle_classic/xvm_battle_classic.swf
2018-05-08 12:09:46: [B:001] [XVM:BATTLE] processView: classicBattlePage
2018-05-08 12:09:46: [B:002] [BattleLoading]
                               XVM_VERSION=7.6.0 #8322 for WoT 1.0.1.0
                               gameRegion=EU
                               configVersion=6.1.0
                               autoReloadConfig=false
                               markers.enabled=true
                               servicesActive=true
                               xmqp=true
                               statBattle=true
2018-05-08 12:09:46: [INFO]    HTTPS: /4.0/getStats/93bb2371-****-****-****-********7172/511359619=4097,543300873=4225,512273420=9489,501607183=50193=1,522765315=5681,500698005=6225,543065880=13089,517338654=9745,513188517=20481,511719470=20225,546701490=1585,549240885=52097,500242615=15377,501473729=11521,513881928=16161,501593207=51361,535502796=3649,522289747=15377,525640147=15377,539688149=51361,540286939=1921,509134302=9985,504669536=18177,501662180=21249,508464616=8449,501321961=2593,501255279=2161,505447443=14865,501104887=2721,532165077=51361
2018-05-08 12:09:47: [B:003] [XFW] Mod loaded: xvm_battle_classic.swf
2018-05-08 12:09:49: [INFO]    Time: 3205 ms, Size: 13636 (13636) bytes
2018-05-08 12:09:57: [VM]    initialized
2018-05-08 12:09:57: [VM] registered
2018-05-08 12:13:28: [L:000] onLibLoaded: ../../res_mods/mods/xfw_packages/xvm_lobby/as_lobby/xvm_lobby.swf
2018-05-08 12:13:28: [L:001] [XFW] Mod loaded: xvm_lobby.swf
2018-05-08 12:13:29: [L:002] onLibLoaded: gui/flash/battleResults.swf
2018-05-08 12:13:29: [L:003] onLibLoaded: gui/flash/TankCarousel.swf
2018-05-08 12:13:29: [L:004] onLibLoaded: gui/flash/nodesLib.swf
2018-05-08 12:13:29: [L:005] onLibLoaded: gui/flash/crew.swf
2018-05-08 12:13:29: [L:006] onLibLoaded: ../../res_mods/mods/xfw_packages/xvm_lobby/as_lobby/xvm_lobby_ui.swf
2018-05-08 12:13:29: [L:007] onLibLoaded: gui/flash/guiControlsLobbyBattleDynamic.swf
2018-05-08 12:13:29: [L:008] onLibLoaded: gui/flash/guiControlsLobbyDynamic.swf
2018-05-08 12:13:29: [L:009] onLibLoaded: gui/flash/popovers.swf
2018-05-08 12:13:29: [L:010] onLibLoaded: gui/flash/IconLibrary.swf
2018-05-08 12:13:29: [L:011] [XVM:LOBBY] processView: lobby
2018-05-08 12:13:29: [INFO]    HTTPS: /4.0/getOnlineUsersCount/501607183
2018-05-08 12:13:29: [L:012] [XVM:LOBBY] processView: prb_windows/squadWindow
2018-05-08 12:13:29: [L:013] [XVM:LOBBY] processView: hangar
2018-05-08 12:13:29: [INFO]    Time: 433 ms, Size: 629 (629) bytes
2018-05-08 12:13:52: [XMQP] Connecting to xmqp8.modxvm.com
2018-05-08 12:13:54: [B:000] onLibLoaded: ../../res_mods/mods/xfw_packages/xvm_battle/as_battle_classic/xvm_battle_classic.swf
2018-05-08 12:13:54: [B:001] [XVM:BATTLE] processView: classicBattlePage
2018-05-08 12:13:54: [B:002] [BattleLoading]
                               XVM_VERSION=7.6.0 #8322 for WoT 1.0.1.0
                               gameRegion=EU
                               configVersion=6.1.0
                               autoReloadConfig=false
                               markers.enabled=true
                               servicesActive=true
                               xmqp=true
                               statBattle=true
2018-05-08 12:13:54: [INFO]    HTTPS: /4.0/getStats/93bb2371-****-****-****-********7172/554868359=1809,523002249=1153,504361614=14145,501607183=10529=1,526944656=1185,553114388=1185,509291160=1185,503546138=1185,546609178=1185,503979807=9793,532394400=6481,536685733=1809,542517929=7713,538821311=1185,524587076=1441,523790149=15633,514067143=1441,518947146=1185,504872013=10529,505048270=10529,504331858=14657,501089876=1185,507915094=18193,548526427=5153,517187172=1633,516501990=1809,517727462=897,503264368=257,553661430=6481,536924031=1057
2018-05-08 12:13:55: [B:003] [XFW] Mod loaded: xvm_battle_classic.swf
2018-05-08 12:13:57: [INFO]    Time: 2900 ms, Size: 12694 (12694) bytes
2018-05-08 12:14:03: [VM]    initialized
2018-05-08 12:14:03: [VM] registered
2018-05-08 12:20:25: [L:000] onLibLoaded: ../../res_mods/mods/xfw_packages/xvm_lobby/as_lobby/xvm_lobby.swf
2018-05-08 12:20:25: [L:001] [XFW] Mod loaded: xvm_lobby.swf
2018-05-08 12:20:25: [L:002] onLibLoaded: gui/flash/battleResults.swf
2018-05-08 12:20:25: [L:003] onLibLoaded: gui/flash/TankCarousel.swf
2018-05-08 12:20:25: [L:004] onLibLoaded: gui/flash/nodesLib.swf
2018-05-08 12:20:25: [L:005] onLibLoaded: gui/flash/crew.swf
2018-05-08 12:20:25: [L:006] onLibLoaded: ../../res_mods/mods/xfw_packages/xvm_lobby/as_lobby/xvm_lobby_ui.swf
2018-05-08 12:20:30: [L:007] onLibLoaded: gui/flash/guiControlsLobbyBattleDynamic.swf
2018-05-08 12:20:30: [L:008] onLibLoaded: gui/flash/guiControlsLobbyDynamic.swf
2018-05-08 12:20:30: [L:009] onLibLoaded: gui/flash/popovers.swf
2018-05-08 12:20:30: [L:010] onLibLoaded: gui/flash/IconLibrary.swf
2018-05-08 12:20:30: [L:011] [XVM:LOBBY] processView: lobby
2018-05-08 12:20:30: [INFO]    HTTPS: /4.0/getOnlineUsersCount/501607183
2018-05-08 12:20:30: [L:012] [XVM:LOBBY] processView: hangar
2018-05-08 12:20:30: [INFO]    Time: 357 ms, Size: 629 (629) bytes
2018-05-08 12:20:31: [L:013] [XVM:LOBBY] processView: battleResults
2018-05-08 12:20:31: [L:014] [XVM:LOBBY] processView: battleResults
2018-05-08 12:21:11: [L:015] [XVM:LOBBY] processView: ContactsPopover
2018-05-08 12:21:11: [L:016] onLibLoaded: ../../res_mods/mods/xfw_packages/xvm_lobby/as_lobby/xvm_lobbycontacts_ui.swf
2018-05-08 12:21:30: [INFO]    HTTPS: /4.0/getOnlineUsersCount/501607183
2018-05-08 12:21:37: [INFO]    Time: 7132 ms, Size: 629 (629) bytes
2018-05-08 12:22:30: [INFO]    HTTPS: /4.0/getOnlineUsersCount/501607183
2018-05-08 12:22:35: [L:017] [XVM:LOBBY] processView: ContactsPopover
2018-05-08 12:22:35: [INFO]    Time: 5758 ms, Size: 629 (629) bytes
2018-05-08 12:22:41: [XMQP] Connecting to xmqp6.modxvm.com
2018-05-08 12:22:42: [B:000] onLibLoaded: ../../res_mods/mods/xfw_packages/xvm_battle/as_battle_classic/xvm_battle_classic.swf
2018-05-08 12:22:42: [B:001] [XVM:BATTLE] processView: classicBattlePage
2018-05-08 12:22:42: [B:002] [BattleLoading]
                               XVM_VERSION=7.6.0 #8322 for WoT 1.0.1.0
                               gameRegion=EU
                               configVersion=6.1.0
                               autoReloadConfig=false
                               markers.enabled=true
                               servicesActive=true
                               xmqp=true
                               statBattle=true
2018-05-08 12:22:42: [INFO]    HTTPS: /4.0/getStats/93bb2371-****-****-****-********7172/501556139=58113,528811269=849,504485638=1185,503942542=1185,532838415=7185,514688912=6721,521436050=1185,531381012=1153,501607183=10529=1,503219234=1441,535856036=18193,504232997=1185,526402598=11777,506825387=1697,517701556=897,551495989=1185,537500088=1537,505116475=1441,502636737=5169,538802758=1089,534177358=1185,502755792=4689,501301595=5729,513027806=1185,546579434=1441,516988399=10529,548445939=2817,509004918=849,550139642=849,553656959=1537
2018-05-08 12:22:44: [B:003] [XFW] Mod loaded: xvm_battle_classic.swf
2018-05-08 12:22:45: [INFO]    Time: 3063 ms, Size: 13013 (13013) bytes
2018-05-08 12:22:52: [VM]    initialized
2018-05-08 12:22:52: [VM] registered
2018-05-08 12:27:28: [L:000] onLibLoaded: ../../res_mods/mods/xfw_packages/xvm_lobby/as_lobby/xvm_lobby.swf
2018-05-08 12:27:28: [L:001] [XFW] Mod loaded: xvm_lobby.swf
2018-05-08 12:27:28: [L:002] onLibLoaded: gui/flash/battleResults.swf
2018-05-08 12:27:28: [L:003] onLibLoaded: gui/flash/TankCarousel.swf
2018-05-08 12:27:28: [L:004] onLibLoaded: gui/flash/nodesLib.swf
2018-05-08 12:27:28: [L:005] onLibLoaded: gui/flash/crew.swf
2018-05-08 12:27:28: [L:006] onLibLoaded: ../../res_mods/mods/xfw_packages/xvm_lobby/as_lobby/xvm_lobby_ui.swf
2018-05-08 12:27:32: [L:007] onLibLoaded: gui/flash/guiControlsLobbyBattleDynamic.swf
2018-05-08 12:27:32: [L:008] onLibLoaded: gui/flash/guiControlsLobbyDynamic.swf
2018-05-08 12:27:32: [L:009] onLibLoaded: gui/flash/popovers.swf
2018-05-08 12:27:32: [L:010] onLibLoaded: gui/flash/IconLibrary.swf
2018-05-08 12:27:32: [L:011] [XVM:LOBBY] processView: lobby
2018-05-08 12:27:32: [INFO]    HTTPS: /4.0/getOnlineUsersCount/501607183
2018-05-08 12:27:32: [L:012] [XVM:LOBBY] processView: hangar
2018-05-08 12:27:32: [INFO]    Time: 343 ms, Size: 629 (629) bytes
2018-05-08 12:27:33: [L:013] [XVM:LOBBY] processView: battleResults
2018-05-08 12:27:51: [XMQP] Connecting to xmqp5.modxvm.com
2018-05-08 12:27:52: [B:000] onLibLoaded: ../../res_mods/mods/xfw_packages/xvm_battle/as_battle_classic/xvm_battle_classic.swf
2018-05-08 12:27:52: [B:001] [XVM:BATTLE] processView: classicBattlePage
2018-05-08 12:27:52: [B:002] [BattleLoading]
                               XVM_VERSION=7.6.0 #8322 for WoT 1.0.1.0
                               gameRegion=EU
                               configVersion=6.1.0
                               autoReloadConfig=false
                               markers.enabled=true
                               servicesActive=true
                               xmqp=true
                               statBattle=true
2018-05-08 12:27:52: [INFO]    HTTPS: /4.0/getStats/93bb2371-****-****-****-********7172/554834394=1057,554050530=1,501663204=1441,508682836=257,552952455=6417,553749257=1057,524237450=10529,501607183=10529=1,519692560=7217,505183377=54353,527583379=6417,513970196=4657,506870944=1441,504667810=257,541332131=4657,500700330=6417,541198507=1441,536266290=6721,554426552=5649,545599678=1137,547104959=1041,504548296=11777,500410444=33,500951498=1441,503086924=2897,506904141=1137,504353102=16385,527709261=1441,525455568=3361,514532436=18689
2018-05-08 12:27:54: [B:003] [XFW] Mod loaded: xvm_battle_classic.swf
2018-05-08 12:27:55: [INFO]    Time: 3081 ms, Size: 13104 (13104) bytes
2018-05-08 12:28:02: [VM]    initialized
2018-05-08 12:28:02: [VM] registered
2018-05-08 12:32:39: [L:000] onLibLoaded: ../../res_mods/mods/xfw_packages/xvm_lobby/as_lobby/xvm_lobby.swf
2018-05-08 12:32:39: [L:001] [XFW] Mod loaded: xvm_lobby.swf
2018-05-08 12:32:40: [L:002] onLibLoaded: gui/flash/battleResults.swf
2018-05-08 12:32:40: [L:003] onLibLoaded: gui/flash/TankCarousel.swf
2018-05-08 12:32:40: [L:004] onLibLoaded: gui/flash/nodesLib.swf
2018-05-08 12:32:40: [L:005] onLibLoaded: gui/flash/crew.swf
2018-05-08 12:32:40: [L:006] onLibLoaded: ../../res_mods/mods/xfw_packages/xvm_lobby/as_lobby/xvm_lobby_ui.swf
2018-05-08 12:32:40: [L:007] onLibLoaded: gui/flash/guiControlsLobbyBattleDynamic.swf
2018-05-08 12:32:40: [L:008] onLibLoaded: gui/flash/guiControlsLobbyDynamic.swf
2018-05-08 12:32:40: [L:009] onLibLoaded: gui/flash/popovers.swf
2018-05-08 12:32:40: [L:010] onLibLoaded: gui/flash/IconLibrary.swf
2018-05-08 12:32:40: [L:011] [XVM:LOBBY] processView: lobby
2018-05-08 12:32:40: [INFO]    HTTPS: /4.0/getOnlineUsersCount/501607183
2018-05-08 12:32:41: [L:012] [XVM:LOBBY] processView: hangar
2018-05-08 12:32:41: [INFO]    Time: 332 ms, Size: 593 (593) bytes
2018-05-08 12:32:48: [L:013] [XVM:LOBBY] processView: ContactsPopover
2018-05-08 12:32:49: [L:014] onLibLoaded: ../../res_mods/mods/xfw_packages/xvm_lobby/as_lobby/xvm_lobbycontacts_ui.swf
2018-05-08 12:32:54: [L:015] [XVM:LOBBY] processView: ContactsPopover
2018-05-08 12:33:02: [L:016] [XVM:LOBBY] processView: prb_windows/squadWindow
2018-05-08 12:33:40: [XMQP] Connecting to xmqp8.modxvm.com
2018-05-08 12:33:41: [B:000] onLibLoaded: ../../res_mods/mods/xfw_packages/xvm_battle/as_battle_classic/xvm_battle_classic.swf
2018-05-08 12:33:41: [B:001] [XVM:BATTLE] processView: classicBattlePage
2018-05-08 12:33:41: [B:002] [BattleLoading]
                               XVM_VERSION=7.6.0 #8322 for WoT 1.0.1.0
                               gameRegion=EU
                               configVersion=6.1.0
                               autoReloadConfig=false
                               markers.enabled=true
                               servicesActive=true
                               xmqp=true
                               statBattle=true
2018-05-08 12:33:41: [INFO]    HTTPS: /4.0/getStats/93bb2371-****-****-****-********7172/520755201=21249,504311940=2593,511471621=9985,505437064=5377,550429378=11601,501607183=50193=1,514702739=4193,503896212=18209,531631643=14625,532829981=11521,513316384=14625,514147109=16161,500746799=19713,500059316=7457,504974774=59905,501206328=58913,542457530=55633,505594741=50193,539330754=55313,516908234=4097,503032141=61505,529705807=9985,518642008=17473,536394206=13345,518626149=49,505447315=4929,508742517=13313,518972022=19713,501593207=55633,511878719=16657
2018-05-08 12:33:43: [B:003] [XFW] Mod loaded: xvm_battle_classic.swf
2018-05-08 12:33:44: [INFO]    Time: 3028 ms, Size: 13877 (13877) bytes
2018-05-08 12:33:54: [VM]    initialized
2018-05-08 12:33:54: [VM] registered
2018-05-08 12:40:04: [L:000] onLibLoaded: ../../res_mods/mods/xfw_packages/xvm_lobby/as_lobby/xvm_lobby.swf
2018-05-08 12:40:04: [L:001] [XFW] Mod loaded: xvm_lobby.swf
2018-05-08 12:40:05: [L:002] onLibLoaded: gui/flash/battleResults.swf
2018-05-08 12:40:05: [L:003] onLibLoaded: gui/flash/TankCarousel.swf
2018-05-08 12:40:05: [L:004] onLibLoaded: gui/flash/nodesLib.swf
2018-05-08 12:40:05: [L:005] onLibLoaded: gui/flash/crew.swf
2018-05-08 12:40:05: [L:006] onLibLoaded: ../../res_mods/mods/xfw_packages/xvm_lobby/as_lobby/xvm_lobby_ui.swf
2018-05-08 12:40:09: [L:007] onLibLoaded: gui/flash/guiControlsLobbyBattleDynamic.swf
2018-05-08 12:40:09: [L:008] onLibLoaded: gui/flash/guiControlsLobbyDynamic.swf
2018-05-08 12:40:09: [L:009] onLibLoaded: gui/flash/popovers.swf
2018-05-08 12:40:09: [L:010] onLibLoaded: gui/flash/IconLibrary.swf
2018-05-08 12:40:09: [L:011] [XVM:LOBBY] processView: lobby
2018-05-08 12:40:09: [INFO]    HTTPS: /4.0/getOnlineUsersCount/501607183
2018-05-08 12:40:09: [L:012] [XVM:LOBBY] processView: prb_windows/squadWindow
2018-05-08 12:40:09: [L:013] [XVM:LOBBY] processView: hangar
2018-05-08 12:40:09: [INFO]    Time: 391 ms, Size: 629 (629) bytes
2018-05-08 12:40:10: [L:014] [XVM:LOBBY] processView: battleResults
2018-05-08 12:40:32: [L:015] [XVM:LOBBY] processView: battleResults
2018-05-08 12:41:08: [INFO]    HTTPS: /4.0/getOnlineUsersCount/501607183
2018-05-08 12:41:15: [INFO]    Time: 6366 ms, Size: 629 (629) bytes
2018-05-08 12:42:08: [INFO]    HTTPS: /4.0/getOnlineUsersCount/501607183
2018-05-08 12:42:14: [INFO]    Time: 5876 ms, Size: 629 (629) bytes
2018-05-08 12:42:37: [XMQP] Connecting to xmqp2.modxvm.com
2018-05-08 12:42:38: [B:000] onLibLoaded: ../../res_mods/mods/xfw_packages/xvm_battle/as_battle_classic/xvm_battle_classic.swf
2018-05-08 12:42:38: [B:001] [XVM:BATTLE] processView: classicBattlePage
2018-05-08 12:42:38: [B:002] [BattleLoading]
                               XVM_VERSION=7.6.0 #8322 for WoT 1.0.1.0
                               gameRegion=EU
                               configVersion=6.1.0
                               autoReloadConfig=false
                               markers.enabled=true
                               servicesActive=true
                               xmqp=true
                               statBattle=true
2018-05-08 12:42:40: [B:003] [XFW] Mod loaded: xvm_battle_classic.swf
2018-05-08 12:42:41: [INFO]    HTTPS: /4.0/getStats/93bb2371-****-****-****-********7172/532175691=8449,548797254=7953,510625547=51361,540297868=50193,540272162=49,529047438=8449,501607183=50193=1,514246928=57889,505620882=7937,501140270=51361,501593207=55633,529958109=17473,534864103=4353,518895952=9985,516665314=21249,522776695=52097,507407462=61505,500119846=51361,503084711=16401,517381224=49665,502136171=50193,547770258=51361,542843566=61505,503371120=51361,504361777=2465,503108087=11521,543427064=62785,539037434=2097,511878719=16657,506320981=4481
2018-05-08 12:42:42: [INFO]    Time: 871 ms, Size: 13711 (13711) bytes
2018-05-08 12:42:49: [VM]    initialized
2018-05-08 12:42:49: [VM] registered
2018-05-08 12:47:45: [L:000] onLibLoaded: ../../res_mods/mods/xfw_packages/xvm_lobby/as_lobby/xvm_lobby.swf
2018-05-08 12:47:45: [L:001] [XFW] Mod loaded: xvm_lobby.swf
2018-05-08 12:47:46: [L:002] onLibLoaded: gui/flash/battleResults.swf
2018-05-08 12:47:46: [L:003] onLibLoaded: gui/flash/TankCarousel.swf
2018-05-08 12:47:46: [L:004] onLibLoaded: gui/flash/nodesLib.swf
2018-05-08 12:47:46: [L:005] onLibLoaded: gui/flash/crew.swf
2018-05-08 12:47:46: [L:006] onLibLoaded: ../../res_mods/mods/xfw_packages/xvm_lobby/as_lobby/xvm_lobby_ui.swf
2018-05-08 12:47:46: [L:007] onLibLoaded: gui/flash/guiControlsLobbyBattleDynamic.swf
2018-05-08 12:47:46: [L:008] onLibLoaded: gui/flash/guiControlsLobbyDynamic.swf
2018-05-08 12:47:46: [L:009] onLibLoaded: gui/flash/popovers.swf
2018-05-08 12:47:46: [L:010] onLibLoaded: gui/flash/IconLibrary.swf
2018-05-08 12:47:46: [L:011] [XVM:LOBBY] processView: lobby
2018-05-08 12:47:46: [INFO]    HTTPS: /4.0/getOnlineUsersCount/501607183
2018-05-08 12:47:46: [L:012] [XVM:LOBBY] processView: prb_windows/squadWindow
2018-05-08 12:47:46: [L:013] [XVM:LOBBY] processView: hangar
2018-05-08 12:47:47: [INFO]    Time: 542 ms, Size: 629 (629) bytes
2018-05-08 12:48:45: [XMQP] Connecting to xmqp2.modxvm.com
2018-05-08 12:48:47: [B:000] onLibLoaded: ../../res_mods/mods/xfw_packages/xvm_battle/as_battle_classic/xvm_battle_classic.swf
2018-05-08 12:48:47: [B:001] [XVM:BATTLE] processView: classicBattlePage
2018-05-08 12:48:47: [B:002] [BattleLoading]
                               XVM_VERSION=7.6.0 #8322 for WoT 1.0.1.0
                               gameRegion=EU
                               configVersion=6.1.0
                               autoReloadConfig=false
                               markers.enabled=true
                               servicesActive=true
                               xmqp=true
                               statBattle=true
2018-05-08 12:48:48: [B:003] [XFW] Mod loaded: xvm_battle_classic.swf
2018-05-08 12:48:49: [INFO]    HTTPS: /4.0/getStats/93bb2371-****-****-****-********7172/506470146=21249,508538372=4433,517323141=9745,501646598=7937,522412040=4481,503209483=16161,502692365=9745,501607183=16161=1,501489693=12305,515545760=5713,504349383=3937,546093682=19713,514374062=10257,506346032=6209,515499912=18209,511112926=21249,550739254=9505,549684792=18449,526014907=18177,535583158=18449,501294663=10257,501533137=15617,539710163=13905,506107349=6929,503802842=5425,524660958=7169,505407718=4145,523688940=12049,518090994=18177,501593207=16401
2018-05-08 12:48:50: [INFO]    Time: 887 ms, Size: 14144 (14144) bytes
2018-05-08 12:48:56: [VM]    initialized
2018-05-08 12:48:56: [VM] registered
2018-05-08 13:03:54: [L:000] onLibLoaded: ../../res_mods/mods/xfw_packages/xvm_lobby/as_lobby/xvm_lobby.swf
2018-05-08 13:03:54: [L:001] [XFW] Mod loaded: xvm_lobby.swf
2018-05-08 13:03:55: [L:002] onLibLoaded: gui/flash/battleResults.swf
2018-05-08 13:03:55: [L:003] onLibLoaded: gui/flash/TankCarousel.swf
2018-05-08 13:03:55: [L:004] onLibLoaded: gui/flash/nodesLib.swf
2018-05-08 13:03:55: [L:005] onLibLoaded: gui/flash/crew.swf
2018-05-08 13:03:55: [L:006] onLibLoaded: ../../res_mods/mods/xfw_packages/xvm_lobby/as_lobby/xvm_lobby_ui.swf
2018-05-08 13:04:04: [L:007] onLibLoaded: gui/flash/guiControlsLobbyBattleDynamic.swf
2018-05-08 13:04:04: [L:008] onLibLoaded: gui/flash/guiControlsLobbyDynamic.swf
2018-05-08 13:04:04: [L:009] onLibLoaded: gui/flash/popovers.swf
2018-05-08 13:04:04: [L:010] onLibLoaded: gui/flash/IconLibrary.swf
2018-05-08 13:04:04: [L:011] [XVM:LOBBY] processView: lobby
2018-05-08 13:04:04: [INFO]    HTTPS: /4.0/getOnlineUsersCount/501607183
2018-05-08 13:04:04: [L:012] [XVM:LOBBY] processView: prb_windows/squadWindow
2018-05-08 13:04:04: [L:013] [XVM:LOBBY] processView: hangar
2018-05-08 13:04:04: [INFO]    Time: 422 ms, Size: 593 (593) bytes
2018-05-08 13:04:05: [L:014] [XVM:LOBBY] processView: battleResults
2018-05-08 13:04:05: [L:015] [XVM:LOBBY] processView: battleResults
2018-05-08 13:05:03: [INFO]    HTTPS: /4.0/getOnlineUsersCount/501607183
2018-05-08 13:05:06: [L:016] [XVM:LOBBY] processView: hangar
2018-05-08 13:05:06: [INFO]    Time: 3095 ms, Size: 593 (593) bytes
2018-05-08 13:06:03: [INFO]    HTTPS: /4.0/getOnlineUsersCount/501607183
2018-05-08 13:06:11: [INFO]    Time: 7867 ms, Size: 593 (593) bytes
2018-05-08 13:07:03: [INFO]    HTTPS: /4.0/getOnlineUsersCount/501607183
2018-05-08 13:07:12: [INFO]    Time: 8385 ms, Size: 593 (593) bytes
2018-05-08 13:08:03: [INFO]    HTTPS: /4.0/getOnlineUsersCount/501607183
2018-05-08 13:08:12: [INFO]    Time: 8764 ms, Size: 593 (593) bytes
2018-05-08 13:09:03: [INFO]    HTTPS: /4.0/getOnlineUsersCount/501607183
2018-05-08 13:09:12: [INFO]    Time: 8555 ms, Size: 593 (593) bytes
2018-05-08 13:10:03: [INFO]    HTTPS: /4.0/getOnlineUsersCount/501607183
2018-05-08 13:10:12: [INFO]    Time: 8492 ms, Size: 593 (593) bytes
2018-05-08 13:11:03: [INFO]    HTTPS: /4.0/getOnlineUsersCount/501607183
2018-05-08 13:11:21: [INFO]    Time: 17363 ms, Size: 593 (593) bytes
2018-05-08 13:12:03: [INFO]    HTTPS: /4.0/getOnlineUsersCount/501607183
2018-05-08 13:12:20: [INFO]    Time: 16965 ms, Size: 593 (593) bytes
2018-05-08 13:13:03: [INFO]    HTTPS: /4.0/getOnlineUsersCount/501607183
2018-05-08 13:13:20: [INFO]    Time: 16766 ms, Size: 593 (593) bytes
2018-05-08 13:14:03: [INFO]    HTTPS: /4.0/getOnlineUsersCount/501607183
2018-05-08 13:14:21: [INFO]    Time: 17377 ms, Size: 593 (593) bytes
2018-05-08 13:15:03: [INFO]    HTTPS: /4.0/getOnlineUsersCount/501607183
2018-05-08 13:15:20: [INFO]    Time: 16972 ms, Size: 593 (593) bytes
2018-05-08 13:16:03: [INFO]    HTTPS: /4.0/getOnlineUsersCount/501607183
2018-05-08 13:16:20: [INFO]    Time: 17076 ms, Size: 593 (593) bytes
2018-05-08 13:17:03: [INFO]    HTTPS: /4.0/getOnlineUsersCount/501607183
2018-05-08 13:17:21: [INFO]    Time: 17466 ms, Size: 593 (593) bytes
2018-05-08 13:18:03: [INFO]    HTTPS: /4.0/getOnlineUsersCount/501607183
2018-05-08 13:18:21: [INFO]    Time: 17277 ms, Size: 593 (593) bytes
2018-05-08 13:19:03: [INFO]    HTTPS: /4.0/getOnlineUsersCount/501607183
2018-05-08 13:19:21: [INFO]    Time: 17273 ms, Size: 593 (593) bytes
2018-05-08 13:20:03: [INFO]    HTTPS: /4.0/getOnlineUsersCount/501607183
2018-05-08 13:20:21: [INFO]    Time: 17271 ms, Size: 593 (593) bytes
2018-05-08 13:21:03: [INFO]    HTTPS: /4.0/getOnlineUsersCount/501607183
2018-05-08 13:21:18: [INFO]    Time: 14671 ms, Size: 628 (628) bytes
2018-05-08 13:22:03: [INFO]    HTTPS: /4.0/getOnlineUsersCount/501607183
2018-05-08 13:22:22: [INFO]    Time: 18382 ms, Size: 628 (628) bytes
2018-05-08 13:23:03: [INFO]    HTTPS: /4.0/getOnlineUsersCount/501607183
2018-05-08 13:23:17: [INFO]    Time: 13168 ms, Size: 628 (628) bytes
2018-05-08 13:24:03: [INFO]    HTTPS: /4.0/getOnlineUsersCount/501607183
2018-05-08 13:24:21: [INFO]    Time: 17728 ms, Size: 628 (628) bytes
2018-05-08 13:25:03: [INFO]    HTTPS: /4.0/getOnlineUsersCount/501607183
2018-05-08 13:25:11: [INFO]    Time: 7273 ms, Size: 628 (628) bytes
2018-05-08 13:26:03: [INFO]    HTTPS: /4.0/getOnlineUsersCount/501607183
2018-05-08 13:26:11: [INFO]    Time: 7834 ms, Size: 628 (628) bytes
2018-05-08 13:27:03: [INFO]    HTTPS: /4.0/getOnlineUsersCount/501607183
2018-05-08 13:27:23: [INFO]    Time: 19238 ms, Size: 628 (628) bytes
2018-05-08 13:28:03: [INFO]    HTTPS: /4.0/getOnlineUsersCount/501607183
2018-05-08 13:28:14: [INFO]    Time: 10842 ms, Size: 629 (629) bytes
2018-05-08 13:29:03: [INFO]    HTTPS: /4.0/getOnlineUsersCount/501607183
2018-05-08 13:29:08: [INFO]    Time: 4935 ms, Size: 629 (629) bytes
2018-05-08 13:30:03: [INFO]    HTTPS: /4.0/getOnlineUsersCount/501607183
2018-05-08 13:30:08: [INFO]    Time: 4555 ms, Size: 629 (629) bytes
