Database Version: 0.9.20.1.2_2017-11-03_2
/*  Dependency_global_basic_folders  */
E:\Jeux\World_of_Tanks\res_mods/
E:\Jeux\World_of_Tanks\res_mods/0.9.20.1.2/
E:\Jeux\World_of_Tanks\mods/
E:\Jeux\World_of_Tanks\mods/0.9.20.1.2/
/*  Dependency_global_fonts_2017-08-21  */
E:\Jeux\World_of_Tanks\res_mods/
E:\Jeux\World_of_Tanks\res_mods/0.9.20.1.2/
E:\Jeux\World_of_Tanks\res_mods/0.9.20.1.2/system/
E:\Jeux\World_of_Tanks\res_mods/0.9.20.1.2/system/fonts/
E:\Jeux\World_of_Tanks\res_mods/0.9.20.1.2/system/fonts/Arial_12.dds
E:\Jeux\World_of_Tanks\res_mods/0.9.20.1.2/system/fonts/Courier_New_10.dds
E:\Jeux\World_of_Tanks\res_mods/0.9.20.1.2/system/fonts/Courier_New_11.dds
E:\Jeux\World_of_Tanks\res_mods/0.9.20.1.2/system/fonts/Courier_New_13.dds
E:\Jeux\World_of_Tanks\res_mods/0.9.20.1.2/system/fonts/Courier_New_15.dds
E:\Jeux\World_of_Tanks\res_mods/0.9.20.1.2/system/fonts/default_medium.font
E:\Jeux\World_of_Tanks\res_mods/0.9.20.1.2/system/fonts/default_small.font
E:\Jeux\World_of_Tanks\res_mods/0.9.20.1.2/system/fonts/default_smaller.font
E:\Jeux\World_of_Tanks\res_mods/0.9.20.1.2/system/fonts/HGSoeiKakugothicUB_12.dds
E:\Jeux\World_of_Tanks\res_mods/0.9.20.1.2/system/fonts/HGSoeiKakugothicUB_15.dds
E:\Jeux\World_of_Tanks\res_mods/0.9.20.1.2/system/fonts/HGSoeiKakugothicUB_20.dds
E:\Jeux\World_of_Tanks\res_mods/0.9.20.1.2/system/fonts/hpmp_panel.font
E:\Jeux\World_of_Tanks\res_mods/0.9.20.1.2/system/fonts/system_large.font
E:\Jeux\World_of_Tanks\res_mods/0.9.20.1.2/system/fonts/system_medium.font
E:\Jeux\World_of_Tanks\res_mods/0.9.20.1.2/system/fonts/system_small.font
E:\Jeux\World_of_Tanks\res_mods/0.9.20.1.2/system/fonts/system_tiny.font
E:\Jeux\World_of_Tanks\res_mods/0.9.20.1.2/system/fonts/Verdana_15.dds
E:\Jeux\World_of_Tanks\res_mods/0.9.20.1.2/system/fonts/Verdana_20.dds
E:\Jeux\World_of_Tanks\res_mods/0.9.20.1.2/system/fonts/verdana_medium.font
E:\Jeux\World_of_Tanks\res_mods/0.9.20.1.2/system/fonts/verdana_small.font
E:\Jeux\World_of_Tanks\_fonts/
E:\Jeux\World_of_Tanks\_fonts/Zero Threes.ttf
E:\Jeux\World_of_Tanks\_fonts/Agency FB Cyrillic.ttf
E:\Jeux\World_of_Tanks\_fonts/AgencyFB.ttf
E:\Jeux\World_of_Tanks\_fonts/Cuprum.ttf
E:\Jeux\World_of_Tanks\_fonts/DamageLog.otf
E:\Jeux\World_of_Tanks\_fonts/Univers Condensed.ttf
E:\Jeux\World_of_Tanks\_readme/
/*  Dependency_global_orig_xmls_0.9.20.1.2_2017-11-02  */
E:\Jeux\World_of_Tanks\res_mods/
E:\Jeux\World_of_Tanks\res_mods/0.9.20.1.2/
E:\Jeux\World_of_Tanks\res_mods/0.9.20.1.2/audioww/
E:\Jeux\World_of_Tanks\res_mods/0.9.20.1.2/audioww/audio_mods.xml
E:\Jeux\World_of_Tanks\res_mods/0.9.20.1.2/engine_config.xml
E:\Jeux\World_of_Tanks\res_mods/0.9.20.1.2/gui/
E:\Jeux\World_of_Tanks\res_mods/0.9.20.1.2/gui/avatar_input_handler.xml
E:\Jeux\World_of_Tanks\res_mods/0.9.20.1.2/gui/gui_sounds.xml
E:\Jeux\World_of_Tanks\res_mods/0.9.20.1.2/gui/music_events.xml
E:\Jeux\World_of_Tanks\res_mods/0.9.20.1.2/gui/soundModes/
E:\Jeux\World_of_Tanks\res_mods/0.9.20.1.2/gui/soundModes/main_sound_modes.xml
E:\Jeux\World_of_Tanks\res_mods/0.9.20.1.2/gui/sound_notifications.xml
E:\Jeux\World_of_Tanks\_readme/
/*  Dependency_global_ScriptloaderPro_1.25  */
E:\Jeux\World_of_Tanks\res_mods/
E:\Jeux\World_of_Tanks\res_mods/0.9.20.1.2/
E:\Jeux\World_of_Tanks\res_mods/0.9.20.1.2/scripts/
E:\Jeux\World_of_Tanks\res_mods/0.9.20.1.2/scripts/client/
E:\Jeux\World_of_Tanks\res_mods/0.9.20.1.2/scripts/client/gui/
E:\Jeux\World_of_Tanks\res_mods/0.9.20.1.2/scripts/client/gui/mods/
E:\Jeux\World_of_Tanks\res_mods/0.9.20.1.2/scripts/client/gui/mods/ScriptloaderPro/
E:\Jeux\World_of_Tanks\res_mods/0.9.20.1.2/scripts/client/gui/mods/ScriptloaderPro/Messenger_img.png
E:\Jeux\World_of_Tanks\res_mods/0.9.20.1.2/scripts/client/gui/mods/ScriptloaderPro/ScriptLoaderPRO.xml
E:\Jeux\World_of_Tanks\res_mods/0.9.20.1.2/scripts/client/gui/mods/__init__.pyc
E:\Jeux\World_of_Tanks\res_mods/0.9.20.1.2/scripts/client/mods/
E:\Jeux\World_of_Tanks\res_mods/0.9.20.1.2/scripts/client/mods/__init__.pyc
E:\Jeux\World_of_Tanks\_readme/
/*  Dependency_XVM_Base_7.2.2  */
E:\Jeux\World_of_Tanks\res_mods/
E:\Jeux\World_of_Tanks\res_mods/configs/
E:\Jeux\World_of_Tanks\res_mods/configs/xvm/
E:\Jeux\World_of_Tanks\res_mods/configs/xvm/default/
E:\Jeux\World_of_Tanks\res_mods/configs/xvm/default/sounds.xc
E:\Jeux\World_of_Tanks\res_mods/configs/xvm/default/battleResults.xc
E:\Jeux\World_of_Tanks\res_mods/configs/xvm/default/minimapCircles.xc
E:\Jeux\World_of_Tanks\res_mods/configs/xvm/default/statisticForm.xc
E:\Jeux\World_of_Tanks\res_mods/configs/xvm/default/minimap.xc
E:\Jeux\World_of_Tanks\res_mods/configs/xvm/default/tooltips.xc
E:\Jeux\World_of_Tanks\res_mods/configs/xvm/default/minimapLabels.xc
E:\Jeux\World_of_Tanks\res_mods/configs/xvm/default/damageLog.xc
E:\Jeux\World_of_Tanks\res_mods/configs/xvm/default/carouselSmall.xc
E:\Jeux\World_of_Tanks\res_mods/configs/xvm/default/hitLog.xc
E:\Jeux\World_of_Tanks\res_mods/configs/xvm/default/minimapAlt.xc
E:\Jeux\World_of_Tanks\res_mods/configs/xvm/default/battleLoadingTips.xc
E:\Jeux\World_of_Tanks\res_mods/configs/xvm/default/battleLabels.xc
E:\Jeux\World_of_Tanks\res_mods/configs/xvm/default/minimapLabelsTemplates.xc
E:\Jeux\World_of_Tanks\res_mods/configs/xvm/default/markers.xc
E:\Jeux\World_of_Tanks\res_mods/configs/xvm/default/texts.xc
E:\Jeux\World_of_Tanks\res_mods/configs/xvm/default/battleLabelsTemplates.xc
E:\Jeux\World_of_Tanks\res_mods/configs/xvm/default/markersDeadExtended.xc
E:\Jeux\World_of_Tanks\res_mods/configs/xvm/default/userInfo.xc
E:\Jeux\World_of_Tanks\res_mods/configs/xvm/default/@xvm.xc
E:\Jeux\World_of_Tanks\res_mods/configs/xvm/default/carouselNormal.xc
E:\Jeux\World_of_Tanks\res_mods/configs/xvm/default/camera.xc
E:\Jeux\World_of_Tanks\res_mods/configs/xvm/default/alpha.xc
E:\Jeux\World_of_Tanks\res_mods/configs/xvm/default/playersPanel.xc
E:\Jeux\World_of_Tanks\res_mods/configs/xvm/default/carousel.xc
E:\Jeux\World_of_Tanks\res_mods/configs/xvm/default/widgetsTemplates.xc
E:\Jeux\World_of_Tanks\res_mods/configs/xvm/default/markersAliveNormal.xc
E:\Jeux\World_of_Tanks\res_mods/configs/xvm/default/hangar.xc
E:\Jeux\World_of_Tanks\res_mods/configs/xvm/default/hotkeys.xc
E:\Jeux\World_of_Tanks\res_mods/configs/xvm/default/captureBar.xc
E:\Jeux\World_of_Tanks\res_mods/configs/xvm/default/vehicleNames.xc
E:\Jeux\World_of_Tanks\res_mods/configs/xvm/default/elements.xc
E:\Jeux\World_of_Tanks\res_mods/configs/xvm/default/markersDeadNormal.xc
E:\Jeux\World_of_Tanks\res_mods/configs/xvm/default/colors.xc
E:\Jeux\World_of_Tanks\res_mods/configs/xvm/default/login.xc
E:\Jeux\World_of_Tanks\res_mods/configs/xvm/default/minimapMapSize.xc
E:\Jeux\World_of_Tanks\res_mods/configs/xvm/default/tweaks.xc
E:\Jeux\World_of_Tanks\res_mods/configs/xvm/default/minimapLabelsAlt.xc
E:\Jeux\World_of_Tanks\res_mods/configs/xvm/default/iconset.xc
E:\Jeux\World_of_Tanks\res_mods/configs/xvm/default/export.xc
E:\Jeux\World_of_Tanks\res_mods/configs/xvm/default/battle.xc
E:\Jeux\World_of_Tanks\res_mods/configs/xvm/default/xmqp.xc
E:\Jeux\World_of_Tanks\res_mods/configs/xvm/default/squad.xc
E:\Jeux\World_of_Tanks\res_mods/configs/xvm/default/minimapLabelsData.xc
E:\Jeux\World_of_Tanks\res_mods/configs/xvm/default/minimapLines.xc
E:\Jeux\World_of_Tanks\res_mods/configs/xvm/default/widgets.xc
E:\Jeux\World_of_Tanks\res_mods/configs/xvm/default/battleLoading.xc
E:\Jeux\World_of_Tanks\res_mods/configs/xvm/default/markersAliveExtended.xc
E:\Jeux\World_of_Tanks\res_mods/configs/xvm/sirmax/
E:\Jeux\World_of_Tanks\res_mods/configs/xvm/sirmax/sirmax-markers.xc
E:\Jeux\World_of_Tanks\res_mods/configs/xvm/sirmax/img/
E:\Jeux\World_of_Tanks\res_mods/configs/xvm/sirmax/img/panel-bg-alive.png
E:\Jeux\World_of_Tanks\res_mods/configs/xvm/sirmax/img/_enemy-alive.png
E:\Jeux\World_of_Tanks\res_mods/configs/xvm/sirmax/img/_squad.png
E:\Jeux\World_of_Tanks\res_mods/configs/xvm/sirmax/img/SixthSense.png
E:\Jeux\World_of_Tanks\res_mods/configs/xvm/sirmax/img/MinimapAim.png
E:\Jeux\World_of_Tanks\res_mods/configs/xvm/sirmax/img/icons/
E:\Jeux\World_of_Tanks\res_mods/configs/xvm/sirmax/img/icons/deer.png
E:\Jeux\World_of_Tanks\res_mods/configs/xvm/sirmax/img/hp-ally-alive.png
E:\Jeux\World_of_Tanks\res_mods/configs/xvm/sirmax/img/marksOnGun/
E:\Jeux\World_of_Tanks\res_mods/configs/xvm/sirmax/img/marksOnGun/3.png
E:\Jeux\World_of_Tanks\res_mods/configs/xvm/sirmax/img/marksOnGun/0.png
E:\Jeux\World_of_Tanks\res_mods/configs/xvm/sirmax/img/marksOnGun/-.png
E:\Jeux\World_of_Tanks\res_mods/configs/xvm/sirmax/img/marksOnGun/2.png
E:\Jeux\World_of_Tanks\res_mods/configs/xvm/sirmax/img/marksOnGun/empty.png
E:\Jeux\World_of_Tanks\res_mods/configs/xvm/sirmax/img/marksOnGun/1.png
E:\Jeux\World_of_Tanks\res_mods/configs/xvm/sirmax/img/marksOnGun/x.png
E:\Jeux\World_of_Tanks\res_mods/configs/xvm/sirmax/img/hp-squad-alive.png
E:\Jeux\World_of_Tanks\res_mods/configs/xvm/sirmax/img/_ally-alive.png
E:\Jeux\World_of_Tanks\res_mods/configs/xvm/sirmax/img/_empty.png
E:\Jeux\World_of_Tanks\res_mods/configs/xvm/sirmax/img/hp-bg.png
E:\Jeux\World_of_Tanks\res_mods/configs/xvm/sirmax/img/panel-bg-dead.png
E:\Jeux\World_of_Tanks\res_mods/configs/xvm/sirmax/img/MinimapAim2.png
E:\Jeux\World_of_Tanks\res_mods/configs/xvm/sirmax/img/hp-enemy-alive.png
E:\Jeux\World_of_Tanks\res_mods/configs/xvm/sirmax/img/_bg.png
E:\Jeux\World_of_Tanks\res_mods/configs/xvm/sirmax/sirmax-panels-none.xc
E:\Jeux\World_of_Tanks\res_mods/configs/xvm/sirmax/sirmax-minimapLabels.xc
E:\Jeux\World_of_Tanks\res_mods/configs/xvm/sirmax/sirmax-widgets.xc
E:\Jeux\World_of_Tanks\res_mods/configs/xvm/sirmax/sirmax-snippet-pp.xc
E:\Jeux\World_of_Tanks\res_mods/configs/xvm/sirmax/sirmax-battleLabels.xc
E:\Jeux\World_of_Tanks\res_mods/configs/xvm/sirmax/sirmax-panels.xc
E:\Jeux\World_of_Tanks\res_mods/configs/xvm/sirmax/sirmax-minimapCircles.xc
E:\Jeux\World_of_Tanks\res_mods/configs/xvm/sirmax/sirmax-snippet-bt.xc
E:\Jeux\World_of_Tanks\res_mods/configs/xvm/sirmax/sirmax.xc
E:\Jeux\World_of_Tanks\res_mods/configs/xvm/sirmax/sirmax-snippet-test.xc
E:\Jeux\World_of_Tanks\res_mods/configs/xvm/sirmax/sirmax-carousel.xc
E:\Jeux\World_of_Tanks\res_mods/configs/xvm/sirmax/sirmax-minimap.xc
E:\Jeux\World_of_Tanks\res_mods/configs/xvm/sirmax/sirmax-minimapLines.xc
E:\Jeux\World_of_Tanks\res_mods/configs/xvm/xvm.xc
E:\Jeux\World_of_Tanks\res_mods/configs/xvm/configs.url
E:\Jeux\World_of_Tanks\res_mods/configs/xvm/py_macro/
E:\Jeux\World_of_Tanks\res_mods/configs/xvm/py_macro/str.py
E:\Jeux\World_of_Tanks\res_mods/configs/xvm/py_macro/vinfo.py
E:\Jeux\World_of_Tanks\res_mods/configs/xvm/py_macro/totalEfficiency.py
E:\Jeux\World_of_Tanks\res_mods/configs/xvm/py_macro/damage_log.py
E:\Jeux\World_of_Tanks\res_mods/configs/xvm/py_macro/math.py
E:\Jeux\World_of_Tanks\res_mods/configs/xvm/py_macro/sixthsenseduration.py
E:\Jeux\World_of_Tanks\res_mods/configs/xvm/py_macro/repairTime.py
E:\Jeux\World_of_Tanks\res_mods/configs/xvm/py_macro/xvm/
E:\Jeux\World_of_Tanks\res_mods/configs/xvm/py_macro/xvm/__init__.py
E:\Jeux\World_of_Tanks\res_mods/configs/xvm/py_macro/xvm/xvm2sup.py
E:\Jeux\World_of_Tanks\res_mods/configs/xvm/py_macro/xvm/parser_addon.py
E:\Jeux\World_of_Tanks\res_mods/configs/xvm/py_macro/xvm/damageLog.py
E:\Jeux\World_of_Tanks\res_mods/configs/xvm/py_macro/xvm/total_hp.py
E:\Jeux\World_of_Tanks\res_mods/configs/xvm/py_macro/xvm/utils.py
E:\Jeux\World_of_Tanks\res_mods/configs/xvm/py_macro/xvm/total_Efficiency.py
E:\Jeux\World_of_Tanks\res_mods/configs/xvm/py_macro/xvm.py
E:\Jeux\World_of_Tanks\res_mods/configs/xvm/py_macro/tooltips_shell.py
E:\Jeux\World_of_Tanks\res_mods/configs/xvm/py_macro/score_panel.py
E:\Jeux\World_of_Tanks\res_mods/configs/xvm/py_macro/hangar_stat.py
E:\Jeux\World_of_Tanks\res_mods/configs/xvm/py_macro/xvm_debug.py
E:\Jeux\World_of_Tanks\res_mods/mods/
E:\Jeux\World_of_Tanks\res_mods/mods/packages/
E:\Jeux\World_of_Tanks\res_mods/mods/packages/xvm_limits/
E:\Jeux\World_of_Tanks\res_mods/mods/packages/xvm_limits/python/
E:\Jeux\World_of_Tanks\res_mods/mods/packages/xvm_limits/python/__init__.py
E:\Jeux\World_of_Tanks\res_mods/mods/packages/xvm_limits/python/__version__.py
E:\Jeux\World_of_Tanks\res_mods/mods/packages/xvm_integrity/
E:\Jeux\World_of_Tanks\res_mods/mods/packages/xvm_integrity/python/
E:\Jeux\World_of_Tanks\res_mods/mods/packages/xvm_integrity/python/__init__.py
E:\Jeux\World_of_Tanks\res_mods/mods/packages/xvm_integrity/python/__version__.py
E:\Jeux\World_of_Tanks\res_mods/mods/packages/xvm_integrity/python/hash_table.py
E:\Jeux\World_of_Tanks\res_mods/mods/packages/xvm_equip/
E:\Jeux\World_of_Tanks\res_mods/mods/packages/xvm_equip/python/
E:\Jeux\World_of_Tanks\res_mods/mods/packages/xvm_equip/python/__init__.py
E:\Jeux\World_of_Tanks\res_mods/mods/packages/xvm_equip/python/wg_compat.py
E:\Jeux\World_of_Tanks\res_mods/mods/packages/xvm_equip/python/__version__.py
E:\Jeux\World_of_Tanks\res_mods/mods/packages/xvm_ping/
E:\Jeux\World_of_Tanks\res_mods/mods/packages/xvm_ping/python/
E:\Jeux\World_of_Tanks\res_mods/mods/packages/xvm_ping/python/pinger_wg.py
E:\Jeux\World_of_Tanks\res_mods/mods/packages/xvm_ping/python/__init__.py
E:\Jeux\World_of_Tanks\res_mods/mods/packages/xvm_ping/python/__version__.py
E:\Jeux\World_of_Tanks\res_mods/mods/packages/xvm_ping/python/pinger.py
E:\Jeux\World_of_Tanks\res_mods/mods/packages/xvm_tooltips/
E:\Jeux\World_of_Tanks\res_mods/mods/packages/xvm_tooltips/python/
E:\Jeux\World_of_Tanks\res_mods/mods/packages/xvm_tooltips/python/__init__.py
E:\Jeux\World_of_Tanks\res_mods/mods/packages/xvm_tooltips/python/__version__.py
E:\Jeux\World_of_Tanks\res_mods/mods/packages/xvm_hangar/
E:\Jeux\World_of_Tanks\res_mods/mods/packages/xvm_hangar/python/
E:\Jeux\World_of_Tanks\res_mods/mods/packages/xvm_hangar/python/battletype.py
E:\Jeux\World_of_Tanks\res_mods/mods/packages/xvm_hangar/python/svcmsg.py
E:\Jeux\World_of_Tanks\res_mods/mods/packages/xvm_hangar/python/__init__.py
E:\Jeux\World_of_Tanks\res_mods/mods/packages/xvm_hangar/python/__version__.py
E:\Jeux\World_of_Tanks\res_mods/mods/packages/xvm_profiler/
E:\Jeux\World_of_Tanks\res_mods/mods/packages/xvm_profiler/python/
E:\Jeux\World_of_Tanks\res_mods/mods/packages/xvm_profiler/python/swfprofiler.py
E:\Jeux\World_of_Tanks\res_mods/mods/packages/xvm_profiler/python/__init__.py
E:\Jeux\World_of_Tanks\res_mods/mods/packages/xvm_profiler/python/__version__.py
E:\Jeux\World_of_Tanks\res_mods/mods/packages/xvm_profiler/python/profiler.py
E:\Jeux\World_of_Tanks\res_mods/mods/packages/xvm_contacts/
E:\Jeux\World_of_Tanks\res_mods/mods/packages/xvm_contacts/python/
E:\Jeux\World_of_Tanks\res_mods/mods/packages/xvm_contacts/python/__init__.py
E:\Jeux\World_of_Tanks\res_mods/mods/packages/xvm_contacts/python/wg_compat.py
E:\Jeux\World_of_Tanks\res_mods/mods/packages/xvm_contacts/python/__version__.py
E:\Jeux\World_of_Tanks\res_mods/mods/packages/xvm_contacts/python/view.py
E:\Jeux\World_of_Tanks\res_mods/mods/packages/xvm_contacts/python/contacts.py
E:\Jeux\World_of_Tanks\res_mods/mods/packages/xvm_lobby/
E:\Jeux\World_of_Tanks\res_mods/mods/packages/xvm_lobby/as_lobby/
E:\Jeux\World_of_Tanks\res_mods/mods/packages/xvm_lobby/as_lobby/xvm_lobby_ui.swf
E:\Jeux\World_of_Tanks\res_mods/mods/packages/xvm_lobby/as_lobby/xvm_lobbycontacts_ui.swf
E:\Jeux\World_of_Tanks\res_mods/mods/packages/xvm_lobby/as_lobby/xvm_lobby.swf
E:\Jeux\World_of_Tanks\res_mods/mods/packages/xvm_lobby/as_lobby/xvm_lobbyprofile_ui.swf
E:\Jeux\World_of_Tanks\res_mods/mods/packages/xvm_battleresults/
E:\Jeux\World_of_Tanks\res_mods/mods/packages/xvm_battleresults/python/
E:\Jeux\World_of_Tanks\res_mods/mods/packages/xvm_battleresults/python/__init__.py
E:\Jeux\World_of_Tanks\res_mods/mods/packages/xvm_battleresults/python/__version__.py
E:\Jeux\World_of_Tanks\res_mods/mods/packages/xvm_export/
E:\Jeux\World_of_Tanks\res_mods/mods/packages/xvm_export/python/
E:\Jeux\World_of_Tanks\res_mods/mods/packages/xvm_export/python/fps.py
E:\Jeux\World_of_Tanks\res_mods/mods/packages/xvm_export/python/__init__.py
E:\Jeux\World_of_Tanks\res_mods/mods/packages/xvm_export/python/__version__.py
E:\Jeux\World_of_Tanks\res_mods/mods/packages/xvm_tankcarousel/
E:\Jeux\World_of_Tanks\res_mods/mods/packages/xvm_tankcarousel/python/
E:\Jeux\World_of_Tanks\res_mods/mods/packages/xvm_tankcarousel/python/__init__.py
E:\Jeux\World_of_Tanks\res_mods/mods/packages/xvm_tankcarousel/python/__version__.py
E:\Jeux\World_of_Tanks\res_mods/mods/packages/xvm_tankcarousel/python/filter_popover.py
E:\Jeux\World_of_Tanks\res_mods/mods/packages/xvm_tankcarousel/python/tankcarousel.py
E:\Jeux\World_of_Tanks\res_mods/mods/packages/xvm_tankcarousel/python/reserve.py
E:\Jeux\World_of_Tanks\res_mods/mods/packages/xvm_online/
E:\Jeux\World_of_Tanks\res_mods/mods/packages/xvm_online/python/
E:\Jeux\World_of_Tanks\res_mods/mods/packages/xvm_online/python/__init__.py
E:\Jeux\World_of_Tanks\res_mods/mods/packages/xvm_online/python/online.py
E:\Jeux\World_of_Tanks\res_mods/mods/packages/xvm_online/python/__version__.py
E:\Jeux\World_of_Tanks\res_mods/mods/packages/xvm_hotfix/
E:\Jeux\World_of_Tanks\res_mods/mods/packages/xvm_hotfix/python/
E:\Jeux\World_of_Tanks\res_mods/mods/packages/xvm_hotfix/python/__init__.py
E:\Jeux\World_of_Tanks\res_mods/mods/packages/xvm_hotfix/python/__version__.py
E:\Jeux\World_of_Tanks\res_mods/mods/packages/xvm_squad/
E:\Jeux\World_of_Tanks\res_mods/mods/packages/xvm_squad/python/
E:\Jeux\World_of_Tanks\res_mods/mods/packages/xvm_squad/python/__init__.py
E:\Jeux\World_of_Tanks\res_mods/mods/packages/xvm_squad/python/__version__.py
E:\Jeux\World_of_Tanks\res_mods/mods/packages/xvm_autologin/
E:\Jeux\World_of_Tanks\res_mods/mods/packages/xvm_autologin/python/
E:\Jeux\World_of_Tanks\res_mods/mods/packages/xvm_autologin/python/__init__.py
E:\Jeux\World_of_Tanks\res_mods/mods/packages/xvm_autologin/python/__version__.py
E:\Jeux\World_of_Tanks\res_mods/mods/packages/xvm_main/
E:\Jeux\World_of_Tanks\res_mods/mods/packages/xvm_main/python/
E:\Jeux\World_of_Tanks\res_mods/mods/packages/xvm_main/python/xvm_scale_data.py
E:\Jeux\World_of_Tanks\res_mods/mods/packages/xvm_main/python/config.py
E:\Jeux\World_of_Tanks\res_mods/mods/packages/xvm_main/python/vehinfo_tiers.py
E:\Jeux\World_of_Tanks\res_mods/mods/packages/xvm_main/python/svcmsg.py
E:\Jeux\World_of_Tanks\res_mods/mods/packages/xvm_main/python/python_macro.py
E:\Jeux\World_of_Tanks\res_mods/mods/packages/xvm_main/python/default_xvm_xc.py
E:\Jeux\World_of_Tanks\res_mods/mods/packages/xvm_main/python/__init__.py
E:\Jeux\World_of_Tanks\res_mods/mods/packages/xvm_main/python/consts.py
E:\Jeux\World_of_Tanks\res_mods/mods/packages/xvm_main/python/vehinfo.py
E:\Jeux\World_of_Tanks\res_mods/mods/packages/xvm_main/python/filecache.py
E:\Jeux\World_of_Tanks\res_mods/mods/packages/xvm_main/python/userprefs.py
E:\Jeux\World_of_Tanks\res_mods/mods/packages/xvm_main/python/__version__.py
E:\Jeux\World_of_Tanks\res_mods/mods/packages/xvm_main/python/topclans.py
E:\Jeux\World_of_Tanks\res_mods/mods/packages/xvm_main/python/vehinfo_short.py
E:\Jeux\World_of_Tanks\res_mods/mods/packages/xvm_main/python/minimap_circles.py
E:\Jeux\World_of_Tanks\res_mods/mods/packages/xvm_main/python/xvm_scale.py
E:\Jeux\World_of_Tanks\res_mods/mods/packages/xvm_main/python/wgutils.py
E:\Jeux\World_of_Tanks\res_mods/mods/packages/xvm_main/python/xvm.py
E:\Jeux\World_of_Tanks\res_mods/mods/packages/xvm_main/python/logger.py
E:\Jeux\World_of_Tanks\res_mods/mods/packages/xvm_main/python/mutex.py
E:\Jeux\World_of_Tanks\res_mods/mods/packages/xvm_main/python/utils.py
E:\Jeux\World_of_Tanks\res_mods/mods/packages/xvm_main/python/default_config.py
E:\Jeux\World_of_Tanks\res_mods/mods/packages/xvm_main/python/xvmapi.py
E:\Jeux\World_of_Tanks\res_mods/mods/packages/xvm_main/python/loadurl.py
E:\Jeux\World_of_Tanks\res_mods/mods/packages/xvm_main/python/dossier.py
E:\Jeux\World_of_Tanks\res_mods/mods/packages/xvm_main/python/test.py
E:\Jeux\World_of_Tanks\res_mods/mods/packages/xvm_main/python/stats.py
E:\Jeux\World_of_Tanks\res_mods/mods/packages/xvm_battle/
E:\Jeux\World_of_Tanks\res_mods/mods/packages/xvm_battle/as_battle/
E:\Jeux\World_of_Tanks\res_mods/mods/packages/xvm_battle/as_battle/xvm_vehiclemarkers_ui.swf
E:\Jeux\World_of_Tanks\res_mods/mods/packages/xvm_battle/as_battle_classic/
E:\Jeux\World_of_Tanks\res_mods/mods/packages/xvm_battle/as_battle_classic/xvm_battle_classic.swf
E:\Jeux\World_of_Tanks\res_mods/mods/packages/xvm_battle/as_battle_ranked/
E:\Jeux\World_of_Tanks\res_mods/mods/packages/xvm_battle/as_battle_ranked/xvm_battle_ranked.swf
E:\Jeux\World_of_Tanks\res_mods/mods/packages/xvm_battle/as_battle_epic/
E:\Jeux\World_of_Tanks\res_mods/mods/packages/xvm_battle/as_battle_epic/xvm_battle_epic.swf
E:\Jeux\World_of_Tanks\res_mods/mods/packages/xvm_battle/python/
E:\Jeux\World_of_Tanks\res_mods/mods/packages/xvm_battle/python/__init__.py
E:\Jeux\World_of_Tanks\res_mods/mods/packages/xvm_battle/python/consts.py
E:\Jeux\World_of_Tanks\res_mods/mods/packages/xvm_battle/python/camera.py
E:\Jeux\World_of_Tanks\res_mods/mods/packages/xvm_battle/python/__version__.py
E:\Jeux\World_of_Tanks\res_mods/mods/packages/xvm_battle/python/xmqp.py
E:\Jeux\World_of_Tanks\res_mods/mods/packages/xvm_battle/python/minimap.py
E:\Jeux\World_of_Tanks\res_mods/mods/packages/xvm_battle/python/fragCorrelationPanel.py
E:\Jeux\World_of_Tanks\res_mods/mods/packages/xvm_battle/python/shared.py
E:\Jeux\World_of_Tanks\res_mods/mods/packages/xvm_battle/python/replay.py
E:\Jeux\World_of_Tanks\res_mods/mods/packages/xvm_battle/python/xmqp_events.py
E:\Jeux\World_of_Tanks\res_mods/mods/packages/xvm_battle/python/vehicleMarkers.py
E:\Jeux\World_of_Tanks\res_mods/mods/packages/xvm_battle/python/vehicleMarkersBC.py
E:\Jeux\World_of_Tanks\res_mods/mods/packages/xvm_battle/python/battle.py
E:\Jeux\World_of_Tanks\res_mods/mods/packages/xvm_battle/python/battleloading.py
E:\Jeux\World_of_Tanks\res_mods/mods/packages/xvm_techtree/
E:\Jeux\World_of_Tanks\res_mods/mods/packages/xvm_techtree/python/
E:\Jeux\World_of_Tanks\res_mods/mods/packages/xvm_techtree/python/__init__.py
E:\Jeux\World_of_Tanks\res_mods/mods/packages/xvm_techtree/python/__version__.py
E:\Jeux\World_of_Tanks\res_mods/mods/packages/xvm_quests/
E:\Jeux\World_of_Tanks\res_mods/mods/packages/xvm_quests/python/
E:\Jeux\World_of_Tanks\res_mods/mods/packages/xvm_quests/python/__init__.py
E:\Jeux\World_of_Tanks\res_mods/mods/packages/xvm_quests/python/__version__.py
E:\Jeux\World_of_Tanks\res_mods/mods/packages/xvm_sounds/
E:\Jeux\World_of_Tanks\res_mods/mods/packages/xvm_sounds/python/
E:\Jeux\World_of_Tanks\res_mods/mods/packages/xvm_sounds/python/__init__.py
E:\Jeux\World_of_Tanks\res_mods/mods/packages/xvm_sounds/python/__version__.py
E:\Jeux\World_of_Tanks\res_mods/mods/packages/xvm_sounds/python/enemySighted.py
E:\Jeux\World_of_Tanks\res_mods/mods/packages/xvm_sounds/python/battleEnd.py
E:\Jeux\World_of_Tanks\res_mods/mods/packages/xvm_sounds/python/ammoBay.py
E:\Jeux\World_of_Tanks\res_mods/mods/packages/xvm_sounds/python/fireAlert.py
E:\Jeux\World_of_Tanks\res_mods/mods/packages/xvm_sounds/python/sixthSense.py
E:\Jeux\World_of_Tanks\res_mods/mods/packages/xvm_sounds/python/bankManager.py
E:\Jeux\World_of_Tanks\res_mods/mods/packages/xvm_sounds/python/test.py
E:\Jeux\World_of_Tanks\res_mods/mods/packages/xvm_profile/
E:\Jeux\World_of_Tanks\res_mods/mods/packages/xvm_profile/python/
E:\Jeux\World_of_Tanks\res_mods/mods/packages/xvm_profile/python/__init__.py
E:\Jeux\World_of_Tanks\res_mods/mods/packages/xvm_profile/python/__version__.py
E:\Jeux\World_of_Tanks\res_mods/mods/packages/xvm_crew/
E:\Jeux\World_of_Tanks\res_mods/mods/packages/xvm_crew/python/
E:\Jeux\World_of_Tanks\res_mods/mods/packages/xvm_crew/python/__init__.py
E:\Jeux\World_of_Tanks\res_mods/mods/packages/xvm_crew/python/wg_compat.py
E:\Jeux\World_of_Tanks\res_mods/mods/packages/xvm_crew/python/__version__.py
E:\Jeux\World_of_Tanks\res_mods/mods/shared_resources/
E:\Jeux\World_of_Tanks\res_mods/mods/shared_resources/xvm/
E:\Jeux\World_of_Tanks\res_mods/mods/shared_resources/xvm/l10n/
E:\Jeux\World_of_Tanks\res_mods/mods/shared_resources/xvm/l10n/pl.xc
E:\Jeux\World_of_Tanks\res_mods/mods/shared_resources/xvm/l10n/es_MX.xc
E:\Jeux\World_of_Tanks\res_mods/mods/shared_resources/xvm/l10n/fi.xc
E:\Jeux\World_of_Tanks\res_mods/mods/shared_resources/xvm/l10n/ms.xc
E:\Jeux\World_of_Tanks\res_mods/mods/shared_resources/xvm/l10n/en.xc
E:\Jeux\World_of_Tanks\res_mods/mods/shared_resources/xvm/l10n/cs.xc
E:\Jeux\World_of_Tanks\res_mods/mods/shared_resources/xvm/l10n/mn.xc
E:\Jeux\World_of_Tanks\res_mods/mods/shared_resources/xvm/l10n/da.xc
E:\Jeux\World_of_Tanks\res_mods/mods/shared_resources/xvm/l10n/id.xc
E:\Jeux\World_of_Tanks\res_mods/mods/shared_resources/xvm/l10n/kk.xc
E:\Jeux\World_of_Tanks\res_mods/mods/shared_resources/xvm/l10n/sk.xc
E:\Jeux\World_of_Tanks\res_mods/mods/shared_resources/xvm/l10n/tr.xc
E:\Jeux\World_of_Tanks\res_mods/mods/shared_resources/xvm/l10n/de.xc
E:\Jeux\World_of_Tanks\res_mods/mods/shared_resources/xvm/l10n/ja.xc
E:\Jeux\World_of_Tanks\res_mods/mods/shared_resources/xvm/l10n/ro.xc
E:\Jeux\World_of_Tanks\res_mods/mods/shared_resources/xvm/l10n/be.xc
E:\Jeux\World_of_Tanks\res_mods/mods/shared_resources/xvm/l10n/th.xc
E:\Jeux\World_of_Tanks\res_mods/mods/shared_resources/xvm/l10n/ka.xc
E:\Jeux\World_of_Tanks\res_mods/mods/shared_resources/xvm/l10n/hu.xc
E:\Jeux\World_of_Tanks\res_mods/mods/shared_resources/xvm/l10n/lt.xc
E:\Jeux\World_of_Tanks\res_mods/mods/shared_resources/xvm/l10n/ar.xc
E:\Jeux\World_of_Tanks\res_mods/mods/shared_resources/xvm/l10n/sv.xc
E:\Jeux\World_of_Tanks\res_mods/mods/shared_resources/xvm/l10n/nl.xc
E:\Jeux\World_of_Tanks\res_mods/mods/shared_resources/xvm/l10n/zh_TW.xc
E:\Jeux\World_of_Tanks\res_mods/mods/shared_resources/xvm/l10n/zh_SG.xc
E:\Jeux\World_of_Tanks\res_mods/mods/shared_resources/xvm/l10n/ko.xc
E:\Jeux\World_of_Tanks\res_mods/mods/shared_resources/xvm/l10n/it.xc
E:\Jeux\World_of_Tanks\res_mods/mods/shared_resources/xvm/l10n/zh_CN.xc
E:\Jeux\World_of_Tanks\res_mods/mods/shared_resources/xvm/l10n/fil.xc
E:\Jeux\World_of_Tanks\res_mods/mods/shared_resources/xvm/l10n/pt_BR.xc
E:\Jeux\World_of_Tanks\res_mods/mods/shared_resources/xvm/l10n/ru.xc
E:\Jeux\World_of_Tanks\res_mods/mods/shared_resources/xvm/l10n/bg.xc
E:\Jeux\World_of_Tanks\res_mods/mods/shared_resources/xvm/l10n/lv.xc
E:\Jeux\World_of_Tanks\res_mods/mods/shared_resources/xvm/l10n/hr.xc
E:\Jeux\World_of_Tanks\res_mods/mods/shared_resources/xvm/l10n/es.xc
E:\Jeux\World_of_Tanks\res_mods/mods/shared_resources/xvm/l10n/uk.xc
E:\Jeux\World_of_Tanks\res_mods/mods/shared_resources/xvm/l10n/pt.xc
E:\Jeux\World_of_Tanks\res_mods/mods/shared_resources/xvm/l10n/no.xc
E:\Jeux\World_of_Tanks\res_mods/mods/shared_resources/xvm/l10n/el.xc
E:\Jeux\World_of_Tanks\res_mods/mods/shared_resources/xvm/l10n/vi.xc
E:\Jeux\World_of_Tanks\res_mods/mods/shared_resources/xvm/l10n/fr.xc
E:\Jeux\World_of_Tanks\res_mods/mods/shared_resources/xvm/l10n/es_AR.xc
E:\Jeux\World_of_Tanks\res_mods/mods/shared_resources/xvm/l10n/et.xc
E:\Jeux\World_of_Tanks\res_mods/mods/shared_resources/xvm/l10n/sr.xc
E:\Jeux\World_of_Tanks\res_mods/mods/shared_resources/xvm/doc/
E:\Jeux\World_of_Tanks\res_mods/mods/shared_resources/xvm/doc/extra-field.txt
E:\Jeux\World_of_Tanks\res_mods/mods/shared_resources/xvm/doc/ChangeLog-en.txt
E:\Jeux\World_of_Tanks\res_mods/mods/shared_resources/xvm/doc/extra-field_ru.txt
E:\Jeux\World_of_Tanks\res_mods/mods/shared_resources/xvm/doc/macros-hangar_ru.txt
E:\Jeux\World_of_Tanks\res_mods/mods/shared_resources/xvm/doc/readme-en.txt
E:\Jeux\World_of_Tanks\res_mods/mods/shared_resources/xvm/doc/readme-ru.txt
E:\Jeux\World_of_Tanks\res_mods/mods/shared_resources/xvm/doc/ChangeLog-ru.txt
E:\Jeux\World_of_Tanks\res_mods/mods/shared_resources/xvm/doc/py_macros_ru.txt
E:\Jeux\World_of_Tanks\res_mods/mods/shared_resources/xvm/doc/readme-cz.txt
E:\Jeux\World_of_Tanks\res_mods/mods/shared_resources/xvm/doc/macros-hangar.txt
E:\Jeux\World_of_Tanks\res_mods/mods/shared_resources/xvm/doc/readme-pl.txt
E:\Jeux\World_of_Tanks\res_mods/mods/shared_resources/xvm/doc/macros_ru.txt
E:\Jeux\World_of_Tanks\res_mods/mods/shared_resources/xvm/doc/audioww.txt
E:\Jeux\World_of_Tanks\res_mods/mods/shared_resources/xvm/doc/readme-fr.txt
E:\Jeux\World_of_Tanks\res_mods/mods/shared_resources/xvm/doc/macros.txt
E:\Jeux\World_of_Tanks\res_mods/mods/shared_resources/xvm/audioww/
E:\Jeux\World_of_Tanks\res_mods/mods/shared_resources/xvm/audioww/xvm.bnk
E:\Jeux\World_of_Tanks\res_mods/mods/shared_resources/xvm/res/
E:\Jeux\World_of_Tanks\res_mods/mods/shared_resources/xvm/res/clanicons/
E:\Jeux\World_of_Tanks\res_mods/mods/shared_resources/xvm/res/clanicons/CT/
E:\Jeux\World_of_Tanks\res_mods/mods/shared_resources/xvm/res/clanicons/CT/clan/
E:\Jeux\World_of_Tanks\res_mods/mods/shared_resources/xvm/res/clanicons/CT/clan/.placeholder
E:\Jeux\World_of_Tanks\res_mods/mods/shared_resources/xvm/res/clanicons/CT/nick/
E:\Jeux\World_of_Tanks\res_mods/mods/shared_resources/xvm/res/clanicons/CT/nick/sirmax2.png
E:\Jeux\World_of_Tanks\res_mods/mods/shared_resources/xvm/res/clanicons/CT/nick/XlebniDizele4ku.png
E:\Jeux\World_of_Tanks\res_mods/mods/shared_resources/xvm/res/clanicons/CT/nick/Assassik.png
E:\Jeux\World_of_Tanks\res_mods/mods/shared_resources/xvm/res/clanicons/CT/nick/Yoyo117_EU.png
E:\Jeux\World_of_Tanks\res_mods/mods/shared_resources/xvm/res/clanicons/CT/nick/Mixailos.png
E:\Jeux\World_of_Tanks\res_mods/mods/shared_resources/xvm/res/clanicons/CT/nick/M_r_A.png
E:\Jeux\World_of_Tanks\res_mods/mods/shared_resources/xvm/res/clanicons/CT/nick/0x01_RU.png
E:\Jeux\World_of_Tanks\res_mods/mods/shared_resources/xvm/res/clanicons/CT/nick/Yoyo117.png
E:\Jeux\World_of_Tanks\res_mods/mods/shared_resources/xvm/res/clanicons/CT/nick/M_r_A_EU.png
E:\Jeux\World_of_Tanks\res_mods/mods/shared_resources/xvm/res/clanicons/CT/nick/XlebniDizele4ku_RU.png
E:\Jeux\World_of_Tanks\res_mods/mods/shared_resources/xvm/res/clanicons/CT/nick/Mixailos_RU.png
E:\Jeux\World_of_Tanks\res_mods/mods/shared_resources/xvm/res/clanicons/CT/nick/M_r_A_RU.png
E:\Jeux\World_of_Tanks\res_mods/mods/shared_resources/xvm/res/clanicons/CT/nick/sirmax2_RU.png
E:\Jeux\World_of_Tanks\res_mods/mods/shared_resources/xvm/res/clanicons/CT/nick/0x01.png
E:\Jeux\World_of_Tanks\res_mods/mods/shared_resources/xvm/res/clanicons/CT/nick/Assassik_EU.png
E:\Jeux\World_of_Tanks\res_mods/mods/shared_resources/xvm/res/clanicons/EU/
E:\Jeux\World_of_Tanks\res_mods/mods/shared_resources/xvm/res/clanicons/EU/clan/
E:\Jeux\World_of_Tanks\res_mods/mods/shared_resources/xvm/res/clanicons/EU/clan/.placeholder
E:\Jeux\World_of_Tanks\res_mods/mods/shared_resources/xvm/res/clanicons/EU/nick/
E:\Jeux\World_of_Tanks\res_mods/mods/shared_resources/xvm/res/clanicons/EU/nick/sirmax2.png
E:\Jeux\World_of_Tanks\res_mods/mods/shared_resources/xvm/res/clanicons/EU/nick/Assassik.png
E:\Jeux\World_of_Tanks\res_mods/mods/shared_resources/xvm/res/clanicons/EU/nick/M_r_A.png
E:\Jeux\World_of_Tanks\res_mods/mods/shared_resources/xvm/res/clanicons/EU/nick/Yoyo117.png
E:\Jeux\World_of_Tanks\res_mods/mods/shared_resources/xvm/res/clanicons/NA/
E:\Jeux\World_of_Tanks\res_mods/mods/shared_resources/xvm/res/clanicons/NA/clan/
E:\Jeux\World_of_Tanks\res_mods/mods/shared_resources/xvm/res/clanicons/NA/clan/.placeholder
E:\Jeux\World_of_Tanks\res_mods/mods/shared_resources/xvm/res/clanicons/NA/nick/
E:\Jeux\World_of_Tanks\res_mods/mods/shared_resources/xvm/res/clanicons/NA/nick/sirmax.png
E:\Jeux\World_of_Tanks\res_mods/mods/shared_resources/xvm/res/clanicons/NA/nick/WooSai.png
E:\Jeux\World_of_Tanks\res_mods/mods/shared_resources/xvm/res/clanicons/RU/
E:\Jeux\World_of_Tanks\res_mods/mods/shared_resources/xvm/res/clanicons/RU/clan/
E:\Jeux\World_of_Tanks\res_mods/mods/shared_resources/xvm/res/clanicons/RU/clan/.placeholder
E:\Jeux\World_of_Tanks\res_mods/mods/shared_resources/xvm/res/clanicons/RU/nick/
E:\Jeux\World_of_Tanks\res_mods/mods/shared_resources/xvm/res/clanicons/RU/nick/sirmax2.png
E:\Jeux\World_of_Tanks\res_mods/mods/shared_resources/xvm/res/clanicons/RU/nick/XlebniDizele4ku.png
E:\Jeux\World_of_Tanks\res_mods/mods/shared_resources/xvm/res/clanicons/RU/nick/Mixailos.png
E:\Jeux\World_of_Tanks\res_mods/mods/shared_resources/xvm/res/clanicons/RU/nick/M_r_A.png
E:\Jeux\World_of_Tanks\res_mods/mods/shared_resources/xvm/res/clanicons/RU/nick/0x01_RU.png
E:\Jeux\World_of_Tanks\res_mods/mods/shared_resources/xvm/res/clanicons/RU/nick/M_r_A_EU.png
E:\Jeux\World_of_Tanks\res_mods/mods/shared_resources/xvm/res/clanicons/RU/nick/XlebniDizele4ku_RU.png
E:\Jeux\World_of_Tanks\res_mods/mods/shared_resources/xvm/res/clanicons/RU/nick/Mixailos_RU.png
E:\Jeux\World_of_Tanks\res_mods/mods/shared_resources/xvm/res/clanicons/RU/nick/iBat.png
E:\Jeux\World_of_Tanks\res_mods/mods/shared_resources/xvm/res/clanicons/RU/nick/M_r_A_RU.png
E:\Jeux\World_of_Tanks\res_mods/mods/shared_resources/xvm/res/clanicons/RU/nick/sirmax2_RU.png
E:\Jeux\World_of_Tanks\res_mods/mods/shared_resources/xvm/res/clanicons/RU/nick/0x01.png
E:\Jeux\World_of_Tanks\res_mods/mods/shared_resources/xvm/res/MinimapAim.png
E:\Jeux\World_of_Tanks\res_mods/mods/shared_resources/xvm/res/icons/
E:\Jeux\World_of_Tanks\res_mods/mods/shared_resources/xvm/res/icons/tooltips/
E:\Jeux\World_of_Tanks\res_mods/mods/shared_resources/xvm/res/icons/tooltips/roles/
E:\Jeux\World_of_Tanks\res_mods/mods/shared_resources/xvm/res/icons/tooltips/roles/driver.png
E:\Jeux\World_of_Tanks\res_mods/mods/shared_resources/xvm/res/icons/tooltips/roles/loader.png
E:\Jeux\World_of_Tanks\res_mods/mods/shared_resources/xvm/res/icons/tooltips/roles/gunner.png
E:\Jeux\World_of_Tanks\res_mods/mods/shared_resources/xvm/res/icons/tooltips/roles/radioman.png
E:\Jeux\World_of_Tanks\res_mods/mods/shared_resources/xvm/res/icons/tooltips/roles/commander.png
E:\Jeux\World_of_Tanks\res_mods/mods/shared_resources/xvm/res/icons/tooltips/roles/info.txt
E:\Jeux\World_of_Tanks\res_mods/mods/shared_resources/xvm/res/icons/clock/
E:\Jeux\World_of_Tanks\res_mods/mods/shared_resources/xvm/res/icons/clock/clockBg.png
E:\Jeux\World_of_Tanks\res_mods/mods/shared_resources/xvm/res/icons/damageLog/
E:\Jeux\World_of_Tanks\res_mods/mods/shared_resources/xvm/res/icons/damageLog/no_dmg.png
E:\Jeux\World_of_Tanks\res_mods/mods/shared_resources/xvm/res/icons/damageLog/dmg.png
E:\Jeux\World_of_Tanks\res_mods/mods/shared_resources/xvm/res/icons/flags/
E:\Jeux\World_of_Tanks\res_mods/mods/shared_resources/xvm/res/icons/flags/mh.png
E:\Jeux\World_of_Tanks\res_mods/mods/shared_resources/xvm/res/icons/flags/pk.png
E:\Jeux\World_of_Tanks\res_mods/mods/shared_resources/xvm/res/icons/flags/bn.png
E:\Jeux\World_of_Tanks\res_mods/mods/shared_resources/xvm/res/icons/flags/tj.png
E:\Jeux\World_of_Tanks\res_mods/mods/shared_resources/xvm/res/icons/flags/az.png
E:\Jeux\World_of_Tanks\res_mods/mods/shared_resources/xvm/res/icons/flags/ve.png
E:\Jeux\World_of_Tanks\res_mods/mods/shared_resources/xvm/res/icons/flags/ph.png
E:\Jeux\World_of_Tanks\res_mods/mods/shared_resources/xvm/res/icons/flags/bz.png
E:\Jeux\World_of_Tanks\res_mods/mods/shared_resources/xvm/res/icons/flags/hr.png
E:\Jeux\World_of_Tanks\res_mods/mods/shared_resources/xvm/res/icons/flags/tz.png
E:\Jeux\World_of_Tanks\res_mods/mods/shared_resources/xvm/res/icons/flags/gn.png
E:\Jeux\World_of_Tanks\res_mods/mods/shared_resources/xvm/res/icons/flags/ni.png
E:\Jeux\World_of_Tanks\res_mods/mods/shared_resources/xvm/res/icons/flags/st.png
E:\Jeux\World_of_Tanks\res_mods/mods/shared_resources/xvm/res/icons/flags/sr.png
E:\Jeux\World_of_Tanks\res_mods/mods/shared_resources/xvm/res/icons/flags/ht.png
E:\Jeux\World_of_Tanks\res_mods/mods/shared_resources/xvm/res/icons/flags/mr.png
E:\Jeux\World_of_Tanks\res_mods/mods/shared_resources/xvm/res/icons/flags/ag.png
E:\Jeux\World_of_Tanks\res_mods/mods/shared_resources/xvm/res/icons/flags/sg.png
E:\Jeux\World_of_Tanks\res_mods/mods/shared_resources/xvm/res/icons/flags/li.png
E:\Jeux\World_of_Tanks\res_mods/mods/shared_resources/xvm/res/icons/flags/ec.png
E:\Jeux\World_of_Tanks\res_mods/mods/shared_resources/xvm/res/icons/flags/me.png
E:\Jeux\World_of_Tanks\res_mods/mods/shared_resources/xvm/res/icons/flags/tl.png
E:\Jeux\World_of_Tanks\res_mods/mods/shared_resources/xvm/res/icons/flags/my.png
E:\Jeux\World_of_Tanks\res_mods/mods/shared_resources/xvm/res/icons/flags/gt.png
E:\Jeux\World_of_Tanks\res_mods/mods/shared_resources/xvm/res/icons/flags/es.png
E:\Jeux\World_of_Tanks\res_mods/mods/shared_resources/xvm/res/icons/flags/hn.png
E:\Jeux\World_of_Tanks\res_mods/mods/shared_resources/xvm/res/icons/flags/fj.png
E:\Jeux\World_of_Tanks\res_mods/mods/shared_resources/xvm/res/icons/flags/fr.png
E:\Jeux\World_of_Tanks\res_mods/mods/shared_resources/xvm/res/icons/flags/so.png
E:\Jeux\World_of_Tanks\res_mods/mods/shared_resources/xvm/res/icons/flags/id.png
E:\Jeux\World_of_Tanks\res_mods/mods/shared_resources/xvm/res/icons/flags/ne.png
E:\Jeux\World_of_Tanks\res_mods/mods/shared_resources/xvm/res/icons/flags/jm.png
E:\Jeux\World_of_Tanks\res_mods/mods/shared_resources/xvm/res/icons/flags/lr.png
E:\Jeux\World_of_Tanks\res_mods/mods/shared_resources/xvm/res/icons/flags/lv.png
E:\Jeux\World_of_Tanks\res_mods/mods/shared_resources/xvm/res/icons/flags/ls.png
E:\Jeux\World_of_Tanks\res_mods/mods/shared_resources/xvm/res/icons/flags/gw.png
E:\Jeux\World_of_Tanks\res_mods/mods/shared_resources/xvm/res/icons/flags/by.png
E:\Jeux\World_of_Tanks\res_mods/mods/shared_resources/xvm/res/icons/flags/fm.png
E:\Jeux\World_of_Tanks\res_mods/mods/shared_resources/xvm/res/icons/flags/bf.png
E:\Jeux\World_of_Tanks\res_mods/mods/shared_resources/xvm/res/icons/flags/ro.png
E:\Jeux\World_of_Tanks\res_mods/mods/shared_resources/xvm/res/icons/flags/cz.png
E:\Jeux\World_of_Tanks\res_mods/mods/shared_resources/xvm/res/icons/flags/unknown.png
E:\Jeux\World_of_Tanks\res_mods/mods/shared_resources/xvm/res/icons/flags/ss.png
E:\Jeux\World_of_Tanks\res_mods/mods/shared_resources/xvm/res/icons/flags/ee.png
E:\Jeux\World_of_Tanks\res_mods/mods/shared_resources/xvm/res/icons/flags/kw.png
E:\Jeux\World_of_Tanks\res_mods/mods/shared_resources/xvm/res/icons/flags/sn.png
E:\Jeux\World_of_Tanks\res_mods/mods/shared_resources/xvm/res/icons/flags/mz.png
E:\Jeux\World_of_Tanks\res_mods/mods/shared_resources/xvm/res/icons/flags/de.png
E:\Jeux\World_of_Tanks\res_mods/mods/shared_resources/xvm/res/icons/flags/kz.png
E:\Jeux\World_of_Tanks\res_mods/mods/shared_resources/xvm/res/icons/flags/ao.png
E:\Jeux\World_of_Tanks\res_mods/mods/shared_resources/xvm/res/icons/flags/be.png
E:\Jeux\World_of_Tanks\res_mods/mods/shared_resources/xvm/res/icons/flags/us.png
E:\Jeux\World_of_Tanks\res_mods/mods/shared_resources/xvm/res/icons/flags/va.png
E:\Jeux\World_of_Tanks\res_mods/mods/shared_resources/xvm/res/icons/flags/sb.png
E:\Jeux\World_of_Tanks\res_mods/mods/shared_resources/xvm/res/icons/flags/ie.png
E:\Jeux\World_of_Tanks\res_mods/mods/shared_resources/xvm/res/icons/flags/in.png
E:\Jeux\World_of_Tanks\res_mods/mods/shared_resources/xvm/res/icons/flags/ck.png
E:\Jeux\World_of_Tanks\res_mods/mods/shared_resources/xvm/res/icons/flags/ga.png
E:\Jeux\World_of_Tanks\res_mods/mods/shared_resources/xvm/res/icons/flags/ci.png
E:\Jeux\World_of_Tanks\res_mods/mods/shared_resources/xvm/res/icons/flags/za.png
E:\Jeux\World_of_Tanks\res_mods/mods/shared_resources/xvm/res/icons/flags/ws.png
E:\Jeux\World_of_Tanks\res_mods/mods/shared_resources/xvm/res/icons/flags/iq.png
E:\Jeux\World_of_Tanks\res_mods/mods/shared_resources/xvm/res/icons/flags/ca.png
E:\Jeux\World_of_Tanks\res_mods/mods/shared_resources/xvm/res/icons/flags/nl.png
E:\Jeux\World_of_Tanks\res_mods/mods/shared_resources/xvm/res/icons/flags/zm.png
E:\Jeux\World_of_Tanks\res_mods/mods/shared_resources/xvm/res/icons/flags/nz.png
E:\Jeux\World_of_Tanks\res_mods/mods/shared_resources/xvm/res/icons/flags/ae.png
E:\Jeux\World_of_Tanks\res_mods/mods/shared_resources/xvm/res/icons/flags/tt.png
E:\Jeux\World_of_Tanks\res_mods/mods/shared_resources/xvm/res/icons/flags/lu.png
E:\Jeux\World_of_Tanks\res_mods/mods/shared_resources/xvm/res/icons/flags/bd.png
E:\Jeux\World_of_Tanks\res_mods/mods/shared_resources/xvm/res/icons/flags/sz.png
E:\Jeux\World_of_Tanks\res_mods/mods/shared_resources/xvm/res/icons/flags/ua.png
E:\Jeux\World_of_Tanks\res_mods/mods/shared_resources/xvm/res/icons/flags/se.png
E:\Jeux\World_of_Tanks\res_mods/mods/shared_resources/xvm/res/icons/flags/fk.png
E:\Jeux\World_of_Tanks\res_mods/mods/shared_resources/xvm/res/icons/flags/dj.png
E:\Jeux\World_of_Tanks\res_mods/mods/shared_resources/xvm/res/icons/flags/tm.png
E:\Jeux\World_of_Tanks\res_mods/mods/shared_resources/xvm/res/icons/flags/sa.png
E:\Jeux\World_of_Tanks\res_mods/mods/shared_resources/xvm/res/icons/flags/kn.png
E:\Jeux\World_of_Tanks\res_mods/mods/shared_resources/xvm/res/icons/flags/bb.png
E:\Jeux\World_of_Tanks\res_mods/mods/shared_resources/xvm/res/icons/flags/bj.png
E:\Jeux\World_of_Tanks\res_mods/mods/shared_resources/xvm/res/icons/flags/bi.png
E:\Jeux\World_of_Tanks\res_mods/mods/shared_resources/xvm/res/icons/flags/sm.png
E:\Jeux\World_of_Tanks\res_mods/mods/shared_resources/xvm/res/icons/flags/ke.png
E:\Jeux\World_of_Tanks\res_mods/mods/shared_resources/xvm/res/icons/flags/fi.png
E:\Jeux\World_of_Tanks\res_mods/mods/shared_resources/xvm/res/icons/flags/ma.png
E:\Jeux\World_of_Tanks\res_mods/mods/shared_resources/xvm/res/icons/flags/ng.png
E:\Jeux\World_of_Tanks\res_mods/mods/shared_resources/xvm/res/icons/flags/tg.png
E:\Jeux\World_of_Tanks\res_mods/mods/shared_resources/xvm/res/icons/flags/kg.png
E:\Jeux\World_of_Tanks\res_mods/mods/shared_resources/xvm/res/icons/flags/ch.png
E:\Jeux\World_of_Tanks\res_mods/mods/shared_resources/xvm/res/icons/flags/tw.png
E:\Jeux\World_of_Tanks\res_mods/mods/shared_resources/xvm/res/icons/flags/ar.png
E:\Jeux\World_of_Tanks\res_mods/mods/shared_resources/xvm/res/icons/flags/mk.png
E:\Jeux\World_of_Tanks\res_mods/mods/shared_resources/xvm/res/icons/flags/cm.png
E:\Jeux\World_of_Tanks\res_mods/mods/shared_resources/xvm/res/icons/flags/pg.png
E:\Jeux\World_of_Tanks\res_mods/mods/shared_resources/xvm/res/icons/flags/jp.png
E:\Jeux\World_of_Tanks\res_mods/mods/shared_resources/xvm/res/icons/flags/gh.png
E:\Jeux\World_of_Tanks\res_mods/mods/shared_resources/xvm/res/icons/flags/cr.png
E:\Jeux\World_of_Tanks\res_mods/mods/shared_resources/xvm/res/icons/flags/bh.png
E:\Jeux\World_of_Tanks\res_mods/mods/shared_resources/xvm/res/icons/flags/jo.png
E:\Jeux\World_of_Tanks\res_mods/mods/shared_resources/xvm/res/icons/flags/nr.png
E:\Jeux\World_of_Tanks\res_mods/mods/shared_resources/xvm/res/icons/flags/mv.png
E:\Jeux\World_of_Tanks\res_mods/mods/shared_resources/xvm/res/icons/flags/gq.png
E:\Jeux\World_of_Tanks\res_mods/mods/shared_resources/xvm/res/icons/flags/mg.png
E:\Jeux\World_of_Tanks\res_mods/mods/shared_resources/xvm/res/icons/flags/il.png
E:\Jeux\World_of_Tanks\res_mods/mods/shared_resources/xvm/res/icons/flags/th.png
E:\Jeux\World_of_Tanks\res_mods/mods/shared_resources/xvm/res/icons/flags/am.png
E:\Jeux\World_of_Tanks\res_mods/mods/shared_resources/xvm/res/icons/flags/si.png
E:\Jeux\World_of_Tanks\res_mods/mods/shared_resources/xvm/res/icons/flags/bs.png
E:\Jeux\World_of_Tanks\res_mods/mods/shared_resources/xvm/res/icons/flags/ml.png
E:\Jeux\World_of_Tanks\res_mods/mods/shared_resources/xvm/res/icons/flags/al.png
E:\Jeux\World_of_Tanks\res_mods/mods/shared_resources/xvm/res/icons/flags/om.png
E:\Jeux\World_of_Tanks\res_mods/mods/shared_resources/xvm/res/icons/flags/mn.png
E:\Jeux\World_of_Tanks\res_mods/mods/shared_resources/xvm/res/icons/flags/lc.png
E:\Jeux\World_of_Tanks\res_mods/mods/shared_resources/xvm/res/icons/flags/sk.png
E:\Jeux\World_of_Tanks\res_mods/mods/shared_resources/xvm/res/icons/flags/mm.png
E:\Jeux\World_of_Tanks\res_mods/mods/shared_resources/xvm/res/icons/flags/uy.png
E:\Jeux\World_of_Tanks\res_mods/mods/shared_resources/xvm/res/icons/flags/vu.png
E:\Jeux\World_of_Tanks\res_mods/mods/shared_resources/xvm/res/icons/flags/np.png
E:\Jeux\World_of_Tanks\res_mods/mods/shared_resources/xvm/res/icons/flags/er.png
E:\Jeux\World_of_Tanks\res_mods/mods/shared_resources/xvm/res/icons/flags/kp.png
E:\Jeux\World_of_Tanks\res_mods/mods/shared_resources/xvm/res/icons/flags/rw.png
E:\Jeux\World_of_Tanks\res_mods/mods/shared_resources/xvm/res/icons/flags/mc.png
E:\Jeux\World_of_Tanks\res_mods/mods/shared_resources/xvm/res/icons/flags/cv.png
E:\Jeux\World_of_Tanks\res_mods/mods/shared_resources/xvm/res/icons/flags/cu.png
E:\Jeux\World_of_Tanks\res_mods/mods/shared_resources/xvm/res/icons/flags/hu.png
E:\Jeux\World_of_Tanks\res_mods/mods/shared_resources/xvm/res/icons/flags/ye.png
E:\Jeux\World_of_Tanks\res_mods/mods/shared_resources/xvm/res/icons/flags/tr.png
E:\Jeux\World_of_Tanks\res_mods/mods/shared_resources/xvm/res/icons/flags/default.png
E:\Jeux\World_of_Tanks\res_mods/mods/shared_resources/xvm/res/icons/flags/dk.png
E:\Jeux\World_of_Tanks\res_mods/mods/shared_resources/xvm/res/icons/flags/pl.png
E:\Jeux\World_of_Tanks\res_mods/mods/shared_resources/xvm/res/icons/flags/gy.png
E:\Jeux\World_of_Tanks\res_mods/mods/shared_resources/xvm/res/icons/flags/eg.png
E:\Jeux\World_of_Tanks\res_mods/mods/shared_resources/xvm/res/icons/flags/rs.png
E:\Jeux\World_of_Tanks\res_mods/mods/shared_resources/xvm/res/icons/flags/cn.png
E:\Jeux\World_of_Tanks\res_mods/mods/shared_resources/xvm/res/icons/flags/do.png
E:\Jeux\World_of_Tanks\res_mods/mods/shared_resources/xvm/res/icons/flags/td.png
E:\Jeux\World_of_Tanks\res_mods/mods/shared_resources/xvm/res/icons/flags/sy.png
E:\Jeux\World_of_Tanks\res_mods/mods/shared_resources/xvm/res/icons/flags/gd.png
E:\Jeux\World_of_Tanks\res_mods/mods/shared_resources/xvm/res/icons/flags/cd.png
E:\Jeux\World_of_Tanks\res_mods/mods/shared_resources/xvm/res/icons/flags/at.png
E:\Jeux\World_of_Tanks\res_mods/mods/shared_resources/xvm/res/icons/flags/cg.png
E:\Jeux\World_of_Tanks\res_mods/mods/shared_resources/xvm/res/icons/flags/pw.png
E:\Jeux\World_of_Tanks\res_mods/mods/shared_resources/xvm/res/icons/flags/tv.png
E:\Jeux\World_of_Tanks\res_mods/mods/shared_resources/xvm/res/icons/flags/vn.png
E:\Jeux\World_of_Tanks\res_mods/mods/shared_resources/xvm/res/icons/flags/mx.png
E:\Jeux\World_of_Tanks\res_mods/mods/shared_resources/xvm/res/icons/flags/zw.png
E:\Jeux\World_of_Tanks\res_mods/mods/shared_resources/xvm/res/icons/flags/na.png
E:\Jeux\World_of_Tanks\res_mods/mods/shared_resources/xvm/res/icons/flags/ad.png
E:\Jeux\World_of_Tanks\res_mods/mods/shared_resources/xvm/res/icons/flags/to.png
E:\Jeux\World_of_Tanks\res_mods/mods/shared_resources/xvm/res/icons/flags/bt.png
E:\Jeux\World_of_Tanks\res_mods/mods/shared_resources/xvm/res/icons/flags/au.png
E:\Jeux\World_of_Tanks\res_mods/mods/shared_resources/xvm/res/icons/flags/la.png
E:\Jeux\World_of_Tanks\res_mods/mods/shared_resources/xvm/res/icons/flags/pe.png
E:\Jeux\World_of_Tanks\res_mods/mods/shared_resources/xvm/res/icons/flags/lb.png
E:\Jeux\World_of_Tanks\res_mods/mods/shared_resources/xvm/res/icons/flags/bg.png
E:\Jeux\World_of_Tanks\res_mods/mods/shared_resources/xvm/res/icons/flags/no.png
E:\Jeux\World_of_Tanks\res_mods/mods/shared_resources/xvm/res/icons/flags/gb.png
E:\Jeux\World_of_Tanks\res_mods/mods/shared_resources/xvm/res/icons/flags/gm.png
E:\Jeux\World_of_Tanks\res_mods/mods/shared_resources/xvm/res/icons/flags/sd.png
E:\Jeux\World_of_Tanks\res_mods/mods/shared_resources/xvm/res/icons/flags/lk.png
E:\Jeux\World_of_Tanks\res_mods/mods/shared_resources/xvm/res/icons/flags/dz.png
E:\Jeux\World_of_Tanks\res_mods/mods/shared_resources/xvm/res/icons/flags/cy.png
E:\Jeux\World_of_Tanks\res_mods/mods/shared_resources/xvm/res/icons/flags/py.png
E:\Jeux\World_of_Tanks\res_mods/mods/shared_resources/xvm/res/icons/flags/lt.png
E:\Jeux\World_of_Tanks\res_mods/mods/shared_resources/xvm/res/icons/flags/co.png
E:\Jeux\World_of_Tanks\res_mods/mods/shared_resources/xvm/res/icons/flags/pa.png
E:\Jeux\World_of_Tanks\res_mods/mods/shared_resources/xvm/res/icons/flags/ug.png
E:\Jeux\World_of_Tanks\res_mods/mods/shared_resources/xvm/res/icons/flags/mu.png
E:\Jeux\World_of_Tanks\res_mods/mods/shared_resources/xvm/res/icons/flags/bw.png
E:\Jeux\World_of_Tanks\res_mods/mods/shared_resources/xvm/res/icons/flags/et.png
E:\Jeux\World_of_Tanks\res_mods/mods/shared_resources/xvm/res/icons/flags/kh.png
E:\Jeux\World_of_Tanks\res_mods/mods/shared_resources/xvm/res/icons/flags/it.png
E:\Jeux\World_of_Tanks\res_mods/mods/shared_resources/xvm/res/icons/flags/dm.png
E:\Jeux\World_of_Tanks\res_mods/mods/shared_resources/xvm/res/icons/flags/ba.png
E:\Jeux\World_of_Tanks\res_mods/mods/shared_resources/xvm/res/icons/flags/kr.png
E:\Jeux\World_of_Tanks\res_mods/mods/shared_resources/xvm/res/icons/flags/cl.png
E:\Jeux\World_of_Tanks\res_mods/mods/shared_resources/xvm/res/icons/flags/mw.png
E:\Jeux\World_of_Tanks\res_mods/mods/shared_resources/xvm/res/icons/flags/ru.png
E:\Jeux\World_of_Tanks\res_mods/mods/shared_resources/xvm/res/icons/flags/ir.png
E:\Jeux\World_of_Tanks\res_mods/mods/shared_resources/xvm/res/icons/flags/gr.png
E:\Jeux\World_of_Tanks\res_mods/mods/shared_resources/xvm/res/icons/flags/md.png
E:\Jeux\World_of_Tanks\res_mods/mods/shared_resources/xvm/res/icons/flags/sv.png
E:\Jeux\World_of_Tanks\res_mods/mods/shared_resources/xvm/res/icons/flags/vc.png
E:\Jeux\World_of_Tanks\res_mods/mods/shared_resources/xvm/res/icons/flags/is.png
E:\Jeux\World_of_Tanks\res_mods/mods/shared_resources/xvm/res/icons/flags/uz.png
E:\Jeux\World_of_Tanks\res_mods/mods/shared_resources/xvm/res/icons/flags/af.png
E:\Jeux\World_of_Tanks\res_mods/mods/shared_resources/xvm/res/icons/flags/mt.png
E:\Jeux\World_of_Tanks\res_mods/mods/shared_resources/xvm/res/icons/flags/km.png
E:\Jeux\World_of_Tanks\res_mods/mods/shared_resources/xvm/res/icons/flags/pt.png
E:\Jeux\World_of_Tanks\res_mods/mods/shared_resources/xvm/res/icons/flags/bo.png
E:\Jeux\World_of_Tanks\res_mods/mods/shared_resources/xvm/res/icons/flags/sc.png
E:\Jeux\World_of_Tanks\res_mods/mods/shared_resources/xvm/res/icons/flags/tn.png
E:\Jeux\World_of_Tanks\res_mods/mods/shared_resources/xvm/res/icons/flags/ki.png
E:\Jeux\World_of_Tanks\res_mods/mods/shared_resources/xvm/res/icons/flags/cf.png
E:\Jeux\World_of_Tanks\res_mods/mods/shared_resources/xvm/res/icons/flags/qa.png
E:\Jeux\World_of_Tanks\res_mods/mods/shared_resources/xvm/res/icons/flags/br.png
E:\Jeux\World_of_Tanks\res_mods/mods/shared_resources/xvm/res/icons/flags/ge.png
E:\Jeux\World_of_Tanks\res_mods/mods/shared_resources/xvm/res/icons/flags/ps.png
E:\Jeux\World_of_Tanks\res_mods/mods/shared_resources/xvm/res/icons/flags/sl.png
E:\Jeux\World_of_Tanks\res_mods/mods/shared_resources/xvm/res/icons/flags/nu.png
E:\Jeux\World_of_Tanks\res_mods/mods/shared_resources/xvm/res/icons/flags/ly.png
E:\Jeux\World_of_Tanks\res_mods/mods/shared_resources/xvm/res/icons/xvm/
E:\Jeux\World_of_Tanks\res_mods/mods/shared_resources/xvm/res/icons/xvm/16x16.png
E:\Jeux\World_of_Tanks\res_mods/mods/shared_resources/xvm/res/icons/xvm/8x8.png
E:\Jeux\World_of_Tanks\res_mods/mods/shared_resources/xvm/res/icons/xvm/8x8t.png
E:\Jeux\World_of_Tanks\res_mods/mods/shared_resources/xvm/res/icons/xvm/32x32.png
E:\Jeux\World_of_Tanks\res_mods/mods/shared_resources/xvm/res/icons/xvm/xvm-user-none.png
E:\Jeux\World_of_Tanks\res_mods/mods/shared_resources/xvm/res/icons/xvm/22x22t.png
E:\Jeux\World_of_Tanks\res_mods/mods/shared_resources/xvm/res/icons/xvm/xvm-user-off.png
E:\Jeux\World_of_Tanks\res_mods/mods/shared_resources/xvm/res/icons/xvm/16x16t.png
E:\Jeux\World_of_Tanks\res_mods/mods/shared_resources/xvm/res/icons/xvm/22x22.png
E:\Jeux\World_of_Tanks\res_mods/mods/shared_resources/xvm/res/icons/xvm/96x96t.png
E:\Jeux\World_of_Tanks\res_mods/mods/shared_resources/xvm/res/icons/xvm/xvm-user-on.png
E:\Jeux\World_of_Tanks\res_mods/mods/shared_resources/xvm/res/icons/xvm/64x64t.png
E:\Jeux\World_of_Tanks\res_mods/mods/shared_resources/xvm/res/icons/xvm/32x32t.png
E:\Jeux\World_of_Tanks\res_mods/mods/shared_resources/xvm/res/icons/xvm/96x96.png
E:\Jeux\World_of_Tanks\res_mods/mods/shared_resources/xvm/res/icons/xvm/64x64.png
E:\Jeux\World_of_Tanks\res_mods/mods/shared_resources/xvm/res/icons/Efficiency/
E:\Jeux\World_of_Tanks\res_mods/mods/shared_resources/xvm/res/icons/Efficiency/reflect.png
E:\Jeux\World_of_Tanks\res_mods/mods/shared_resources/xvm/res/icons/Efficiency/stun.png
E:\Jeux\World_of_Tanks\res_mods/mods/shared_resources/xvm/res/icons/Efficiency/assist.png
E:\Jeux\World_of_Tanks\res_mods/mods/shared_resources/xvm/res/icons/Efficiency/damage.png
E:\Jeux\World_of_Tanks\res_mods/mods/shared_resources/xvm/res/icons/Efficiency/discover.png
E:\Jeux\World_of_Tanks\res_mods/mods/shared_resources/xvm/res/icons/barracks/
E:\Jeux\World_of_Tanks\res_mods/mods/shared_resources/xvm/res/icons/barracks/nations/
E:\Jeux\World_of_Tanks\res_mods/mods/shared_resources/xvm/res/icons/barracks/nations/czech.png
E:\Jeux\World_of_Tanks\res_mods/mods/shared_resources/xvm/res/icons/barracks/nations/germany.png
E:\Jeux\World_of_Tanks\res_mods/mods/shared_resources/xvm/res/icons/barracks/nations/china.png
E:\Jeux\World_of_Tanks\res_mods/mods/shared_resources/xvm/res/icons/barracks/nations/france.png
E:\Jeux\World_of_Tanks\res_mods/mods/shared_resources/xvm/res/icons/barracks/nations/sweden.png
E:\Jeux\World_of_Tanks\res_mods/mods/shared_resources/xvm/res/icons/barracks/nations/japan.png
E:\Jeux\World_of_Tanks\res_mods/mods/shared_resources/xvm/res/icons/barracks/nations/usa.png
E:\Jeux\World_of_Tanks\res_mods/mods/shared_resources/xvm/res/icons/barracks/nations/uk.png
E:\Jeux\World_of_Tanks\res_mods/mods/shared_resources/xvm/res/icons/barracks/nations/ussr.png
E:\Jeux\World_of_Tanks\res_mods/mods/shared_resources/xvm/res/icons/barracks/nations/poland.png
E:\Jeux\World_of_Tanks\res_mods/mods/shared_resources/xvm/res/icons/barracks/nations/info.txt
E:\Jeux\World_of_Tanks\res_mods/mods/shared_resources/xvm/res/icons/barracks/skills/
E:\Jeux\World_of_Tanks\res_mods/mods/shared_resources/xvm/res/icons/barracks/skills/gunner_sniper.png
E:\Jeux\World_of_Tanks\res_mods/mods/shared_resources/xvm/res/icons/barracks/skills/driver_smoothDriving.png
E:\Jeux\World_of_Tanks\res_mods/mods/shared_resources/xvm/res/icons/barracks/skills/radioman_lastEffort.png
E:\Jeux\World_of_Tanks\res_mods/mods/shared_resources/xvm/res/icons/barracks/skills/driver_virtuoso.png
E:\Jeux\World_of_Tanks\res_mods/mods/shared_resources/xvm/res/icons/barracks/skills/commander_sixthSense.png
E:\Jeux\World_of_Tanks\res_mods/mods/shared_resources/xvm/res/icons/barracks/skills/radioman_inventor.png
E:\Jeux\World_of_Tanks\res_mods/mods/shared_resources/xvm/res/icons/barracks/skills/radioman_retransmitter.png
E:\Jeux\World_of_Tanks\res_mods/mods/shared_resources/xvm/res/icons/barracks/skills/commander_eagleEye.png
E:\Jeux\World_of_Tanks\res_mods/mods/shared_resources/xvm/res/icons/barracks/skills/radioman_finder.png
E:\Jeux\World_of_Tanks\res_mods/mods/shared_resources/xvm/res/icons/barracks/skills/fireFighting.png
E:\Jeux\World_of_Tanks\res_mods/mods/shared_resources/xvm/res/icons/barracks/skills/new_skill.png
E:\Jeux\World_of_Tanks\res_mods/mods/shared_resources/xvm/res/icons/barracks/skills/loader_desperado.png
E:\Jeux\World_of_Tanks\res_mods/mods/shared_resources/xvm/res/icons/barracks/skills/commander_tutor.png
E:\Jeux\World_of_Tanks\res_mods/mods/shared_resources/xvm/res/icons/barracks/skills/driver_badRoadsKing.png
E:\Jeux\World_of_Tanks\res_mods/mods/shared_resources/xvm/res/icons/barracks/skills/camouflage.png
E:\Jeux\World_of_Tanks\res_mods/mods/shared_resources/xvm/res/icons/barracks/skills/driver_tidyPerson.png
E:\Jeux\World_of_Tanks\res_mods/mods/shared_resources/xvm/res/icons/barracks/skills/brotherhood.png
E:\Jeux\World_of_Tanks\res_mods/mods/shared_resources/xvm/res/icons/barracks/skills/gunner_woodHunter.png
E:\Jeux\World_of_Tanks\res_mods/mods/shared_resources/xvm/res/icons/barracks/skills/loader_pedant.png
E:\Jeux\World_of_Tanks\res_mods/mods/shared_resources/xvm/res/icons/barracks/skills/gunner_rancorous.png
E:\Jeux\World_of_Tanks\res_mods/mods/shared_resources/xvm/res/icons/barracks/skills/driver_rammingMaster.png
E:\Jeux\World_of_Tanks\res_mods/mods/shared_resources/xvm/res/icons/barracks/skills/info.txt
E:\Jeux\World_of_Tanks\res_mods/mods/shared_resources/xvm/res/icons/barracks/skills/loader_intuition.png
E:\Jeux\World_of_Tanks\res_mods/mods/shared_resources/xvm/res/icons/barracks/skills/gunner_smoothTurret.png
E:\Jeux\World_of_Tanks\res_mods/mods/shared_resources/xvm/res/icons/barracks/skills/commander_universalist.png
E:\Jeux\World_of_Tanks\res_mods/mods/shared_resources/xvm/res/icons/barracks/skills/commander_expert.png
E:\Jeux\World_of_Tanks\res_mods/mods/shared_resources/xvm/res/icons/barracks/skills/repair.png
E:\Jeux\World_of_Tanks\res_mods/mods/shared_resources/xvm/res/icons/barracks/skills/gunner_gunsmith.png
E:\Jeux\World_of_Tanks\res_mods/mods/shared_resources/xvm/res/icons/carousel/
E:\Jeux\World_of_Tanks\res_mods/mods/shared_resources/xvm/res/icons/carousel/battles.png
E:\Jeux\World_of_Tanks\res_mods/mods/shared_resources/xvm/res/icons/carousel/wins.png
E:\Jeux\World_of_Tanks\res_mods/mods/shared_resources/xvm/res/icons/carousel/damage.png
E:\Jeux\World_of_Tanks\res_mods/mods/shared_resources/xvm/res/icons/carousel/filter/
E:\Jeux\World_of_Tanks\res_mods/mods/shared_resources/xvm/res/icons/carousel/filter/fullcrew.png
E:\Jeux\World_of_Tanks\res_mods/mods/shared_resources/xvm/res/icons/carousel/filter/premium.png
E:\Jeux\World_of_Tanks\res_mods/mods/shared_resources/xvm/res/icons/carousel/filter/nonelite.png
E:\Jeux\World_of_Tanks\res_mods/mods/shared_resources/xvm/res/icons/carousel/filter/reserve.png
E:\Jeux\World_of_Tanks\res_mods/mods/shared_resources/xvm/res/icons/carousel/filter/normal.png
E:\Jeux\World_of_Tanks\res_mods/mods/shared_resources/xvm/res/icons/carousel/filter/elite.png
E:\Jeux\World_of_Tanks\res_mods/mods/shared_resources/xvm/res/icons/carousel/filter/nomaster.png
E:\Jeux\World_of_Tanks\res_mods/mods/shared_resources/xvm/res/SixthSense.png.sample
E:\Jeux\World_of_Tanks\mods/
E:\Jeux\World_of_Tanks\mods/0.9.20.1.2/
E:\Jeux\World_of_Tanks\mods/0.9.20.1.2/com.modxvm.xfw_7.2.2.840.wotmod
E:\Jeux\World_of_Tanks\_readme/
E:\Jeux\World_of_Tanks\_readme/readme-cz.txt
E:\Jeux\World_of_Tanks\_readme/readme-en.txt
E:\Jeux\World_of_Tanks\_readme/readme-fr.txt
E:\Jeux\World_of_Tanks\_readme/readme-pl.txt
E:\Jeux\World_of_Tanks\_readme/readme-ru.txt
E:\Jeux\World_of_Tanks\res_mods/configs/xvm/default_backup/
E:\Jeux\World_of_Tanks\res_mods/configs/xvm/default_backup/@xvm.xc
E:\Jeux\World_of_Tanks\res_mods/configs/xvm/default_backup/alpha.xc
E:\Jeux\World_of_Tanks\res_mods/configs/xvm/default_backup/battle.xc
E:\Jeux\World_of_Tanks\res_mods/configs/xvm/default_backup/battleLabels.xc
E:\Jeux\World_of_Tanks\res_mods/configs/xvm/default_backup/battleLabelsTemplates.xc
E:\Jeux\World_of_Tanks\res_mods/configs/xvm/default_backup/battleLoading.xc
E:\Jeux\World_of_Tanks\res_mods/configs/xvm/default_backup/battleLoadingTips.xc
E:\Jeux\World_of_Tanks\res_mods/configs/xvm/default_backup/battleResults.xc
E:\Jeux\World_of_Tanks\res_mods/configs/xvm/default_backup/camera.xc
E:\Jeux\World_of_Tanks\res_mods/configs/xvm/default_backup/captureBar.xc
E:\Jeux\World_of_Tanks\res_mods/configs/xvm/default_backup/carousel.xc
E:\Jeux\World_of_Tanks\res_mods/configs/xvm/default_backup/carouselNormal.xc
E:\Jeux\World_of_Tanks\res_mods/configs/xvm/default_backup/carouselSmall.xc
E:\Jeux\World_of_Tanks\res_mods/configs/xvm/default_backup/colors.xc
E:\Jeux\World_of_Tanks\res_mods/configs/xvm/default_backup/damageLog.xc
E:\Jeux\World_of_Tanks\res_mods/configs/xvm/default_backup/elements.xc
E:\Jeux\World_of_Tanks\res_mods/configs/xvm/default_backup/export.xc
E:\Jeux\World_of_Tanks\res_mods/configs/xvm/default_backup/hangar.xc
E:\Jeux\World_of_Tanks\res_mods/configs/xvm/default_backup/hitLog.xc
E:\Jeux\World_of_Tanks\res_mods/configs/xvm/default_backup/hotkeys.xc
E:\Jeux\World_of_Tanks\res_mods/configs/xvm/default_backup/iconset.xc
E:\Jeux\World_of_Tanks\res_mods/configs/xvm/default_backup/login.xc
E:\Jeux\World_of_Tanks\res_mods/configs/xvm/default_backup/markers.xc
E:\Jeux\World_of_Tanks\res_mods/configs/xvm/default_backup/markersAliveExtended.xc
E:\Jeux\World_of_Tanks\res_mods/configs/xvm/default_backup/markersAliveNormal.xc
E:\Jeux\World_of_Tanks\res_mods/configs/xvm/default_backup/markersDeadExtended.xc
E:\Jeux\World_of_Tanks\res_mods/configs/xvm/default_backup/markersDeadNormal.xc
E:\Jeux\World_of_Tanks\res_mods/configs/xvm/default_backup/minimap.xc
E:\Jeux\World_of_Tanks\res_mods/configs/xvm/default_backup/minimapAlt.xc
E:\Jeux\World_of_Tanks\res_mods/configs/xvm/default_backup/minimapCircles.xc
E:\Jeux\World_of_Tanks\res_mods/configs/xvm/default_backup/minimapLabels.xc
E:\Jeux\World_of_Tanks\res_mods/configs/xvm/default_backup/minimapLabelsAlt.xc
E:\Jeux\World_of_Tanks\res_mods/configs/xvm/default_backup/minimapLabelsData.xc
E:\Jeux\World_of_Tanks\res_mods/configs/xvm/default_backup/minimapLabelsTemplates.xc
E:\Jeux\World_of_Tanks\res_mods/configs/xvm/default_backup/minimapLines.xc
E:\Jeux\World_of_Tanks\res_mods/configs/xvm/default_backup/minimapMapSize.xc
E:\Jeux\World_of_Tanks\res_mods/configs/xvm/default_backup/playersPanel.xc
E:\Jeux\World_of_Tanks\res_mods/configs/xvm/default_backup/sounds.xc
E:\Jeux\World_of_Tanks\res_mods/configs/xvm/default_backup/squad.xc
E:\Jeux\World_of_Tanks\res_mods/configs/xvm/default_backup/statisticForm.xc
E:\Jeux\World_of_Tanks\res_mods/configs/xvm/default_backup/texts.xc
E:\Jeux\World_of_Tanks\res_mods/configs/xvm/default_backup/tooltips.xc
E:\Jeux\World_of_Tanks\res_mods/configs/xvm/default_backup/tweaks.xc
E:\Jeux\World_of_Tanks\res_mods/configs/xvm/default_backup/userInfo.xc
E:\Jeux\World_of_Tanks\res_mods/configs/xvm/default_backup/vehicleNames.xc
E:\Jeux\World_of_Tanks\res_mods/configs/xvm/default_backup/widgets.xc
E:\Jeux\World_of_Tanks\res_mods/configs/xvm/default_backup/widgetsTemplates.xc
E:\Jeux\World_of_Tanks\res_mods/configs/xvm/default_backup/xmqp.xc
/*  Dependency_Crosshair_Sight_0.9.20.1.1_2017-10-25  */
E:\Jeux\World_of_Tanks\mods/
E:\Jeux\World_of_Tanks\mods/0.9.20.1.2/
E:\Jeux\World_of_Tanks\mods/0.9.20.1.2/crosshair_script.wotmod
E:\Jeux\World_of_Tanks\_readme/
/*  XVM_config_builder_damage_log_disable  */
E:\Jeux\World_of_Tanks\_patch/
E:\Jeux\World_of_Tanks\_patch/000.xml
/*  Dependency_PMOD_29-2_2017-10-26  */
E:\Jeux\World_of_Tanks\mods/
E:\Jeux\World_of_Tanks\mods/configs/
E:\Jeux\World_of_Tanks\mods/configs/pmod/
E:\Jeux\World_of_Tanks\mods/configs/pmod/battleChat.json
E:\Jeux\World_of_Tanks\mods/configs/pmod/battleGui.json
E:\Jeux\World_of_Tanks\mods/configs/pmod/cameraOptions.json
E:\Jeux\World_of_Tanks\mods/configs/pmod/defaultZoom.json
E:\Jeux\World_of_Tanks\mods/configs/pmod/detectionState/
E:\Jeux\World_of_Tanks\mods/configs/pmod/detectionState/black.png
E:\Jeux\World_of_Tanks\mods/configs/pmod/detectionState/gray.png
E:\Jeux\World_of_Tanks\mods/configs/pmod/detectionState/green.png
E:\Jeux\World_of_Tanks\mods/configs/pmod/detectionState/red.png
E:\Jeux\World_of_Tanks\mods/configs/pmod/detectionState/yellow.png
E:\Jeux\World_of_Tanks\mods/configs/pmod/gunMarkers/
E:\Jeux\World_of_Tanks\mods/configs/pmod/gunMarkers/blue.dds
E:\Jeux\World_of_Tanks\mods/configs/pmod/gunMarkers/crakker.dds
E:\Jeux\World_of_Tanks\mods/configs/pmod/gunMarkers/green.dds
E:\Jeux\World_of_Tanks\mods/configs/pmod/gunMarkers/standart.dds
E:\Jeux\World_of_Tanks\mods/configs/pmod/hangar.json
E:\Jeux\World_of_Tanks\mods/configs/pmod/horizontalStabilizer.json
E:\Jeux\World_of_Tanks\mods/configs/pmod/loginWindow.json
E:\Jeux\World_of_Tanks\mods/configs/pmod/noBinoculars.json
E:\Jeux\World_of_Tanks\mods/configs/pmod/noDynamic.json
E:\Jeux\World_of_Tanks\mods/configs/pmod/onStartDeadDistance.json
E:\Jeux\World_of_Tanks\mods/configs/pmod/pmod.json
E:\Jeux\World_of_Tanks\mods/configs/pmod/reducedArmor.json
E:\Jeux\World_of_Tanks\mods/configs/pmod/scrollSensitivity.json
E:\Jeux\World_of_Tanks\mods/configs/pmod/serverDispersionCircle.json
E:\Jeux\World_of_Tanks\mods/configs/pmod/sessionStatistic.json
E:\Jeux\World_of_Tanks\mods/configs/pmod/skins/
E:\Jeux\World_of_Tanks\mods/configs/pmod/skins/2rokk/
E:\Jeux\World_of_Tanks\mods/configs/pmod/skins/2rokk/battleChat.json
E:\Jeux\World_of_Tanks\mods/configs/pmod/skins/2rokk/images/
E:\Jeux\World_of_Tanks\mods/configs/pmod/skins/2rokk/images/all.png
E:\Jeux\World_of_Tanks\mods/configs/pmod/skins/2rokk/images/bg/
E:\Jeux\World_of_Tanks\mods/configs/pmod/skins/2rokk/images/bg/statBg_def.png
E:\Jeux\World_of_Tanks\mods/configs/pmod/skins/2rokk/images/bg/statBg_draw.png
E:\Jeux\World_of_Tanks\mods/configs/pmod/skins/2rokk/images/bg/statBg_win.png
E:\Jeux\World_of_Tanks\mods/configs/pmod/skins/2rokk/images/bg/stat_bg_#00b414.png
E:\Jeux\World_of_Tanks\mods/configs/pmod/skins/2rokk/images/bg/stat_bg_#02C9B3.png
E:\Jeux\World_of_Tanks\mods/configs/pmod/skins/2rokk/images/bg/stat_bg_#D042F3.png
E:\Jeux\World_of_Tanks\mods/configs/pmod/skins/2rokk/images/bg/stat_bg_#F8F400.png
E:\Jeux\World_of_Tanks\mods/configs/pmod/skins/2rokk/images/bg/stat_bg_#FE7903.png
E:\Jeux\World_of_Tanks\mods/configs/pmod/skins/2rokk/images/bg/stat_bg_#ff0000.png
E:\Jeux\World_of_Tanks\mods/configs/pmod/skins/2rokk/images/bg/stat_bg_default.png
E:\Jeux\World_of_Tanks\mods/configs/pmod/skins/2rokk/images/comp.png
E:\Jeux\World_of_Tanks\mods/configs/pmod/skins/2rokk/images/cred.png
E:\Jeux\World_of_Tanks\mods/configs/pmod/skins/2rokk/images/def.png
E:\Jeux\World_of_Tanks\mods/configs/pmod/skins/2rokk/images/draw.png
E:\Jeux\World_of_Tanks\mods/configs/pmod/skins/2rokk/images/exp.png
E:\Jeux\World_of_Tanks\mods/configs/pmod/skins/2rokk/images/flag.png
E:\Jeux\World_of_Tanks\mods/configs/pmod/skins/2rokk/images/flag_d.png
E:\Jeux\World_of_Tanks\mods/configs/pmod/skins/2rokk/images/flag_w.png
E:\Jeux\World_of_Tanks\mods/configs/pmod/skins/2rokk/images/GoldStarIcon-1.png
E:\Jeux\World_of_Tanks\mods/configs/pmod/skins/2rokk/images/href.png
E:\Jeux\World_of_Tanks\mods/configs/pmod/skins/2rokk/images/href2.png
E:\Jeux\World_of_Tanks\mods/configs/pmod/skins/2rokk/images/href21.png
E:\Jeux\World_of_Tanks\mods/configs/pmod/skins/2rokk/images/jiv1.png
E:\Jeux\World_of_Tanks\mods/configs/pmod/skins/2rokk/images/jiv2.png
E:\Jeux\World_of_Tanks\mods/configs/pmod/skins/2rokk/images/map_.png
E:\Jeux\World_of_Tanks\mods/configs/pmod/skins/2rokk/images/peni.png
E:\Jeux\World_of_Tanks\mods/configs/pmod/skins/2rokk/images/PersonalAchievementsIcon-1.png
E:\Jeux\World_of_Tanks\mods/configs/pmod/skins/2rokk/images/PowerlevelIcon-1.png
E:\Jeux\World_of_Tanks\mods/configs/pmod/skins/2rokk/images/rating/
E:\Jeux\World_of_Tanks\mods/configs/pmod/skins/2rokk/images/rating/rating_#02C9B3.png
E:\Jeux\World_of_Tanks\mods/configs/pmod/skins/2rokk/images/rating/rating_#60FF00.png
E:\Jeux\World_of_Tanks\mods/configs/pmod/skins/2rokk/images/rating/rating_#D042F3.png
E:\Jeux\World_of_Tanks\mods/configs/pmod/skins/2rokk/images/rating/rating_#F8F400.png
E:\Jeux\World_of_Tanks\mods/configs/pmod/skins/2rokk/images/rating/rating_#FE0E00.png
E:\Jeux\World_of_Tanks\mods/configs/pmod/skins/2rokk/images/rating/rating_#FE7903.png
E:\Jeux\World_of_Tanks\mods/configs/pmod/skins/2rokk/images/survival40x32.png
E:\Jeux\World_of_Tanks\mods/configs/pmod/skins/2rokk/images/tank.png
E:\Jeux\World_of_Tanks\mods/configs/pmod/skins/2rokk/images/time1.png
E:\Jeux\World_of_Tanks\mods/configs/pmod/skins/2rokk/images/time2.png
E:\Jeux\World_of_Tanks\mods/configs/pmod/skins/2rokk/images/win.png
E:\Jeux\World_of_Tanks\mods/configs/pmod/skins/2rokk/images/wins40x32.png
E:\Jeux\World_of_Tanks\mods/configs/pmod/skins/2rokk/images/wn.png
E:\Jeux\World_of_Tanks\mods/configs/pmod/skins/2rokk/sessionStatistic.json
E:\Jeux\World_of_Tanks\mods/configs/pmod/skins/2rokk/systemMessages.json
E:\Jeux\World_of_Tanks\mods/configs/pmod/skins/2rokk/_colors.json
E:\Jeux\World_of_Tanks\mods/configs/pmod/skins/antoshkaaa/
E:\Jeux\World_of_Tanks\mods/configs/pmod/skins/antoshkaaa/battleChat.json
E:\Jeux\World_of_Tanks\mods/configs/pmod/skins/antoshkaaa/icons/
E:\Jeux\World_of_Tanks\mods/configs/pmod/skins/antoshkaaa/icons/#83be46.png
E:\Jeux\World_of_Tanks\mods/configs/pmod/skins/antoshkaaa/icons/#d3dad3.png
E:\Jeux\World_of_Tanks\mods/configs/pmod/skins/antoshkaaa/icons/BackgroundNull.png
E:\Jeux\World_of_Tanks\mods/configs/pmod/skins/antoshkaaa/icons/WinRate#83be46.png
E:\Jeux\World_of_Tanks\mods/configs/pmod/skins/antoshkaaa/icons/WinRate#d3dad3.png
E:\Jeux\World_of_Tanks\mods/configs/pmod/skins/antoshkaaa/icons/WinRate#ee2222.png
E:\Jeux\World_of_Tanks\mods/configs/pmod/skins/antoshkaaa/sessionStatistic.json
E:\Jeux\World_of_Tanks\mods/configs/pmod/skins/antoshkaaa/systemMessages.json
E:\Jeux\World_of_Tanks\mods/configs/pmod/skins/armagomen/
E:\Jeux\World_of_Tanks\mods/configs/pmod/skins/armagomen/battleChat.json
E:\Jeux\World_of_Tanks\mods/configs/pmod/skins/armagomen/images/
E:\Jeux\World_of_Tanks\mods/configs/pmod/skins/armagomen/images/#60FF00.png
E:\Jeux\World_of_Tanks\mods/configs/pmod/skins/armagomen/images/#60FF00_ico.png
E:\Jeux\World_of_Tanks\mods/configs/pmod/skins/armagomen/images/#C0C0C0.png
E:\Jeux\World_of_Tanks\mods/configs/pmod/skins/armagomen/images/#C0C0C0_ico.png
E:\Jeux\World_of_Tanks\mods/configs/pmod/skins/armagomen/images/assist.png
E:\Jeux\World_of_Tanks\mods/configs/pmod/skins/armagomen/images/base_attak.png
E:\Jeux\World_of_Tanks\mods/configs/pmod/skins/armagomen/images/base_def.png
E:\Jeux\World_of_Tanks\mods/configs/pmod/skins/armagomen/images/BattleResult.png
E:\Jeux\World_of_Tanks\mods/configs/pmod/skins/armagomen/images/battleResultDefeat.png
E:\Jeux\World_of_Tanks\mods/configs/pmod/skins/armagomen/images/battleResultDraw.png
E:\Jeux\World_of_Tanks\mods/configs/pmod/skins/armagomen/images/battleResultWin.png
E:\Jeux\World_of_Tanks\mods/configs/pmod/skins/armagomen/images/Credits.png
E:\Jeux\World_of_Tanks\mods/configs/pmod/skins/armagomen/images/damage.png
E:\Jeux\World_of_Tanks\mods/configs/pmod/skins/armagomen/images/destr.png
E:\Jeux\World_of_Tanks\mods/configs/pmod/skins/armagomen/images/exp.png
E:\Jeux\World_of_Tanks\mods/configs/pmod/skins/armagomen/images/found.png
E:\Jeux\World_of_Tanks\mods/configs/pmod/skins/armagomen/images/freexp.png
E:\Jeux\World_of_Tanks\mods/configs/pmod/skins/armagomen/images/Gold.png
E:\Jeux\World_of_Tanks\mods/configs/pmod/skins/armagomen/images/Head.png
E:\Jeux\World_of_Tanks\mods/configs/pmod/skins/armagomen/images/hits.png
E:\Jeux\World_of_Tanks\mods/configs/pmod/skins/armagomen/images/line1.png
E:\Jeux\World_of_Tanks\mods/configs/pmod/skins/armagomen/images/line2.png
E:\Jeux\World_of_Tanks\mods/configs/pmod/skins/armagomen/images/marks.png
E:\Jeux\World_of_Tanks\mods/configs/pmod/skins/armagomen/sessionStatistic.json
E:\Jeux\World_of_Tanks\mods/configs/pmod/skins/armagomen/systemMessages.json
E:\Jeux\World_of_Tanks\mods/configs/pmod/skins/default/
E:\Jeux\World_of_Tanks\mods/configs/pmod/skins/default/battleChat.json
E:\Jeux\World_of_Tanks\mods/configs/pmod/skins/default/images/
E:\Jeux\World_of_Tanks\mods/configs/pmod/skins/default/images/battleResultDefeat.png
E:\Jeux\World_of_Tanks\mods/configs/pmod/skins/default/images/battleResultDraft.png
E:\Jeux\World_of_Tanks\mods/configs/pmod/skins/default/images/battleResultWin.png
E:\Jeux\World_of_Tanks\mods/configs/pmod/skins/default/images/green.png
E:\Jeux\World_of_Tanks\mods/configs/pmod/skins/default/images/line.png
E:\Jeux\World_of_Tanks\mods/configs/pmod/skins/default/images/line2.png
E:\Jeux\World_of_Tanks\mods/configs/pmod/skins/default/images/null.png
E:\Jeux\World_of_Tanks\mods/configs/pmod/skins/default/images/red.png
E:\Jeux\World_of_Tanks\mods/configs/pmod/skins/default/images/sessionStatisticBackgroundCyan.png
E:\Jeux\World_of_Tanks\mods/configs/pmod/skins/default/images/sessionStatisticBackgroundGreen.png
E:\Jeux\World_of_Tanks\mods/configs/pmod/skins/default/images/sessionStatisticBackgroundNull.png
E:\Jeux\World_of_Tanks\mods/configs/pmod/skins/default/images/sessionStatisticBackgroundOrange.png
E:\Jeux\World_of_Tanks\mods/configs/pmod/skins/default/images/sessionStatisticBackgroundPurple.png
E:\Jeux\World_of_Tanks\mods/configs/pmod/skins/default/images/sessionStatisticBackgroundRed.png
E:\Jeux\World_of_Tanks\mods/configs/pmod/skins/default/images/sessionStatisticBackgroundYellow.png
E:\Jeux\World_of_Tanks\mods/configs/pmod/skins/default/images/statOnTanks.png
E:\Jeux\World_of_Tanks\mods/configs/pmod/skins/default/sessionStatistic.json
E:\Jeux\World_of_Tanks\mods/configs/pmod/skins/default/sessionStatistic_newFeatures.json
E:\Jeux\World_of_Tanks\mods/configs/pmod/skins/default/systemMessages.json
E:\Jeux\World_of_Tanks\mods/configs/pmod/skins/demon2597/
E:\Jeux\World_of_Tanks\mods/configs/pmod/skins/demon2597/battleChat.json
E:\Jeux\World_of_Tanks\mods/configs/pmod/skins/demon2597/img/
E:\Jeux\World_of_Tanks\mods/configs/pmod/skins/demon2597/img/battleResultDefeat-1.png
E:\Jeux\World_of_Tanks\mods/configs/pmod/skins/demon2597/img/battleResultDefeat.png
E:\Jeux\World_of_Tanks\mods/configs/pmod/skins/demon2597/img/battleResultDraw-1.png
E:\Jeux\World_of_Tanks\mods/configs/pmod/skins/demon2597/img/battleResultDraw.png
E:\Jeux\World_of_Tanks\mods/configs/pmod/skins/demon2597/img/battleResultWin-1.png
E:\Jeux\World_of_Tanks\mods/configs/pmod/skins/demon2597/img/battleResultWin.png
E:\Jeux\World_of_Tanks\mods/configs/pmod/skins/demon2597/img/buttonClear.png
E:\Jeux\World_of_Tanks\mods/configs/pmod/skins/demon2597/img/buttonGeneral.png
E:\Jeux\World_of_Tanks\mods/configs/pmod/skins/demon2597/img/buttonVehicle.png
E:\Jeux\World_of_Tanks\mods/configs/pmod/skins/demon2597/img/page.png
E:\Jeux\World_of_Tanks\mods/configs/pmod/skins/demon2597/img/StatBg#00CC00.png
E:\Jeux\World_of_Tanks\mods/configs/pmod/skins/demon2597/img/StatBg#00CC00Cyan.png
E:\Jeux\World_of_Tanks\mods/configs/pmod/skins/demon2597/img/StatBg#00CC00Green.png
E:\Jeux\World_of_Tanks\mods/configs/pmod/skins/demon2597/img/StatBg#00CC00Orange.png
E:\Jeux\World_of_Tanks\mods/configs/pmod/skins/demon2597/img/StatBg#00CC00Purple.png
E:\Jeux\World_of_Tanks\mods/configs/pmod/skins/demon2597/img/StatBg#00CC00Red.png
E:\Jeux\World_of_Tanks\mods/configs/pmod/skins/demon2597/img/StatBg#00CC00Yellow.png
E:\Jeux\World_of_Tanks\mods/configs/pmod/skins/demon2597/img/StatBg#F01818.png
E:\Jeux\World_of_Tanks\mods/configs/pmod/skins/demon2597/img/StatBg#F01818Cyan.png
E:\Jeux\World_of_Tanks\mods/configs/pmod/skins/demon2597/img/StatBg#F01818Green.png
E:\Jeux\World_of_Tanks\mods/configs/pmod/skins/demon2597/img/StatBg#F01818Orange.png
E:\Jeux\World_of_Tanks\mods/configs/pmod/skins/demon2597/img/StatBg#F01818Purple.png
E:\Jeux\World_of_Tanks\mods/configs/pmod/skins/demon2597/img/StatBg#F01818Red.png
E:\Jeux\World_of_Tanks\mods/configs/pmod/skins/demon2597/img/StatBg#F01818Yellow.png
E:\Jeux\World_of_Tanks\mods/configs/pmod/skins/demon2597/img/StatBg#FFAA00.png
E:\Jeux\World_of_Tanks\mods/configs/pmod/skins/demon2597/img/StatBg#FFAA00Cyan.png
E:\Jeux\World_of_Tanks\mods/configs/pmod/skins/demon2597/img/StatBg#FFAA00Green.png
E:\Jeux\World_of_Tanks\mods/configs/pmod/skins/demon2597/img/StatBg#FFAA00Orange.png
E:\Jeux\World_of_Tanks\mods/configs/pmod/skins/demon2597/img/StatBg#FFAA00Purple.png
E:\Jeux\World_of_Tanks\mods/configs/pmod/skins/demon2597/img/StatBg#FFAA00Red.png
E:\Jeux\World_of_Tanks\mods/configs/pmod/skins/demon2597/img/StatBg#FFAA00Yellow.png
E:\Jeux\World_of_Tanks\mods/configs/pmod/skins/demon2597/img/StatBgNull.png
E:\Jeux\World_of_Tanks\mods/configs/pmod/skins/demon2597/sessionStatistic.json
E:\Jeux\World_of_Tanks\mods/configs/pmod/skins/demon2597/systemMessages.json
E:\Jeux\World_of_Tanks\mods/configs/pmod/skins/Meddio/
E:\Jeux\World_of_Tanks\mods/configs/pmod/skins/Meddio/battleChat.json
E:\Jeux\World_of_Tanks\mods/configs/pmod/skins/Meddio/images/
E:\Jeux\World_of_Tanks\mods/configs/pmod/skins/Meddio/images/#C3D84C.png
E:\Jeux\World_of_Tanks\mods/configs/pmod/skins/Meddio/images/#D44B5D.png
E:\Jeux\World_of_Tanks\mods/configs/pmod/skins/Meddio/images/background_default.png
E:\Jeux\World_of_Tanks\mods/configs/pmod/skins/Meddio/images/line_chat.png
E:\Jeux\World_of_Tanks\mods/configs/pmod/skins/Meddio/images/pixels.png
E:\Jeux\World_of_Tanks\mods/configs/pmod/skins/Meddio/images/pixel_00.png
E:\Jeux\World_of_Tanks\mods/configs/pmod/skins/Meddio/images/pixel_01.png
E:\Jeux\World_of_Tanks\mods/configs/pmod/skins/Meddio/images/pixel_02.png
E:\Jeux\World_of_Tanks\mods/configs/pmod/skins/Meddio/images/pixel_03.png
E:\Jeux\World_of_Tanks\mods/configs/pmod/skins/Meddio/images/pixel_04.png
E:\Jeux\World_of_Tanks\mods/configs/pmod/skins/Meddio/images/pixel_05.png
E:\Jeux\World_of_Tanks\mods/configs/pmod/skins/Meddio/images/pixel_06.png
E:\Jeux\World_of_Tanks\mods/configs/pmod/skins/Meddio/images/pixel_07.png
E:\Jeux\World_of_Tanks\mods/configs/pmod/skins/Meddio/images/pixel_08.png
E:\Jeux\World_of_Tanks\mods/configs/pmod/skins/Meddio/images/pixel_09.png
E:\Jeux\World_of_Tanks\mods/configs/pmod/skins/Meddio/images/pixel_10.png
E:\Jeux\World_of_Tanks\mods/configs/pmod/skins/Meddio/images/pixel_11.png
E:\Jeux\World_of_Tanks\mods/configs/pmod/skins/Meddio/images/pixel_12.png
E:\Jeux\World_of_Tanks\mods/configs/pmod/skins/Meddio/images/pixel_13.png
E:\Jeux\World_of_Tanks\mods/configs/pmod/skins/Meddio/images/pixel_14.png
E:\Jeux\World_of_Tanks\mods/configs/pmod/skins/Meddio/images/pixel_15.png
E:\Jeux\World_of_Tanks\mods/configs/pmod/skins/Meddio/images/pixel_16.png
E:\Jeux\World_of_Tanks\mods/configs/pmod/skins/Meddio/images/pixel_17.png
E:\Jeux\World_of_Tanks\mods/configs/pmod/skins/Meddio/images/pixel_18.png
E:\Jeux\World_of_Tanks\mods/configs/pmod/skins/Meddio/images/pixel_19.png
E:\Jeux\World_of_Tanks\mods/configs/pmod/skins/Meddio/images/pixel_20.png
E:\Jeux\World_of_Tanks\mods/configs/pmod/skins/Meddio/images/wa_damage.png
E:\Jeux\World_of_Tanks\mods/configs/pmod/skins/Meddio/images/wa_flag.png
E:\Jeux\World_of_Tanks\mods/configs/pmod/skins/Meddio/images/wa_frags.png
E:\Jeux\World_of_Tanks\mods/configs/pmod/skins/Meddio/images/wa_hits.png
E:\Jeux\World_of_Tanks\mods/configs/pmod/skins/Meddio/images/wa_spotted.png
E:\Jeux\World_of_Tanks\mods/configs/pmod/skins/Meddio/images/wa_star.png
E:\Jeux\World_of_Tanks\mods/configs/pmod/skins/Meddio/images/wa_star_small.png
E:\Jeux\World_of_Tanks\mods/configs/pmod/skins/Meddio/images/wa_star_small_2.png
E:\Jeux\World_of_Tanks\mods/configs/pmod/skins/Meddio/images/xp_crew.png
E:\Jeux\World_of_Tanks\mods/configs/pmod/skins/Meddio/sessionStatistic.json
E:\Jeux\World_of_Tanks\mods/configs/pmod/skins/Meddio/systemMessages.json
E:\Jeux\World_of_Tanks\mods/configs/pmod/skins/Meddio/_colors.json
E:\Jeux\World_of_Tanks\mods/configs/pmod/skins/Meddio/_header4.json
E:\Jeux\World_of_Tanks\mods/configs/pmod/skins/Meddio/_header5.json
E:\Jeux\World_of_Tanks\mods/configs/pmod/skins/skinLoader.json
E:\Jeux\World_of_Tanks\mods/configs/pmod/skins/vlad_cs_sr/
E:\Jeux\World_of_Tanks\mods/configs/pmod/skins/vlad_cs_sr/battleChat.json
E:\Jeux\World_of_Tanks\mods/configs/pmod/skins/vlad_cs_sr/sessionStatistic.json
E:\Jeux\World_of_Tanks\mods/configs/pmod/skins/vlad_cs_sr/systemMessages.json
E:\Jeux\World_of_Tanks\mods/configs/pmod/skins/xxx_mutant/
E:\Jeux\World_of_Tanks\mods/configs/pmod/skins/xxx_mutant/battleChat.json
E:\Jeux\World_of_Tanks\mods/configs/pmod/skins/xxx_mutant/icons/
E:\Jeux\World_of_Tanks\mods/configs/pmod/skins/xxx_mutant/icons/background/
E:\Jeux\World_of_Tanks\mods/configs/pmod/skins/xxx_mutant/icons/background/background_default.png
E:\Jeux\World_of_Tanks\mods/configs/pmod/skins/xxx_mutant/icons/background/background_default0.png
E:\Jeux\World_of_Tanks\mods/configs/pmod/skins/xxx_mutant/icons/background/sessionStatisticBackground#02C9B3.png
E:\Jeux\World_of_Tanks\mods/configs/pmod/skins/xxx_mutant/icons/background/sessionStatisticBackground#60FF00.png
E:\Jeux\World_of_Tanks\mods/configs/pmod/skins/xxx_mutant/icons/background/sessionStatisticBackground#EE0001.png
E:\Jeux\World_of_Tanks\mods/configs/pmod/skins/xxx_mutant/icons/background/sessionStatisticBackground#F8F400.png
E:\Jeux\World_of_Tanks\mods/configs/pmod/skins/xxx_mutant/icons/background/sessionStatisticBackground#FE0E00.png
E:\Jeux\World_of_Tanks\mods/configs/pmod/skins/xxx_mutant/icons/background/sessionStatisticBackground#FE7903.png
E:\Jeux\World_of_Tanks\mods/configs/pmod/skins/xxx_mutant/icons/background/sessionStatisticBackgroundNull.png
E:\Jeux\World_of_Tanks\mods/configs/pmod/skins/xxx_mutant/icons/battleresults/
E:\Jeux\World_of_Tanks\mods/configs/pmod/skins/xxx_mutant/icons/battleresults/battleResultDefeat.png
E:\Jeux\World_of_Tanks\mods/configs/pmod/skins/xxx_mutant/icons/battleresults/battleResultDraft.png
E:\Jeux\World_of_Tanks\mods/configs/pmod/skins/xxx_mutant/icons/battleresults/battleResultWin.png
E:\Jeux\World_of_Tanks\mods/configs/pmod/skins/xxx_mutant/icons/battleresults/Defeat.png
E:\Jeux\World_of_Tanks\mods/configs/pmod/skins/xxx_mutant/icons/battleresults/Draw.png
E:\Jeux\World_of_Tanks\mods/configs/pmod/skins/xxx_mutant/icons/battleresults/Win.png
E:\Jeux\World_of_Tanks\mods/configs/pmod/skins/xxx_mutant/icons/image/
E:\Jeux\World_of_Tanks\mods/configs/pmod/skins/xxx_mutant/icons/image/#4BFE85.png
E:\Jeux\World_of_Tanks\mods/configs/pmod/skins/xxx_mutant/icons/image/#D44B5D.png
E:\Jeux\World_of_Tanks\mods/configs/pmod/skins/xxx_mutant/icons/image/additionalBriefing.png
E:\Jeux\World_of_Tanks\mods/configs/pmod/skins/xxx_mutant/icons/image/assist.png
E:\Jeux\World_of_Tanks\mods/configs/pmod/skins/xxx_mutant/icons/image/assist1.png
E:\Jeux\World_of_Tanks\mods/configs/pmod/skins/xxx_mutant/icons/image/assist2.png
E:\Jeux\World_of_Tanks\mods/configs/pmod/skins/xxx_mutant/icons/image/battle1.png
E:\Jeux\World_of_Tanks\mods/configs/pmod/skins/xxx_mutant/icons/image/battle2.png
E:\Jeux\World_of_Tanks\mods/configs/pmod/skins/xxx_mutant/icons/image/brotherhood.png
E:\Jeux\World_of_Tanks\mods/configs/pmod/skins/xxx_mutant/icons/image/caterpillars.png
E:\Jeux\World_of_Tanks\mods/configs/pmod/skins/xxx_mutant/icons/image/damage1.png
E:\Jeux\World_of_Tanks\mods/configs/pmod/skins/xxx_mutant/icons/image/damage2.png
E:\Jeux\World_of_Tanks\mods/configs/pmod/skins/xxx_mutant/icons/image/defender1.png
E:\Jeux\World_of_Tanks\mods/configs/pmod/skins/xxx_mutant/icons/image/defender2.png
E:\Jeux\World_of_Tanks\mods/configs/pmod/skins/xxx_mutant/icons/image/gunner_sniper.png
E:\Jeux\World_of_Tanks\mods/configs/pmod/skins/xxx_mutant/icons/image/Image 100.png
E:\Jeux\World_of_Tanks\mods/configs/pmod/skins/xxx_mutant/icons/image/Image 16.png
E:\Jeux\World_of_Tanks\mods/configs/pmod/skins/xxx_mutant/icons/image/Image 178.png
E:\Jeux\World_of_Tanks\mods/configs/pmod/skins/xxx_mutant/icons/image/Image 179.png
E:\Jeux\World_of_Tanks\mods/configs/pmod/skins/xxx_mutant/icons/image/Image 180.png
E:\Jeux\World_of_Tanks\mods/configs/pmod/skins/xxx_mutant/icons/image/Image 181.png
E:\Jeux\World_of_Tanks\mods/configs/pmod/skins/xxx_mutant/icons/image/Image 182.png
E:\Jeux\World_of_Tanks\mods/configs/pmod/skins/xxx_mutant/icons/image/Image 183.png
E:\Jeux\World_of_Tanks\mods/configs/pmod/skins/xxx_mutant/icons/image/Image 184.png
E:\Jeux\World_of_Tanks\mods/configs/pmod/skins/xxx_mutant/icons/image/kill.png
E:\Jeux\World_of_Tanks\mods/configs/pmod/skins/xxx_mutant/icons/image/line.png
E:\Jeux\World_of_Tanks\mods/configs/pmod/skins/xxx_mutant/icons/image/loader_intuition.png
E:\Jeux\World_of_Tanks\mods/configs/pmod/skins/xxx_mutant/icons/image/Money4.png
E:\Jeux\World_of_Tanks\mods/configs/pmod/skins/xxx_mutant/icons/image/PersonalAchievementsIcon-1.png
E:\Jeux\World_of_Tanks\mods/configs/pmod/skins/xxx_mutant/icons/image/plusminus.png
E:\Jeux\World_of_Tanks\mods/configs/pmod/skins/xxx_mutant/icons/image/spotted.png
E:\Jeux\World_of_Tanks\mods/configs/pmod/skins/xxx_mutant/icons/image/stereoscope1.png
E:\Jeux\World_of_Tanks\mods/configs/pmod/skins/xxx_mutant/icons/image/supporter1.png
E:\Jeux\World_of_Tanks\mods/configs/pmod/skins/xxx_mutant/icons/image/supporter2.png
E:\Jeux\World_of_Tanks\mods/configs/pmod/skins/xxx_mutant/icons/image/survival40x32.png
E:\Jeux\World_of_Tanks\mods/configs/pmod/skins/xxx_mutant/icons/image/XXX_MUTANT.png
E:\Jeux\World_of_Tanks\mods/configs/pmod/skins/xxx_mutant/icons/master/
E:\Jeux\World_of_Tanks\mods/configs/pmod/skins/xxx_mutant/icons/master/#02C9B3.png
E:\Jeux\World_of_Tanks\mods/configs/pmod/skins/xxx_mutant/icons/master/#60FF00.png
E:\Jeux\World_of_Tanks\mods/configs/pmod/skins/xxx_mutant/icons/master/#D042F3.png
E:\Jeux\World_of_Tanks\mods/configs/pmod/skins/xxx_mutant/icons/master/#EE0001.png
E:\Jeux\World_of_Tanks\mods/configs/pmod/skins/xxx_mutant/icons/master/#F8F400.png
E:\Jeux\World_of_Tanks\mods/configs/pmod/skins/xxx_mutant/icons/master/#FE0E00.png
E:\Jeux\World_of_Tanks\mods/configs/pmod/skins/xxx_mutant/icons/master/#FE7903.png
E:\Jeux\World_of_Tanks\mods/configs/pmod/skins/xxx_mutant/icons/ranks/
E:\Jeux\World_of_Tanks\mods/configs/pmod/skins/xxx_mutant/icons/ranks/#000001.png
E:\Jeux\World_of_Tanks\mods/configs/pmod/skins/xxx_mutant/icons/ranks/#000002.png
E:\Jeux\World_of_Tanks\mods/configs/pmod/skins/xxx_mutant/icons/ranks/#000003.png
E:\Jeux\World_of_Tanks\mods/configs/pmod/skins/xxx_mutant/icons/ranks/#000004.png
E:\Jeux\World_of_Tanks\mods/configs/pmod/skins/xxx_mutant/icons/ranks/#000005.png
E:\Jeux\World_of_Tanks\mods/configs/pmod/skins/xxx_mutant/icons/ranks/#000006.png
E:\Jeux\World_of_Tanks\mods/configs/pmod/skins/xxx_mutant/icons/ranks/#000007.png
E:\Jeux\World_of_Tanks\mods/configs/pmod/skins/xxx_mutant/icons/ranks/#000008.png
E:\Jeux\World_of_Tanks\mods/configs/pmod/skins/xxx_mutant/icons/ranks/#000009.png
E:\Jeux\World_of_Tanks\mods/configs/pmod/skins/xxx_mutant/icons/ranks/#000010.png
E:\Jeux\World_of_Tanks\mods/configs/pmod/skins/xxx_mutant/icons/ranks/#000011.png
E:\Jeux\World_of_Tanks\mods/configs/pmod/skins/xxx_mutant/icons/WinRate/
E:\Jeux\World_of_Tanks\mods/configs/pmod/skins/xxx_mutant/icons/WinRate/#02C9B3.png
E:\Jeux\World_of_Tanks\mods/configs/pmod/skins/xxx_mutant/icons/WinRate/#60FF00.png
E:\Jeux\World_of_Tanks\mods/configs/pmod/skins/xxx_mutant/icons/WinRate/#D042F3.png
E:\Jeux\World_of_Tanks\mods/configs/pmod/skins/xxx_mutant/icons/WinRate/#F8F400.png
E:\Jeux\World_of_Tanks\mods/configs/pmod/skins/xxx_mutant/icons/WinRate/#FE0E00.png
E:\Jeux\World_of_Tanks\mods/configs/pmod/skins/xxx_mutant/icons/WinRate/#FE7903.png
E:\Jeux\World_of_Tanks\mods/configs/pmod/skins/xxx_mutant/icons/XpIcon/
E:\Jeux\World_of_Tanks\mods/configs/pmod/skins/xxx_mutant/icons/XpIcon/#62BDFF.png
E:\Jeux\World_of_Tanks\mods/configs/pmod/skins/xxx_mutant/icons/XpIcon/#62BEFF.png
E:\Jeux\World_of_Tanks\mods/configs/pmod/skins/xxx_mutant/icons/XpIcon/#62FE78.png
E:\Jeux\World_of_Tanks\mods/configs/pmod/skins/xxx_mutant/icons/XpIcon/#62FF78.png
E:\Jeux\World_of_Tanks\mods/configs/pmod/skins/xxx_mutant/icons/XpIcon/#BE61FF.png
E:\Jeux\World_of_Tanks\mods/configs/pmod/skins/xxx_mutant/icons/XpIcon/#BE62FF.png
E:\Jeux\World_of_Tanks\mods/configs/pmod/skins/xxx_mutant/icons/XpIcon/#EEFE62.png
E:\Jeux\World_of_Tanks\mods/configs/pmod/skins/xxx_mutant/icons/XpIcon/#EEFF62.png
E:\Jeux\World_of_Tanks\mods/configs/pmod/skins/xxx_mutant/icons/XpIcon/#FC6060.png
E:\Jeux\World_of_Tanks\mods/configs/pmod/skins/xxx_mutant/icons/XpIcon/#FF6262.png
E:\Jeux\World_of_Tanks\mods/configs/pmod/skins/xxx_mutant/icons/XpIcon/#FFA362.png
E:\Jeux\World_of_Tanks\mods/configs/pmod/skins/xxx_mutant/icons/XpIcon/#FFA462.png
E:\Jeux\World_of_Tanks\mods/configs/pmod/skins/xxx_mutant/sessionStatistic.json
E:\Jeux\World_of_Tanks\mods/configs/pmod/skins/xxx_mutant/systemMessages.json
E:\Jeux\World_of_Tanks\mods/configs/pmod/systemMessages.json
E:\Jeux\World_of_Tanks\mods/configs/pmod/tdBrakeRemover.json
E:\Jeux\World_of_Tanks\mods/configs/pmod/videomode.json
E:\Jeux\World_of_Tanks\mods/configs/pmod/zoomDistance.json
E:\Jeux\World_of_Tanks\mods/configs/pmod/zoomIndicator.json
E:\Jeux\World_of_Tanks\mods/configs/pmod/zoomX.json
E:\Jeux\World_of_Tanks\mods/configs/pmod/_multiple.json
E:\Jeux\World_of_Tanks\mods/configs/pmod/_single.json
E:\Jeux\World_of_Tanks\mods/0.9.20.1.2/
E:\Jeux\World_of_Tanks\mods/0.9.20.1.2/poliroid.pmod_1.29.2.wotmod
E:\Jeux\World_of_Tanks\_readme/
E:\Jeux\World_of_Tanks\_readme/readme_pmod.txt
/*  XVM_Prebuilt_Configs_Default_2017_03-24  */
E:\Jeux\World_of_Tanks\res_mods/
E:\Jeux\World_of_Tanks\res_mods/configs/
E:\Jeux\World_of_Tanks\res_mods/configs/xvm/
E:\Jeux\World_of_Tanks\res_mods/configs/xvm/xvm.xc.snapple
/*  XVM_config_builder_carousel_enable  */
E:\Jeux\World_of_Tanks\_patch/
E:\Jeux\World_of_Tanks\_patch/001.xml
/*  XVM_config_builder_carousel_2_row  */
E:\Jeux\World_of_Tanks\_patch/
E:\Jeux\World_of_Tanks\_patch/002.xml
/*  Crosshairs_J1mB0_s_Crosshair_Mod_by_Grabaah_v1.19_0.9.20.1.1_tank  */
E:\Jeux\World_of_Tanks\mods/
E:\Jeux\World_of_Tanks\mods/0.9.20.1.2/
E:\Jeux\World_of_Tanks\_readme/
E:\Jeux\World_of_Tanks\mods/0.9.20.1.2/crosshair_arcade.wotmod
E:\Jeux\World_of_Tanks\mods/0.9.20.1.2/crosshair_postmortem.wotmod
E:\Jeux\World_of_Tanks\mods/0.9.20.1.2/crosshair_sniper.wotmod
/*  Crosshairs_J1mB0_s_Crosshair_Mod_by_Grabaah_v1.19_0.9.20.1.1_tank_2_circle  */
E:\Jeux\World_of_Tanks\mods/
E:\Jeux\World_of_Tanks\mods/0.9.20.1.2/
E:\Jeux\World_of_Tanks\_readme/
E:\Jeux\World_of_Tanks\mods/0.9.20.1.2/crosshair_controls.wotmod
/*  Crosshairs_ProArty_9.19.1.1_v1.14BETA_2017-07-27  */
E:\Jeux\World_of_Tanks\mods/
E:\Jeux\World_of_Tanks\mods/configs/
E:\Jeux\World_of_Tanks\mods/configs/crosshairs/
E:\Jeux\World_of_Tanks\mods/configs/crosshairs/sgpmarker.png
E:\Jeux\World_of_Tanks\mods/configs/crosshairs/strategicCrosshair.json
E:\Jeux\World_of_Tanks\mods/configs/crosshairs/Thumbs.db
E:\Jeux\World_of_Tanks\mods/0.9.20.1.2/
E:\Jeux\World_of_Tanks\mods/0.9.20.1.2/crosshair_strategic.wotmod
E:\Jeux\World_of_Tanks\_readme/
/*  Damage_Logs_Damage_Log_by_GambitER_base_2017-10-26  */
E:\Jeux\World_of_Tanks\_fonts/
E:\Jeux\World_of_Tanks\_fonts/DamageLog.ttf
E:\Jeux\World_of_Tanks\mods/
E:\Jeux\World_of_Tanks\mods/0.9.20.1.2/
E:\Jeux\World_of_Tanks\mods/0.9.20.1.2/tv.protanki.damagelog.wotmod
/*  Damage_Logs_GambitER_Damage_Log_XFT_Split_configs_2017-08-30  */
E:\Jeux\World_of_Tanks\res_mods/
E:\Jeux\World_of_Tanks\res_mods/configs/
E:\Jeux\World_of_Tanks\res_mods/configs/xvm/
E:\Jeux\World_of_Tanks\res_mods/configs/xvm/default/
E:\Jeux\World_of_Tanks\res_mods/configs/xvm/default/hitLog.xc
E:\Jeux\World_of_Tanks\res_mods/configs/xvm/default/texts.xc
E:\Jeux\World_of_Tanks\_patch/
E:\Jeux\World_of_Tanks\_patch/003.xml
E:\Jeux\World_of_Tanks\_patch/004.xml
E:\Jeux\World_of_Tanks\mods/
E:\Jeux\World_of_Tanks\mods/configs/
E:\Jeux\World_of_Tanks\mods/configs/damage_log/
E:\Jeux\World_of_Tanks\mods/configs/damage_log/Blocked.cfg
E:\Jeux\World_of_Tanks\mods/configs/damage_log/Damaged.cfg
E:\Jeux\World_of_Tanks\mods/configs/damage_log/Fire.cfg
E:\Jeux\World_of_Tanks\mods/configs/damage_log/Log.cfg
E:\Jeux\World_of_Tanks\mods/configs/damage_log/Message.cfg
E:\Jeux\World_of_Tanks\mods/configs/damage_log/Timer.cfg
/*  pmod_zoomin_config_3_2017-05-01  */
E:\Jeux\World_of_Tanks\_patch/
E:\Jeux\World_of_Tanks\_patch/005.xml
/*  pmod_td_brake_on_2017-05-01  */
E:\Jeux\World_of_Tanks\_patch/
E:\Jeux\World_of_Tanks\_patch/006.xml
/*  pmod_default_zoom_2x_2017-05-01  */
E:\Jeux\World_of_Tanks\_patch/
E:\Jeux\World_of_Tanks\_patch/007.xml
/*  Desktop shortcuts  */
C:\Users\cedric\Desktop\World of Tanks.lnk
C:\Users\cedric\Desktop\World of Tanks Launcher.lnk
