
/------------------------------------------------------------------------------------------\
worldoftanks 0.9.20.1 (compiled at 18:43:46 Oct 18 2017) starting on Sat Nov  4 19:56:20 2017

2017-11-04 19:56:20.662: INFO: [Config] Command line: E:/Jeux/World_of_Tanks/worldoftanks.exe wot_wait_for_mutex
2017-11-04 19:56:22.966: INFO: [Config] Default encoding set to utf-8
2017-11-04 19:56:22.993: INFO: [PY_DEBUG] Release Client - Content Type: hd

2017-11-04 19:56:22.993: INFO: [PY_DEBUG] Checking ./res_mods/0.9.20.1.2: mods found
2017-11-04 19:56:22.993: INFO: [PY_DEBUG] Mod file 'mods/0.9.20.1.2/com.modxvm.xfw_7.2.2.840.wotmod' loaded
2017-11-04 19:56:22.993: INFO: [PY_DEBUG] Mod file 'mods/0.9.20.1.2/crosshair_arcade.wotmod' loaded
2017-11-04 19:56:22.993: INFO: [PY_DEBUG] Mod file 'mods/0.9.20.1.2/crosshair_controls.wotmod' loaded
2017-11-04 19:56:22.993: INFO: [PY_DEBUG] Mod file 'mods/0.9.20.1.2/crosshair_postmortem.wotmod' loaded
2017-11-04 19:56:22.993: INFO: [PY_DEBUG] Mod file 'mods/0.9.20.1.2/crosshair_script.wotmod' loaded
2017-11-04 19:56:22.993: INFO: [PY_DEBUG] Mod file 'mods/0.9.20.1.2/crosshair_sniper.wotmod' loaded
2017-11-04 19:56:22.993: INFO: [PY_DEBUG] Mod file 'mods/0.9.20.1.2/crosshair_strategic.wotmod' loaded
2017-11-04 19:56:22.993: INFO: [PY_DEBUG] Mod file 'mods/0.9.20.1.2/poliroid.pmod_1.29.2.wotmod' loaded
2017-11-04 19:56:22.993: INFO: [PY_DEBUG] Mod file 'mods/0.9.20.1.2/tv.protanki.damagelog.wotmod' loaded
2017-11-04 19:56:23.945: INFO: 
2017-11-04 19:56:23.945: INFO: ========================== [ScriptLoader PRO] =============================
2017-11-04 19:56:23.945: INFO: [SL_PRO INFO] ScriptLoader PRO v1.25 initialized...
2017-11-04 19:56:23.945: INFO: ===========================================================================
2017-11-04 19:56:23.945: INFO: 
2017-11-04 19:56:31.086: NOTICE: [NOTE] (scripts/client/post_processing/__init__.py, 271): The quality = 0 was selected.
2017-11-04 19:56:31.086: NOTICE: [NOTE] (scripts/client/post_processing/__init__.py, 271): The quality = 0 was selected.
2017-11-04 19:56:31.708: INFO: ---------------------------------------------------------------------------
2017-11-04 19:56:32.333: INFO: [XFW] Version: 5.0.0
2017-11-04 19:56:32.333: INFO: [XFW] Working dir: mods
2017-11-04 19:56:33.006: INFO: [XFW] Loading mod: xvm_main 0.9.20.1.2 (https://modxvm.com/)
2017-11-04 19:56:33.017: INFO: [XFW] Loading mod: xvm_autologin 0.9.20.1.2 (https://modxvm.com/)
2017-11-04 19:56:33.214: INFO: [XFW] Loading mod: xvm_battle 0.9.20.1.2 (https://modxvm.com/)
2017-11-04 19:56:33.228: INFO: [XFW] Loading mod: xvm_battleresults 0.9.20.1.2 (https://modxvm.com/)
2017-11-04 19:56:33.258: INFO: [XFW] Loading mod: xvm_contacts 0.9.20.1.2 (https://modxvm.com/)
2017-11-04 19:56:33.276: INFO: [XFW] Loading mod: xvm_crew 0.9.20.1.2 (https://modxvm.com/)
2017-11-04 19:56:33.292: INFO: [XFW] Loading mod: xvm_equip 0.9.20.1.2 (https://modxvm.com/)
2017-11-04 19:56:33.306: INFO: [XFW] Loading mod: xvm_export 0.9.20.1.2 (https://modxvm.com/)
2017-11-04 19:56:33.328: INFO: [XFW] Loading mod: xvm_hangar 0.9.20.1.2 (https://modxvm.com/)
2017-11-04 19:56:33.337: INFO: [XFW] Loading mod: xvm_hotfix 0.9.20.1.2 (https://modxvm.com/)
2017-11-04 19:56:33.348: INFO: [XFW] Loading mod: xvm_integrity 0.9.20.1.2 (https://modxvm.com/)
2017-11-04 19:56:33.379: INFO: [XFW] Loading mod: xvm_limits 0.9.20.1.2 (https://modxvm.com/)
2017-11-04 19:56:33.394: INFO: [XFW] Loading mod: xvm_online 0.9.20.1.2 (https://modxvm.com/)
2017-11-04 19:56:33.411: INFO: [XFW] Loading mod: xvm_ping 0.9.20.1.2 (https://modxvm.com/)
2017-11-04 19:56:33.422: INFO: [XFW] Loading mod: xvm_profile 0.9.20.1.2 (https://modxvm.com/)
2017-11-04 19:56:33.431: INFO: [XFW] Loading mod: xvm_profiler 0.9.20.1.2 (https://modxvm.com/)
2017-11-04 19:56:33.439: INFO: [XFW] Loading mod: xvm_quests 0.9.20.1.2 (https://modxvm.com/)
2017-11-04 19:56:33.500: INFO: [XFW] Loading mod: xvm_sounds 0.9.20.1.2 (https://modxvm.com/)
2017-11-04 19:56:33.514: INFO: [XFW] Loading mod: xvm_squad 0.9.20.1.2 (https://modxvm.com/)
2017-11-04 19:56:33.557: INFO: [XFW] Loading mod: xvm_tankcarousel 0.9.20.1.2 (https://modxvm.com/)
2017-11-04 19:56:33.567: INFO: [XFW] Loading mod: xvm_techtree 0.9.20.1.2 (https://modxvm.com/)
2017-11-04 19:56:33.583: INFO: [XFW] Loading mod: xvm_tooltips 0.9.20.1.2 (https://modxvm.com/)
2017-11-04 19:56:33.584: INFO: [SL_PRO] Executed Script: mod_.pyc
2017-11-04 19:56:33.584: INFO: ---------------------------------------------------------------------------
2017-11-04 19:56:35.014: INFO: [SL_PRO] Executed Script: mod_pmod.pyc
2017-11-04 19:56:35.014: INFO: ---------------------------------------------------------------------------
2017-11-04 19:56:35.416: INFO: [MOD] mod loaded: mod_damagelog
2017-11-04 19:56:35.416: INFO: [SL_PRO] Executed Script: mod_damagelog.pyc
2017-11-04 19:56:35.416: INFO: ---------------------------------------------------------------------------
2017-11-04 19:56:35.592: INFO: [MOD] mod loaded: mod_sights
2017-11-04 19:56:35.593: INFO: [SL_PRO] Executed Script: mod_sights.pyc
2017-11-04 19:56:35.593: INFO: ---------------------------------------------------------------------------
2017-11-04 19:56:38.450: INFO: [WGC] Operation is not supported
2017-11-04 19:57:23.047: NOTICE: [NOTE] (scripts/client/helpers/statistics.py, 232): HANGAR LOADING STATE: LOGIN - 62.3969993591
2017-11-04 19:57:23.062: NOTICE: [NOTE] (scripts/client/connection_mgr.py, 242): User authentication method: basic
2017-11-04 19:57:23.907: NOTICE: [NOTE] (scripts/client/helpers/statistics.py, 232): HANGAR LOADING STATE: CONNECTED - 63.2569999695
2017-11-04 19:57:24.803: NOTICE: [NOTE] (scripts/client/account_helpers/settings_core/options.py, 722): Change state of voip: (True,)
2017-11-04 19:57:24.804: NOTICE: [NOTE] (scripts/client/helpers/statistics.py, 232): HANGAR LOADING STATE: SHOW GUI - 64.1539993286
2017-11-04 19:57:26.467: ERROR: [ERROR] (scripts/client/messenger/proto/xmpp/log_output.py, 52): XMPP_PY::PY_WRAPPER. Error is not resolved on the client ('NotesListTask', "<iq id='uid:59fe263b:00000005' type='error' xmlns:stream='http://etherx.jabber.org/streams' xmlns='jabber:client'><error code='500' type='wait'><internal-server-error xmlns='urn:ietf:params:xml:ns:xmpp-stanzas'/><error-info xmlns='urn:ietf:params:xml:ns:xmpp-stanzas'>wg_xmpp_storage_iq_handler:handle_iq_storage_get/4 @ src/wg_xmpp_storage_iq_handler.erl:74\nmod_jd_c2s_im_iq_outbound:handle_stanza_iq_to_own_host_request/3 @ src/mod_jd_c2s_im_iq_outbound.erl:104\njd_c2s_xmpp_stream:stanza_outbound/2 @ src/jd_c2s_xmpp_stream.erl:82\njd_xmpp_stream:std_mod_call/3 @ src/jd_xmpp_stream.erl:182\njd_c2s_tcp_ranch_protocol:process_stream_event/2 @ src/jd_c2s_tcp_ranch_protocol.erl:281\njd_c2s_tcp_ranch_protocol:handle_info_socket_data/2 @ src/jd_c2s_tcp_ranch_protocol.erl:189\ngen_server:try_dispatch/4 @ gen_server.erl:593\ngen_server:handle_msg/5 @ gen_server.erl:659\n</error-info></error></iq>")
2017-11-04 19:57:53.433: WARNING: [WARNING] (scripts/common/items/tankmen.py, 1238): tankmen.hasTagInTankmenGroup: wrong value of the groupID (index out of range) (-1,)
2017-11-04 19:57:53.433: WARNING: [WARNING] (scripts/common/items/tankmen.py, 1238): tankmen.hasTagInTankmenGroup: wrong value of the groupID (index out of range) (-1,)
2017-11-04 19:57:53.433: WARNING: [WARNING] (scripts/common/items/tankmen.py, 1238): tankmen.hasTagInTankmenGroup: wrong value of the groupID (index out of range) (-1,)
2017-11-04 19:57:53.434: WARNING: [WARNING] (scripts/common/items/tankmen.py, 1238): tankmen.hasTagInTankmenGroup: wrong value of the groupID (index out of range) (-1,)
2017-11-04 19:57:53.434: WARNING: [WARNING] (scripts/common/items/tankmen.py, 1238): tankmen.hasTagInTankmenGroup: wrong value of the groupID (index out of range) (-1,)
2017-11-04 19:57:53.434: WARNING: [WARNING] (scripts/common/items/tankmen.py, 1238): tankmen.hasTagInTankmenGroup: wrong value of the groupID (index out of range) (-1,)
2017-11-04 19:57:53.435: WARNING: [WARNING] (scripts/common/items/tankmen.py, 1238): tankmen.hasTagInTankmenGroup: wrong value of the groupID (index out of range) (-1,)
2017-11-04 19:57:53.435: WARNING: [WARNING] (scripts/common/items/tankmen.py, 1238): tankmen.hasTagInTankmenGroup: wrong value of the groupID (index out of range) (-1,)
2017-11-04 19:57:53.485: WARNING: [WARNING] (scripts/common/items/tankmen.py, 1238): tankmen.hasTagInTankmenGroup: wrong value of the groupID (index out of range) (-1,)
2017-11-04 19:57:53.485: WARNING: [WARNING] (scripts/common/items/tankmen.py, 1238): tankmen.hasTagInTankmenGroup: wrong value of the groupID (index out of range) (-1,)
2017-11-04 19:57:53.486: WARNING: [WARNING] (scripts/common/items/tankmen.py, 1238): tankmen.hasTagInTankmenGroup: wrong value of the groupID (index out of range) (-1,)
2017-11-04 19:57:53.486: WARNING: [WARNING] (scripts/common/items/tankmen.py, 1238): tankmen.hasTagInTankmenGroup: wrong value of the groupID (index out of range) (-1,)
2017-11-04 19:57:53.486: WARNING: [WARNING] (scripts/common/items/tankmen.py, 1238): tankmen.hasTagInTankmenGroup: wrong value of the groupID (index out of range) (-1,)
2017-11-04 19:57:53.486: WARNING: [WARNING] (scripts/common/items/tankmen.py, 1238): tankmen.hasTagInTankmenGroup: wrong value of the groupID (index out of range) (-1,)
2017-11-04 19:57:53.487: WARNING: [WARNING] (scripts/common/items/tankmen.py, 1238): tankmen.hasTagInTankmenGroup: wrong value of the groupID (index out of range) (-1,)
2017-11-04 19:57:53.487: WARNING: [WARNING] (scripts/common/items/tankmen.py, 1238): tankmen.hasTagInTankmenGroup: wrong value of the groupID (index out of range) (-1,)
2017-11-04 19:57:53.487: WARNING: [WARNING] (scripts/common/items/tankmen.py, 1238): tankmen.hasTagInTankmenGroup: wrong value of the groupID (index out of range) (-1,)
2017-11-04 19:57:53.493: WARNING: [WARNING] (scripts/common/items/tankmen.py, 1238): tankmen.hasTagInTankmenGroup: wrong value of the groupID (index out of range) (-1,)
2017-11-04 19:57:53.494: WARNING: [WARNING] (scripts/common/items/tankmen.py, 1238): tankmen.hasTagInTankmenGroup: wrong value of the groupID (index out of range) (-1,)
2017-11-04 19:57:53.547: WARNING: [WARNING] (scripts/common/items/tankmen.py, 1238): tankmen.hasTagInTankmenGroup: wrong value of the groupID (index out of range) (-1,)
2017-11-04 19:57:54.665: WARNING: [WARNING] (scripts/common/items/tankmen.py, 1238): tankmen.hasTagInTankmenGroup: wrong value of the groupID (index out of range) (-1,)
2017-11-04 19:57:54.665: WARNING: [WARNING] (scripts/common/items/tankmen.py, 1238): tankmen.hasTagInTankmenGroup: wrong value of the groupID (index out of range) (-1,)
2017-11-04 19:57:54.666: WARNING: [WARNING] (scripts/common/items/tankmen.py, 1238): tankmen.hasTagInTankmenGroup: wrong value of the groupID (index out of range) (-1,)
2017-11-04 19:57:54.666: WARNING: [WARNING] (scripts/common/items/tankmen.py, 1238): tankmen.hasTagInTankmenGroup: wrong value of the groupID (index out of range) (-1,)
2017-11-04 19:57:54.666: WARNING: [WARNING] (scripts/common/items/tankmen.py, 1238): tankmen.hasTagInTankmenGroup: wrong value of the groupID (index out of range) (-1,)
2017-11-04 19:57:54.667: WARNING: [WARNING] (scripts/common/items/tankmen.py, 1238): tankmen.hasTagInTankmenGroup: wrong value of the groupID (index out of range) (-1,)
2017-11-04 19:57:54.667: WARNING: [WARNING] (scripts/common/items/tankmen.py, 1238): tankmen.hasTagInTankmenGroup: wrong value of the groupID (index out of range) (-1,)
2017-11-04 19:57:54.667: WARNING: [WARNING] (scripts/common/items/tankmen.py, 1238): tankmen.hasTagInTankmenGroup: wrong value of the groupID (index out of range) (-1,)
2017-11-04 19:57:54.716: WARNING: [WARNING] (scripts/common/items/tankmen.py, 1238): tankmen.hasTagInTankmenGroup: wrong value of the groupID (index out of range) (-1,)
2017-11-04 19:57:54.716: WARNING: [WARNING] (scripts/common/items/tankmen.py, 1238): tankmen.hasTagInTankmenGroup: wrong value of the groupID (index out of range) (-1,)
2017-11-04 19:57:54.717: WARNING: [WARNING] (scripts/common/items/tankmen.py, 1238): tankmen.hasTagInTankmenGroup: wrong value of the groupID (index out of range) (-1,)
2017-11-04 19:57:54.717: WARNING: [WARNING] (scripts/common/items/tankmen.py, 1238): tankmen.hasTagInTankmenGroup: wrong value of the groupID (index out of range) (-1,)
2017-11-04 19:57:54.717: WARNING: [WARNING] (scripts/common/items/tankmen.py, 1238): tankmen.hasTagInTankmenGroup: wrong value of the groupID (index out of range) (-1,)
2017-11-04 19:57:54.718: WARNING: [WARNING] (scripts/common/items/tankmen.py, 1238): tankmen.hasTagInTankmenGroup: wrong value of the groupID (index out of range) (-1,)
2017-11-04 19:57:54.718: WARNING: [WARNING] (scripts/common/items/tankmen.py, 1238): tankmen.hasTagInTankmenGroup: wrong value of the groupID (index out of range) (-1,)
2017-11-04 19:57:54.718: WARNING: [WARNING] (scripts/common/items/tankmen.py, 1238): tankmen.hasTagInTankmenGroup: wrong value of the groupID (index out of range) (-1,)
2017-11-04 19:57:54.718: WARNING: [WARNING] (scripts/common/items/tankmen.py, 1238): tankmen.hasTagInTankmenGroup: wrong value of the groupID (index out of range) (-1,)
2017-11-04 19:57:54.724: WARNING: [WARNING] (scripts/common/items/tankmen.py, 1238): tankmen.hasTagInTankmenGroup: wrong value of the groupID (index out of range) (-1,)
2017-11-04 19:57:54.724: WARNING: [WARNING] (scripts/common/items/tankmen.py, 1238): tankmen.hasTagInTankmenGroup: wrong value of the groupID (index out of range) (-1,)
2017-11-04 19:57:54.778: WARNING: [WARNING] (scripts/common/items/tankmen.py, 1238): tankmen.hasTagInTankmenGroup: wrong value of the groupID (index out of range) (-1,)
2017-11-04 19:57:55.799: WARNING: [WARNING] (scripts/common/items/tankmen.py, 1238): tankmen.hasTagInTankmenGroup: wrong value of the groupID (index out of range) (-1,)
2017-11-04 19:57:55.799: WARNING: [WARNING] (scripts/common/items/tankmen.py, 1238): tankmen.hasTagInTankmenGroup: wrong value of the groupID (index out of range) (-1,)
2017-11-04 19:57:55.799: WARNING: [WARNING] (scripts/common/items/tankmen.py, 1238): tankmen.hasTagInTankmenGroup: wrong value of the groupID (index out of range) (-1,)
2017-11-04 19:57:55.799: WARNING: [WARNING] (scripts/common/items/tankmen.py, 1238): tankmen.hasTagInTankmenGroup: wrong value of the groupID (index out of range) (-1,)
2017-11-04 19:57:55.800: WARNING: [WARNING] (scripts/common/items/tankmen.py, 1238): tankmen.hasTagInTankmenGroup: wrong value of the groupID (index out of range) (-1,)
2017-11-04 19:57:55.800: WARNING: [WARNING] (scripts/common/items/tankmen.py, 1238): tankmen.hasTagInTankmenGroup: wrong value of the groupID (index out of range) (-1,)
2017-11-04 19:57:55.800: WARNING: [WARNING] (scripts/common/items/tankmen.py, 1238): tankmen.hasTagInTankmenGroup: wrong value of the groupID (index out of range) (-1,)
2017-11-04 19:57:55.800: WARNING: [WARNING] (scripts/common/items/tankmen.py, 1238): tankmen.hasTagInTankmenGroup: wrong value of the groupID (index out of range) (-1,)
2017-11-04 19:57:55.849: WARNING: [WARNING] (scripts/common/items/tankmen.py, 1238): tankmen.hasTagInTankmenGroup: wrong value of the groupID (index out of range) (-1,)
2017-11-04 19:57:55.849: WARNING: [WARNING] (scripts/common/items/tankmen.py, 1238): tankmen.hasTagInTankmenGroup: wrong value of the groupID (index out of range) (-1,)
2017-11-04 19:57:55.849: WARNING: [WARNING] (scripts/common/items/tankmen.py, 1238): tankmen.hasTagInTankmenGroup: wrong value of the groupID (index out of range) (-1,)
2017-11-04 19:57:55.850: WARNING: [WARNING] (scripts/common/items/tankmen.py, 1238): tankmen.hasTagInTankmenGroup: wrong value of the groupID (index out of range) (-1,)
2017-11-04 19:57:55.850: WARNING: [WARNING] (scripts/common/items/tankmen.py, 1238): tankmen.hasTagInTankmenGroup: wrong value of the groupID (index out of range) (-1,)
2017-11-04 19:57:55.850: WARNING: [WARNING] (scripts/common/items/tankmen.py, 1238): tankmen.hasTagInTankmenGroup: wrong value of the groupID (index out of range) (-1,)
2017-11-04 19:57:55.851: WARNING: [WARNING] (scripts/common/items/tankmen.py, 1238): tankmen.hasTagInTankmenGroup: wrong value of the groupID (index out of range) (-1,)
2017-11-04 19:57:55.851: WARNING: [WARNING] (scripts/common/items/tankmen.py, 1238): tankmen.hasTagInTankmenGroup: wrong value of the groupID (index out of range) (-1,)
2017-11-04 19:57:55.851: WARNING: [WARNING] (scripts/common/items/tankmen.py, 1238): tankmen.hasTagInTankmenGroup: wrong value of the groupID (index out of range) (-1,)
2017-11-04 19:57:55.857: WARNING: [WARNING] (scripts/common/items/tankmen.py, 1238): tankmen.hasTagInTankmenGroup: wrong value of the groupID (index out of range) (-1,)
2017-11-04 19:57:55.857: WARNING: [WARNING] (scripts/common/items/tankmen.py, 1238): tankmen.hasTagInTankmenGroup: wrong value of the groupID (index out of range) (-1,)
2017-11-04 19:57:55.911: WARNING: [WARNING] (scripts/common/items/tankmen.py, 1238): tankmen.hasTagInTankmenGroup: wrong value of the groupID (index out of range) (-1,)
2017-11-04 19:57:56.819: NOTICE: [NOTE] (scripts/client/helpers/statistics.py, 232): HANGAR LOADING STATE: QUESTS SYNC - 96.1689987183
2017-11-04 19:57:57.101: NOTICE: [NOTE] (scripts/client/helpers/statistics.py, 232): HANGAR LOADING STATE: USS SYNC - 96.4509963989
2017-11-04 19:57:57.282: NOTICE: [NOTE] (scripts/client/helpers/statistics.py, 232): HANGAR LOADING STATE: SPACE LOADING START - 96.6320037842
2017-11-04 19:57:57.373: NOTICE: [NOTE] (scripts/client/game.py, 463): [SPACE] Loading space: spaces/hangar_kharkiv_halloween
2017-11-04 19:57:57.376: NOTICE: [NOTE] (scripts/client/helpers/statistics.py, 232): HANGAR LOADING STATE: VEHICLE LOADING START - 96.7259979248
2017-11-04 19:57:58.846: WARNING: [WARNING] (scripts/client/gui/Scaleform/framework/managers/containers.py, 1210): Loading of view Hangar[0x3ff421d0]=[key=ViewKey[alias=hangar, name=hangar], scope=SimpleScope[0x23ce54d0]=[scopeType=subView, parentScope=SimpleScope[0x23ce5450]=[scopeType=view, parentScope=GlobalScope[0x23ce5410]=[scopeType=global, parentScope=None]]], state=0] is requested but the container subView is still not exist!
2017-11-04 19:58:01.432: NOTICE: [NOTE] (scripts/client/helpers/statistics.py, 232): HANGAR LOADING STATE: VEHICLE LOADING END - 100.781997681
2017-11-04 19:58:01.981: NOTICE: [NOTE] (scripts/client/helpers/statistics.py, 232): HANGAR LOADING STATE: SPACE LOADING END - 101.331001282
2017-11-04 19:58:01.981: NOTICE: [NOTE] (scripts/client/helpers/statistics.py, 232): HANGAR LOADING STATE: HANGAR READY - 101.331001282
2017-11-04 19:58:01.981: NOTICE: [NOTE] (scripts/client/helpers/statistics.py, 259): HANGAR LOADING STATE: SUMMARY TOTAL = 38.9340019226
2017-11-04 19:59:32.663: NOTICE: [NOTE] (scripts/client/gui/battle_control/arena_info/arena_dp.py, 556): Player's team not found.
2017-11-04 19:59:32.664: NOTICE: [NOTE] (scripts/client/gui/battle_control/arena_info/arena_dp.py, 562): Player's vehicle ID not found.
2017-11-04 19:59:32.664: NOTICE: [NOTE] (scripts/client/gui/battle_control/arena_info/arena_dp.py, 566): Uses slow player search by name
2017-11-04 19:59:32.826: NOTICE: [NOTE] (scripts/client/gui/battle_control/arena_info/arena_dp.py, 556): Player's team not found.
2017-11-04 19:59:32.826: NOTICE: [NOTE] (scripts/client/gui/battle_control/arena_info/arena_dp.py, 562): Player's vehicle ID not found.
2017-11-04 19:59:32.826: NOTICE: [NOTE] (scripts/client/gui/battle_control/arena_info/arena_dp.py, 566): Uses slow player search by name
2017-11-04 19:59:32.827: NOTICE: [NOTE] (scripts/client/gui/battle_control/arena_info/arena_dp.py, 556): Player's team not found.
2017-11-04 19:59:32.827: NOTICE: [NOTE] (scripts/client/gui/battle_control/arena_info/arena_dp.py, 562): Player's vehicle ID not found.
2017-11-04 19:59:32.827: NOTICE: [NOTE] (scripts/client/gui/battle_control/arena_info/arena_dp.py, 566): Uses slow player search by name
2017-11-04 19:59:32.827: NOTICE: [NOTE] (scripts/client/gui/battle_control/arena_info/arena_dp.py, 556): Player's team not found.
2017-11-04 19:59:32.827: NOTICE: [NOTE] (scripts/client/gui/battle_control/arena_info/arena_dp.py, 562): Player's vehicle ID not found.
2017-11-04 19:59:32.827: NOTICE: [NOTE] (scripts/client/gui/battle_control/arena_info/arena_dp.py, 566): Uses slow player search by name
2017-11-04 19:59:32.844: NOTICE: [NOTE] (scripts/client/gui/battle_control/arena_info/arena_dp.py, 556): Player's team not found.
2017-11-04 19:59:32.844: NOTICE: [NOTE] (scripts/client/gui/battle_control/arena_info/arena_dp.py, 562): Player's vehicle ID not found.
2017-11-04 19:59:32.844: NOTICE: [NOTE] (scripts/client/gui/battle_control/arena_info/arena_dp.py, 566): Uses slow player search by name
2017-11-04 19:59:33.074: NOTICE: [NOTE] (scripts/client/game.py, 463): [SPACE] Loading space: spaces/86_himmelsdorf_winter
