

/------------------------------------------------------------------------------------------\
worldoftanks 0.9.20.1 (compiled at 18:43:46 Oct 18 2017) starting on Thu Nov  2 23:28:18 2017

2017-11-02 23:28:18.699: INFO: [Config] Command line: C:/Games/World_of_Tanks/worldoftanks.exe wot_wait_for_mutex
2017-11-02 23:28:20.243: INFO: [Config] Default encoding set to utf-8
2017-11-02 23:28:20.272: INFO: [PY_DEBUG] Release Client - Content Type: hd

2017-11-02 23:28:20.272: INFO: [PY_DEBUG] Checking ./res_mods/0.9.20.1.2: mods found
2017-11-02 23:28:20.272: INFO: [PY_DEBUG] Mod file 'mods/0.9.20.1.2/yasenkrasen/yk_backgrounds.wotmod' loaded
2017-11-02 23:28:20.272: INFO: [PY_DEBUG] Mod file 'mods/0.9.20.1.2/com.modxvm.xfw_7.2.2.840.wotmod' loaded
2017-11-02 23:28:20.272: INFO: [PY_DEBUG] Mod file 'mods/0.9.20.1.2/crosshair_arcade.wotmod' loaded
2017-11-02 23:28:20.272: INFO: [PY_DEBUG] Mod file 'mods/0.9.20.1.2/crosshair_controls.wotmod' loaded
2017-11-02 23:28:20.272: INFO: [PY_DEBUG] Mod file 'mods/0.9.20.1.2/crosshair_script.wotmod' loaded
2017-11-02 23:28:20.272: INFO: [PY_DEBUG] Mod file 'mods/0.9.20.1.2/crosshair_sniper.wotmod' loaded
2017-11-02 23:28:20.272: INFO: [PY_DEBUG] Mod file 'mods/0.9.20.1.2/gunconstraints.wotmod' loaded
2017-11-02 23:28:20.272: INFO: [PY_DEBUG] Mod file 'mods/0.9.20.1.2/izeberg.modsettingsapi_1.0.1.wotmod' loaded
2017-11-02 23:28:20.272: INFO: [PY_DEBUG] Mod file 'mods/0.9.20.1.2/mod_tweaker_farplane.wotmod' loaded
2017-11-02 23:28:20.272: INFO: [PY_DEBUG] Mod file 'mods/0.9.20.1.2/mvi_hangar.wotmod' loaded
2017-11-02 23:28:20.272: INFO: [PY_DEBUG] Mod file 'mods/0.9.20.1.2/poliroid.modslistapi_1.0.7.wotmod' loaded
2017-11-02 23:28:20.272: INFO: [PY_DEBUG] Mod file 'mods/0.9.20.1.2/poliroid.pmod_1.29.2.wotmod' loaded
2017-11-02 23:28:20.272: INFO: [PY_DEBUG] Mod file 'mods/0.9.20.1.2/reducedarmor.wotmod' loaded
2017-11-02 23:28:20.272: INFO: [PY_DEBUG] Mod file 'mods/0.9.20.1.2/yasenkrasen/yk_statistics.wotmod' loaded
2017-11-02 23:28:20.272: INFO: [PY_DEBUG] Mod file 'mods/0.9.20.1.2/vxbattleflash_1.5.1.wotmod' loaded
2017-11-02 23:28:21.392: INFO: 
2017-11-02 23:28:21.393: INFO: ========================== [ScriptLoader PRO] =============================
2017-11-02 23:28:21.393: INFO: [SL_PRO INFO] ScriptLoader PRO v1.25 initialized...
2017-11-02 23:28:21.393: INFO: ===========================================================================
2017-11-02 23:28:21.393: INFO: 
2017-11-02 23:28:29.303: NOTICE: [NOTE] (scripts/client/post_processing/__init__.py, 271): The quality = 3 was selected.
2017-11-02 23:28:29.303: NOTICE: [NOTE] (scripts/client/post_processing/__init__.py, 271): The quality = 2 was selected.
2017-11-02 23:28:30.029: INFO: ---------------------------------------------------------------------------
2017-11-02 23:28:30.451: INFO: [XFW] Version: 5.0.0
2017-11-02 23:28:30.451: INFO: [XFW] Working dir: mods
2017-11-02 23:28:31.080: INFO: [XFW] Loading mod: xvm_main 0.9.20.1.2 (https://modxvm.com/)
2017-11-02 23:28:31.086: INFO: [XFW] Loading mod: xvm_autologin 0.9.20.1.2 (https://modxvm.com/)
2017-11-02 23:28:31.252: INFO: [XFW] Loading mod: xvm_battle 0.9.20.1.2 (https://modxvm.com/)
2017-11-02 23:28:31.261: INFO: [XFW] Loading mod: xvm_battleresults 0.9.20.1.2 (https://modxvm.com/)
2017-11-02 23:28:31.276: INFO: [XFW] Loading mod: xvm_contacts 0.9.20.1.2 (https://modxvm.com/)
2017-11-02 23:28:31.286: INFO: [XFW] Loading mod: xvm_crew 0.9.20.1.2 (https://modxvm.com/)
2017-11-02 23:28:31.294: INFO: [XFW] Loading mod: xvm_equip 0.9.20.1.2 (https://modxvm.com/)
2017-11-02 23:28:31.299: INFO: [XFW] Loading mod: xvm_export 0.9.20.1.2 (https://modxvm.com/)
2017-11-02 23:28:31.310: INFO: [XFW] Loading mod: xvm_hangar 0.9.20.1.2 (https://modxvm.com/)
2017-11-02 23:28:31.314: INFO: [XFW] Loading mod: xvm_hotfix 0.9.20.1.2 (https://modxvm.com/)
2017-11-02 23:28:31.319: INFO: [XFW] Loading mod: xvm_integrity 0.9.20.1.2 (https://modxvm.com/)
2017-11-02 23:28:31.348: INFO: [XFW] Loading mod: xvm_limits 0.9.20.1.2 (https://modxvm.com/)
2017-11-02 23:28:31.355: INFO: [XFW] Loading mod: xvm_online 0.9.20.1.2 (https://modxvm.com/)
2017-11-02 23:28:31.363: INFO: [XFW] Loading mod: xvm_ping 0.9.20.1.2 (https://modxvm.com/)
2017-11-02 23:28:31.369: INFO: [XFW] Loading mod: xvm_profile 0.9.20.1.2 (https://modxvm.com/)
2017-11-02 23:28:31.372: INFO: [XFW] Loading mod: xvm_profiler 0.9.20.1.2 (https://modxvm.com/)
2017-11-02 23:28:31.375: INFO: [XFW] Loading mod: xvm_quests 0.9.20.1.2 (https://modxvm.com/)
2017-11-02 23:28:31.402: INFO: [XFW] Loading mod: xvm_sounds 0.9.20.1.2 (https://modxvm.com/)
2017-11-02 23:28:31.413: INFO: [XFW] Loading mod: xvm_squad 0.9.20.1.2 (https://modxvm.com/)
2017-11-02 23:28:31.416: INFO: [XFW] Loading mod: xvm_tankcarousel 0.9.20.1.2 (https://modxvm.com/)
2017-11-02 23:28:31.420: INFO: [XFW] Loading mod: xvm_techtree 0.9.20.1.2 (https://modxvm.com/)
2017-11-02 23:28:31.433: INFO: [XFW] Loading mod: xvm_tooltips 0.9.20.1.2 (https://modxvm.com/)
2017-11-02 23:28:31.433: INFO: [SL_PRO] Executed Script: mod_.pyc
2017-11-02 23:28:31.433: INFO: ---------------------------------------------------------------------------
2017-11-02 23:28:31.439: INFO: [LOAD] [6TH SENSE] MLG 6TH SENSE mod loaded
2017-11-02 23:28:31.439: INFO: [SL_PRO] Executed Script: mod_sixthsense.pyc
2017-11-02 23:28:31.439: INFO: ---------------------------------------------------------------------------
2017-11-02 23:28:33.053: INFO: [SL_PRO] Executed Script: mod_pmod.pyc
2017-11-02 23:28:33.053: INFO: ---------------------------------------------------------------------------
2017-11-02 23:28:33.250: INFO: [MOD] mod loaded: mod_sights
2017-11-02 23:28:33.251: INFO: [SL_PRO] Executed Script: mod_sights.pyc
2017-11-02 23:28:33.251: INFO: ---------------------------------------------------------------------------
2017-11-02 23:28:33.251: INFO: [SL_PRO] Executed Script: mod_elksgm.pyc
2017-11-02 23:28:33.251: INFO: ---------------------------------------------------------------------------
2017-11-02 23:28:33.253: INFO: Loading mod: YasenKrasen Session Statistics 0.9.20.1.1 (http://forum.worldoftanks.eu/index.php?/topic/583433-)
2017-11-02 23:28:33.254: INFO: [SL_PRO] Executed Script: mod_stat.pyc
2017-11-02 23:28:33.254: INFO: ---------------------------------------------------------------------------
2017-11-02 23:28:33.462: INFO: [MOD] mod loaded: mod_GunConstraints
2017-11-02 23:28:33.462: INFO: [SL_PRO] Executed Script: mod_gunconstraints.pyc
2017-11-02 23:28:33.462: INFO: ---------------------------------------------------------------------------
2017-11-02 23:28:33.612: INFO: [NOTE] Loading mod: reducedArmor, [v.0.1.0 WOT: v.0.9.20.1.2 #638] by Ekspoint
2017-11-02 23:28:33.612: INFO: -------------------------------------------------------------------------
2017-11-02 23:28:33.613: INFO: [reducedArmor]: Config file [mod_reducedArmor.json] successfully loaded
2017-11-02 23:28:33.613: INFO: -------------------------------------------------------------------------
2017-11-02 23:28:33.972: INFO: [NOTE] package loaded: vxBattleFlash v.1.5.1 #19 by PolarFox (WoT 0.9.20.0)
2017-11-02 23:28:33.974: INFO: [SL_PRO] Executed Script: mod_reducedarmor.pyc
2017-11-02 23:28:33.975: INFO: ---------------------------------------------------------------------------
2017-11-02 23:28:40.295: INFO: [WGC] Operation is not supported
2017-11-02 23:29:46.938: NOTICE: [NOTE] (scripts/client/helpers/statistics.py, 232): HANGAR LOADING STATE: LOGIN - 88.2549972534
2017-11-02 23:29:46.946: NOTICE: [NOTE] (scripts/client/connection_mgr.py, 242): User authentication method: token2
2017-11-02 23:29:48.539: NOTICE: [NOTE] (scripts/client/helpers/statistics.py, 232): HANGAR LOADING STATE: CONNECTED - 89.8560028076
2017-11-02 23:29:49.767: NOTICE: [NOTE] (scripts/client/account_helpers/settings_core/options.py, 722): Change state of voip: (True,)
2017-11-02 23:29:51.379: NOTICE: [NOTE] (scripts/client/helpers/statistics.py, 232): HANGAR LOADING STATE: SHOW GUI - 92.6959991455
2017-11-02 23:30:28.207: NOTICE: [NOTE] (scripts/client/helpers/statistics.py, 232): HANGAR LOADING STATE: QUESTS SYNC - 129.524002075
2017-11-02 23:30:28.359: NOTICE: [NOTE] (scripts/client/helpers/statistics.py, 232): HANGAR LOADING STATE: USS SYNC - 129.675994873
2017-11-02 23:30:28.414: NOTICE: [NOTE] (scripts/client/helpers/statistics.py, 232): HANGAR LOADING STATE: SPACE LOADING START - 129.731002808
2017-11-02 23:30:28.468: NOTICE: [NOTE] (scripts/client/game.py, 463): [SPACE] Loading space: spaces/hangar_kharkiv_halloween
2017-11-02 23:30:28.471: NOTICE: [NOTE] (scripts/client/helpers/statistics.py, 232): HANGAR LOADING STATE: VEHICLE LOADING START - 129.787994385
2017-11-02 23:30:30.887: NOTICE: [NOTE] (scripts/client/helpers/statistics.py, 232): HANGAR LOADING STATE: VEHICLE LOADING END - 132.203994751
2017-11-02 23:30:31.331: NOTICE: [NOTE] (scripts/client/helpers/statistics.py, 232): HANGAR LOADING STATE: SPACE LOADING END - 132.647994995
2017-11-02 23:30:31.331: NOTICE: [NOTE] (scripts/client/helpers/statistics.py, 232): HANGAR LOADING STATE: HANGAR READY - 132.647994995
2017-11-02 23:30:31.331: NOTICE: [NOTE] (scripts/client/helpers/statistics.py, 259): HANGAR LOADING STATE: SUMMARY TOTAL = 44.3929977417
2017-11-02 23:30:31.974: WARNING: [WARNING] (scripts/client/gui/Scaleform/framework/managers/containers.py, 1210): Loading of view Hangar[0x2d1feb50]=[key=ViewKey[alias=hangar, name=hangar], scope=SimpleScope[0x1cd35db0]=[scopeType=subView, parentScope=SimpleScope[0x1cd35d30]=[scopeType=view, parentScope=GlobalScope[0x1cd35cf0]=[scopeType=global, parentScope=None]]], state=0] is requested but the container subView is still not exist!
2017-11-02 23:30:54.977: ERROR: Traceback (most recent call last):
2017-11-02 23:30:54.977: ERROR:   File "scripts/client/gui/Scaleform/daapi/view/common/settings/SettingsWindow.py", line 358, in altBulbPreview
2017-11-02 23:30:54.978: ERROR:   File "scripts/client/account_helpers/settings_core/options.py", line 2379, in playPreviewSound
2017-11-02 23:30:54.978: ERROR: ValueError: tuple.index(x): x not in tuple
2017-11-02 23:32:11.742: NOTICE: [NOTE] (scripts/client/gui/battle_control/arena_info/arena_dp.py, 556): Player's team not found.
2017-11-02 23:32:11.742: NOTICE: [NOTE] (scripts/client/gui/battle_control/arena_info/arena_dp.py, 562): Player's vehicle ID not found.
2017-11-02 23:32:11.742: NOTICE: [NOTE] (scripts/client/gui/battle_control/arena_info/arena_dp.py, 566): Uses slow player search by name
2017-11-02 23:32:11.965: NOTICE: [NOTE] (scripts/client/gui/battle_control/arena_info/arena_dp.py, 556): Player's team not found.
2017-11-02 23:32:11.965: NOTICE: [NOTE] (scripts/client/gui/battle_control/arena_info/arena_dp.py, 562): Player's vehicle ID not found.
2017-11-02 23:32:11.965: NOTICE: [NOTE] (scripts/client/gui/battle_control/arena_info/arena_dp.py, 566): Uses slow player search by name
2017-11-02 23:32:11.965: NOTICE: [NOTE] (scripts/client/gui/battle_control/arena_info/arena_dp.py, 556): Player's team not found.
2017-11-02 23:32:11.965: NOTICE: [NOTE] (scripts/client/gui/battle_control/arena_info/arena_dp.py, 562): Player's vehicle ID not found.
2017-11-02 23:32:11.965: NOTICE: [NOTE] (scripts/client/gui/battle_control/arena_info/arena_dp.py, 566): Uses slow player search by name
2017-11-02 23:32:11.966: NOTICE: [NOTE] (scripts/client/gui/battle_control/arena_info/arena_dp.py, 556): Player's team not found.
2017-11-02 23:32:11.966: NOTICE: [NOTE] (scripts/client/gui/battle_control/arena_info/arena_dp.py, 562): Player's vehicle ID not found.
2017-11-02 23:32:11.966: NOTICE: [NOTE] (scripts/client/gui/battle_control/arena_info/arena_dp.py, 566): Uses slow player search by name
2017-11-02 23:32:11.983: NOTICE: [NOTE] (scripts/client/gui/battle_control/arena_info/arena_dp.py, 556): Player's team not found.
2017-11-02 23:32:11.983: NOTICE: [NOTE] (scripts/client/gui/battle_control/arena_info/arena_dp.py, 562): Player's vehicle ID not found.
2017-11-02 23:32:11.983: NOTICE: [NOTE] (scripts/client/gui/battle_control/arena_info/arena_dp.py, 566): Uses slow player search by name
2017-11-02 23:32:12.266: NOTICE: [NOTE] (scripts/client/game.py, 463): [SPACE] Loading space: spaces/112_eiffel_tower_ctf
2017-11-02 23:32:14.641: WARNING: [WARNING] (scripts/client/gui/Scaleform/framework/entities/BaseDAAPIComponent.py, 62): Class with alias `teamBasesPanel` already registered in object ClassicPage[0x389b5850]=[key=ViewKey[alias=classicBattlePage, name=classicBattlePage], scope=SimpleScope[0x1cd35d30]=[scopeType=view, parentScope=GlobalScope[0x1cd35cf0]=[scopeType=global, parentScope=None]], state=2]. It will be rewritten.
2017-11-02 23:38:35.532: NOTICE: [NOTE] (scripts/client/helpers/statistics.py, 232): HANGAR LOADING STATE: CONNECTED - 616.848999023
2017-11-02 23:38:37.616: NOTICE: [NOTE] (scripts/client/helpers/statistics.py, 232): HANGAR LOADING STATE: SHOW GUI - 618.932983398
2017-11-02 23:38:41.450: NOTICE: [NOTE] (scripts/client/helpers/statistics.py, 232): HANGAR LOADING STATE: QUESTS SYNC - 622.767028809
2017-11-02 23:38:41.587: NOTICE: [NOTE] (scripts/client/helpers/statistics.py, 232): HANGAR LOADING STATE: USS SYNC - 622.903991699
2017-11-02 23:38:41.630: NOTICE: [NOTE] (scripts/client/helpers/statistics.py, 232): HANGAR LOADING STATE: SPACE LOADING START - 622.945983887
2017-11-02 23:38:41.678: NOTICE: [NOTE] (scripts/client/game.py, 463): [SPACE] Loading space: spaces/hangar_kharkiv_halloween
2017-11-02 23:38:41.681: NOTICE: [NOTE] (scripts/client/helpers/statistics.py, 232): HANGAR LOADING STATE: VEHICLE LOADING START - 622.99798584
2017-11-02 23:38:42.908: WARNING: [WARNING] (scripts/client/gui/Scaleform/framework/managers/containers.py, 1210): Loading of view Hangar[0x39e5a670]=[key=ViewKey[alias=hangar, name=hangar], scope=SimpleScope[0x1cd35db0]=[scopeType=subView, parentScope=SimpleScope[0x1cd35d30]=[scopeType=view, parentScope=GlobalScope[0x1cd35cf0]=[scopeType=global, parentScope=None]]], state=0] is requested but the container subView is still not exist!
2017-11-02 23:38:43.298: NOTICE: [NOTE] (scripts/client/helpers/statistics.py, 232): HANGAR LOADING STATE: VEHICLE LOADING END - 624.614013672
2017-11-02 23:38:44.654: NOTICE: [NOTE] (scripts/client/helpers/statistics.py, 232): HANGAR LOADING STATE: SPACE LOADING END - 625.969970703
2017-11-02 23:38:44.655: NOTICE: [NOTE] (scripts/client/helpers/statistics.py, 232): HANGAR LOADING STATE: HANGAR READY - 625.971008301
2017-11-02 23:38:44.655: NOTICE: [NOTE] (scripts/client/helpers/statistics.py, 259): HANGAR LOADING STATE: SUMMARY TOTAL = 9.12200927734
2017-11-02 23:39:10.854: NOTICE: [NOTE] (scripts/client/gui/battle_control/arena_info/arena_dp.py, 556): Player's team not found.
2017-11-02 23:39:10.854: NOTICE: [NOTE] (scripts/client/gui/battle_control/arena_info/arena_dp.py, 562): Player's vehicle ID not found.
2017-11-02 23:39:10.854: NOTICE: [NOTE] (scripts/client/gui/battle_control/arena_info/arena_dp.py, 566): Uses slow player search by name
2017-11-02 23:39:11.057: NOTICE: [NOTE] (scripts/client/gui/battle_control/arena_info/arena_dp.py, 556): Player's team not found.
2017-11-02 23:39:11.057: NOTICE: [NOTE] (scripts/client/gui/battle_control/arena_info/arena_dp.py, 562): Player's vehicle ID not found.
2017-11-02 23:39:11.057: NOTICE: [NOTE] (scripts/client/gui/battle_control/arena_info/arena_dp.py, 566): Uses slow player search by name
2017-11-02 23:39:11.058: NOTICE: [NOTE] (scripts/client/gui/battle_control/arena_info/arena_dp.py, 556): Player's team not found.
2017-11-02 23:39:11.058: NOTICE: [NOTE] (scripts/client/gui/battle_control/arena_info/arena_dp.py, 562): Player's vehicle ID not found.
2017-11-02 23:39:11.058: NOTICE: [NOTE] (scripts/client/gui/battle_control/arena_info/arena_dp.py, 566): Uses slow player search by name
2017-11-02 23:39:11.058: NOTICE: [NOTE] (scripts/client/gui/battle_control/arena_info/arena_dp.py, 556): Player's team not found.
2017-11-02 23:39:11.058: NOTICE: [NOTE] (scripts/client/gui/battle_control/arena_info/arena_dp.py, 562): Player's vehicle ID not found.
2017-11-02 23:39:11.058: NOTICE: [NOTE] (scripts/client/gui/battle_control/arena_info/arena_dp.py, 566): Uses slow player search by name
2017-11-02 23:39:11.077: NOTICE: [NOTE] (scripts/client/gui/battle_control/arena_info/arena_dp.py, 556): Player's team not found.
2017-11-02 23:39:11.077: NOTICE: [NOTE] (scripts/client/gui/battle_control/arena_info/arena_dp.py, 562): Player's vehicle ID not found.
2017-11-02 23:39:11.077: NOTICE: [NOTE] (scripts/client/gui/battle_control/arena_info/arena_dp.py, 566): Uses slow player search by name
2017-11-02 23:39:11.412: NOTICE: [NOTE] (scripts/client/game.py, 463): [SPACE] Loading space: spaces/08_ruinberg
2017-11-02 23:39:13.346: WARNING: [WARNING] (scripts/client/gui/Scaleform/framework/entities/BaseDAAPIComponent.py, 62): Class with alias `teamBasesPanel` already registered in object ClassicPage[0x398358f0]=[key=ViewKey[alias=classicBattlePage, name=classicBattlePage], scope=SimpleScope[0x1cd35d30]=[scopeType=view, parentScope=GlobalScope[0x1cd35cf0]=[scopeType=global, parentScope=None]], state=2]. It will be rewritten.
2017-11-02 23:44:43.862: NOTICE: [NOTE] (scripts/client/helpers/statistics.py, 232): HANGAR LOADING STATE: CONNECTED - 985.179016113
2017-11-02 23:44:45.973: NOTICE: [NOTE] (scripts/client/helpers/statistics.py, 232): HANGAR LOADING STATE: SHOW GUI - 987.289978027
2017-11-02 23:44:49.637: NOTICE: [NOTE] (scripts/client/helpers/statistics.py, 232): HANGAR LOADING STATE: QUESTS SYNC - 990.95300293
2017-11-02 23:44:49.773: NOTICE: [NOTE] (scripts/client/helpers/statistics.py, 232): HANGAR LOADING STATE: USS SYNC - 991.088989258
2017-11-02 23:44:49.816: NOTICE: [NOTE] (scripts/client/helpers/statistics.py, 232): HANGAR LOADING STATE: SPACE LOADING START - 991.132019043
2017-11-02 23:44:49.866: NOTICE: [NOTE] (scripts/client/game.py, 463): [SPACE] Loading space: spaces/hangar_kharkiv_halloween
2017-11-02 23:44:49.869: NOTICE: [NOTE] (scripts/client/helpers/statistics.py, 232): HANGAR LOADING STATE: VEHICLE LOADING START - 991.184997559
2017-11-02 23:44:51.092: WARNING: [WARNING] (scripts/client/gui/Scaleform/framework/managers/containers.py, 1210): Loading of view Hangar[0x3995c310]=[key=ViewKey[alias=hangar, name=hangar], scope=SimpleScope[0x1cd35db0]=[scopeType=subView, parentScope=SimpleScope[0x1cd35d30]=[scopeType=view, parentScope=GlobalScope[0x1cd35cf0]=[scopeType=global, parentScope=None]]], state=0] is requested but the container subView is still not exist!
2017-11-02 23:44:51.482: NOTICE: [NOTE] (scripts/client/helpers/statistics.py, 232): HANGAR LOADING STATE: VEHICLE LOADING END - 992.797973633
2017-11-02 23:44:52.843: NOTICE: [NOTE] (scripts/client/helpers/statistics.py, 232): HANGAR LOADING STATE: SPACE LOADING END - 994.158996582
2017-11-02 23:44:52.843: NOTICE: [NOTE] (scripts/client/helpers/statistics.py, 232): HANGAR LOADING STATE: HANGAR READY - 994.158996582
2017-11-02 23:44:52.843: NOTICE: [NOTE] (scripts/client/helpers/statistics.py, 259): HANGAR LOADING STATE: SUMMARY TOTAL = 8.97998046875
2017-11-02 23:45:02.159: NOTICE: [NOTE] (scripts/client/gui/battle_control/arena_info/arena_dp.py, 556): Player's team not found.
2017-11-02 23:45:02.159: NOTICE: [NOTE] (scripts/client/gui/battle_control/arena_info/arena_dp.py, 562): Player's vehicle ID not found.
2017-11-02 23:45:02.159: NOTICE: [NOTE] (scripts/client/gui/battle_control/arena_info/arena_dp.py, 566): Uses slow player search by name
2017-11-02 23:45:02.366: NOTICE: [NOTE] (scripts/client/gui/battle_control/arena_info/arena_dp.py, 556): Player's team not found.
2017-11-02 23:45:02.366: NOTICE: [NOTE] (scripts/client/gui/battle_control/arena_info/arena_dp.py, 562): Player's vehicle ID not found.
2017-11-02 23:45:02.366: NOTICE: [NOTE] (scripts/client/gui/battle_control/arena_info/arena_dp.py, 566): Uses slow player search by name
2017-11-02 23:45:02.367: NOTICE: [NOTE] (scripts/client/gui/battle_control/arena_info/arena_dp.py, 556): Player's team not found.
2017-11-02 23:45:02.367: NOTICE: [NOTE] (scripts/client/gui/battle_control/arena_info/arena_dp.py, 562): Player's vehicle ID not found.
2017-11-02 23:45:02.367: NOTICE: [NOTE] (scripts/client/gui/battle_control/arena_info/arena_dp.py, 566): Uses slow player search by name
2017-11-02 23:45:02.367: NOTICE: [NOTE] (scripts/client/gui/battle_control/arena_info/arena_dp.py, 556): Player's team not found.
2017-11-02 23:45:02.367: NOTICE: [NOTE] (scripts/client/gui/battle_control/arena_info/arena_dp.py, 562): Player's vehicle ID not found.
2017-11-02 23:45:02.367: NOTICE: [NOTE] (scripts/client/gui/battle_control/arena_info/arena_dp.py, 566): Uses slow player search by name
2017-11-02 23:45:02.385: NOTICE: [NOTE] (scripts/client/gui/battle_control/arena_info/arena_dp.py, 556): Player's team not found.
2017-11-02 23:45:02.385: NOTICE: [NOTE] (scripts/client/gui/battle_control/arena_info/arena_dp.py, 562): Player's vehicle ID not found.
2017-11-02 23:45:02.385: NOTICE: [NOTE] (scripts/client/gui/battle_control/arena_info/arena_dp.py, 566): Uses slow player search by name
2017-11-02 23:45:02.823: NOTICE: [NOTE] (scripts/client/game.py, 463): [SPACE] Loading space: spaces/92_stalingrad
2017-11-02 23:45:05.037: WARNING: [WARNING] (scripts/client/gui/Scaleform/framework/entities/BaseDAAPIComponent.py, 62): Class with alias `teamBasesPanel` already registered in object ClassicPage[0x39b260f0]=[key=ViewKey[alias=classicBattlePage, name=classicBattlePage], scope=SimpleScope[0x1cd35d30]=[scopeType=view, parentScope=GlobalScope[0x1cd35cf0]=[scopeType=global, parentScope=None]], state=2]. It will be rewritten.
2017-11-02 23:52:14.578: NOTICE: [NOTE] (scripts/client/helpers/statistics.py, 232): HANGAR LOADING STATE: CONNECTED - 1435.89501953
2017-11-02 23:52:16.680: NOTICE: [NOTE] (scripts/client/helpers/statistics.py, 232): HANGAR LOADING STATE: SHOW GUI - 1437.99597168
2017-11-02 23:52:20.373: NOTICE: [NOTE] (scripts/client/helpers/statistics.py, 232): HANGAR LOADING STATE: QUESTS SYNC - 1441.68994141
2017-11-02 23:52:20.512: NOTICE: [NOTE] (scripts/client/helpers/statistics.py, 232): HANGAR LOADING STATE: USS SYNC - 1441.82897949
2017-11-02 23:52:20.555: NOTICE: [NOTE] (scripts/client/helpers/statistics.py, 232): HANGAR LOADING STATE: SPACE LOADING START - 1441.87194824
2017-11-02 23:52:20.609: NOTICE: [NOTE] (scripts/client/game.py, 463): [SPACE] Loading space: spaces/hangar_kharkiv_halloween
2017-11-02 23:52:20.611: NOTICE: [NOTE] (scripts/client/helpers/statistics.py, 232): HANGAR LOADING STATE: VEHICLE LOADING START - 1441.92797852
2017-11-02 23:52:21.839: WARNING: [WARNING] (scripts/client/gui/Scaleform/framework/managers/containers.py, 1210): Loading of view Hangar[0x394550f0]=[key=ViewKey[alias=hangar, name=hangar], scope=SimpleScope[0x1cd35db0]=[scopeType=subView, parentScope=SimpleScope[0x1cd35d30]=[scopeType=view, parentScope=GlobalScope[0x1cd35cf0]=[scopeType=global, parentScope=None]]], state=0] is requested but the container subView is still not exist!
2017-11-02 23:52:22.226: NOTICE: [NOTE] (scripts/client/helpers/statistics.py, 232): HANGAR LOADING STATE: VEHICLE LOADING END - 1443.54296875
2017-11-02 23:52:23.581: NOTICE: [NOTE] (scripts/client/helpers/statistics.py, 232): HANGAR LOADING STATE: SPACE LOADING END - 1444.89794922
2017-11-02 23:52:23.581: NOTICE: [NOTE] (scripts/client/helpers/statistics.py, 232): HANGAR LOADING STATE: HANGAR READY - 1444.89794922
2017-11-02 23:52:23.581: NOTICE: [NOTE] (scripts/client/helpers/statistics.py, 259): HANGAR LOADING STATE: SUMMARY TOTAL = 9.0029296875
2017-11-02 23:52:36.248: NOTICE: [NOTE] (scripts/client/gui/battle_control/arena_info/arena_dp.py, 556): Player's team not found.
2017-11-02 23:52:36.248: NOTICE: [NOTE] (scripts/client/gui/battle_control/arena_info/arena_dp.py, 562): Player's vehicle ID not found.
2017-11-02 23:52:36.248: NOTICE: [NOTE] (scripts/client/gui/battle_control/arena_info/arena_dp.py, 566): Uses slow player search by name
2017-11-02 23:52:36.451: NOTICE: [NOTE] (scripts/client/gui/battle_control/arena_info/arena_dp.py, 556): Player's team not found.
2017-11-02 23:52:36.451: NOTICE: [NOTE] (scripts/client/gui/battle_control/arena_info/arena_dp.py, 562): Player's vehicle ID not found.
2017-11-02 23:52:36.451: NOTICE: [NOTE] (scripts/client/gui/battle_control/arena_info/arena_dp.py, 566): Uses slow player search by name
2017-11-02 23:52:36.452: NOTICE: [NOTE] (scripts/client/gui/battle_control/arena_info/arena_dp.py, 556): Player's team not found.
2017-11-02 23:52:36.452: NOTICE: [NOTE] (scripts/client/gui/battle_control/arena_info/arena_dp.py, 562): Player's vehicle ID not found.
2017-11-02 23:52:36.452: NOTICE: [NOTE] (scripts/client/gui/battle_control/arena_info/arena_dp.py, 566): Uses slow player search by name
2017-11-02 23:52:36.452: NOTICE: [NOTE] (scripts/client/gui/battle_control/arena_info/arena_dp.py, 556): Player's team not found.
2017-11-02 23:52:36.452: NOTICE: [NOTE] (scripts/client/gui/battle_control/arena_info/arena_dp.py, 562): Player's vehicle ID not found.
2017-11-02 23:52:36.452: NOTICE: [NOTE] (scripts/client/gui/battle_control/arena_info/arena_dp.py, 566): Uses slow player search by name
2017-11-02 23:52:36.471: NOTICE: [NOTE] (scripts/client/gui/battle_control/arena_info/arena_dp.py, 556): Player's team not found.
2017-11-02 23:52:36.471: NOTICE: [NOTE] (scripts/client/gui/battle_control/arena_info/arena_dp.py, 562): Player's vehicle ID not found.
2017-11-02 23:52:36.471: NOTICE: [NOTE] (scripts/client/gui/battle_control/arena_info/arena_dp.py, 566): Uses slow player search by name
2017-11-02 23:52:36.918: NOTICE: [NOTE] (scripts/client/game.py, 463): [SPACE] Loading space: spaces/37_caucasus
2017-11-02 23:52:39.302: WARNING: [WARNING] (scripts/client/gui/Scaleform/framework/entities/BaseDAAPIComponent.py, 62): Class with alias `teamBasesPanel` already registered in object ClassicPage[0x2e077cf0]=[key=ViewKey[alias=classicBattlePage, name=classicBattlePage], scope=SimpleScope[0x1cd35d30]=[scopeType=view, parentScope=GlobalScope[0x1cd35cf0]=[scopeType=global, parentScope=None]], state=2]. It will be rewritten.
2017-11-03 00:00:42.173: NOTICE: [NOTE] (scripts/client/helpers/statistics.py, 232): HANGAR LOADING STATE: CONNECTED - 1943.48999023
2017-11-03 00:00:44.297: NOTICE: [NOTE] (scripts/client/helpers/statistics.py, 232): HANGAR LOADING STATE: SHOW GUI - 1945.61401367
2017-11-03 00:00:47.978: NOTICE: [NOTE] (scripts/client/helpers/statistics.py, 232): HANGAR LOADING STATE: QUESTS SYNC - 1949.29504395
2017-11-03 00:00:48.117: NOTICE: [NOTE] (scripts/client/helpers/statistics.py, 232): HANGAR LOADING STATE: USS SYNC - 1949.43395996
2017-11-03 00:00:48.159: NOTICE: [NOTE] (scripts/client/helpers/statistics.py, 232): HANGAR LOADING STATE: SPACE LOADING START - 1949.47595215
2017-11-03 00:00:48.214: NOTICE: [NOTE] (scripts/client/game.py, 463): [SPACE] Loading space: spaces/hangar_kharkiv_halloween
2017-11-03 00:00:48.217: NOTICE: [NOTE] (scripts/client/helpers/statistics.py, 232): HANGAR LOADING STATE: VEHICLE LOADING START - 1949.53405762
2017-11-03 00:00:49.446: WARNING: [WARNING] (scripts/client/gui/Scaleform/framework/managers/containers.py, 1210): Loading of view Hangar[0x2b595850]=[key=ViewKey[alias=hangar, name=hangar], scope=SimpleScope[0x1cd35db0]=[scopeType=subView, parentScope=SimpleScope[0x1cd35d30]=[scopeType=view, parentScope=GlobalScope[0x1cd35cf0]=[scopeType=global, parentScope=None]]], state=0] is requested but the container subView is still not exist!
2017-11-03 00:00:49.825: NOTICE: [NOTE] (scripts/client/helpers/statistics.py, 232): HANGAR LOADING STATE: VEHICLE LOADING END - 1951.14196777
2017-11-03 00:00:51.199: NOTICE: [NOTE] (scripts/client/helpers/statistics.py, 232): HANGAR LOADING STATE: SPACE LOADING END - 1952.51501465
2017-11-03 00:00:51.199: NOTICE: [NOTE] (scripts/client/helpers/statistics.py, 232): HANGAR LOADING STATE: HANGAR READY - 1952.51501465
2017-11-03 00:00:51.199: NOTICE: [NOTE] (scripts/client/helpers/statistics.py, 259): HANGAR LOADING STATE: SUMMARY TOTAL = 9.02502441406
2017-11-03 00:02:28.801: NOTICE: [NOTE] (scripts/client/gui/battle_control/arena_info/arena_dp.py, 556): Player's team not found.
2017-11-03 00:02:28.801: NOTICE: [NOTE] (scripts/client/gui/battle_control/arena_info/arena_dp.py, 562): Player's vehicle ID not found.
2017-11-03 00:02:28.801: NOTICE: [NOTE] (scripts/client/gui/battle_control/arena_info/arena_dp.py, 566): Uses slow player search by name
2017-11-03 00:02:29.010: NOTICE: [NOTE] (scripts/client/gui/battle_control/arena_info/arena_dp.py, 556): Player's team not found.
2017-11-03 00:02:29.010: NOTICE: [NOTE] (scripts/client/gui/battle_control/arena_info/arena_dp.py, 562): Player's vehicle ID not found.
2017-11-03 00:02:29.010: NOTICE: [NOTE] (scripts/client/gui/battle_control/arena_info/arena_dp.py, 566): Uses slow player search by name
2017-11-03 00:02:29.010: NOTICE: [NOTE] (scripts/client/gui/battle_control/arena_info/arena_dp.py, 556): Player's team not found.
2017-11-03 00:02:29.010: NOTICE: [NOTE] (scripts/client/gui/battle_control/arena_info/arena_dp.py, 562): Player's vehicle ID not found.
2017-11-03 00:02:29.010: NOTICE: [NOTE] (scripts/client/gui/battle_control/arena_info/arena_dp.py, 566): Uses slow player search by name
2017-11-03 00:02:29.010: NOTICE: [NOTE] (scripts/client/gui/battle_control/arena_info/arena_dp.py, 556): Player's team not found.
2017-11-03 00:02:29.010: NOTICE: [NOTE] (scripts/client/gui/battle_control/arena_info/arena_dp.py, 562): Player's vehicle ID not found.
2017-11-03 00:02:29.010: NOTICE: [NOTE] (scripts/client/gui/battle_control/arena_info/arena_dp.py, 566): Uses slow player search by name
2017-11-03 00:02:29.030: NOTICE: [NOTE] (scripts/client/gui/battle_control/arena_info/arena_dp.py, 556): Player's team not found.
2017-11-03 00:02:29.030: NOTICE: [NOTE] (scripts/client/gui/battle_control/arena_info/arena_dp.py, 562): Player's vehicle ID not found.
2017-11-03 00:02:29.030: NOTICE: [NOTE] (scripts/client/gui/battle_control/arena_info/arena_dp.py, 566): Uses slow player search by name
2017-11-03 00:02:29.363: NOTICE: [NOTE] (scripts/client/game.py, 463): [SPACE] Loading space: spaces/47_canada_a
2017-11-03 00:02:31.968: WARNING: [WARNING] (scripts/client/gui/Scaleform/framework/entities/BaseDAAPIComponent.py, 62): Class with alias `teamBasesPanel` already registered in object ClassicPage[0x39ab0a70]=[key=ViewKey[alias=classicBattlePage, name=classicBattlePage], scope=SimpleScope[0x1cd35d30]=[scopeType=view, parentScope=GlobalScope[0x1cd35cf0]=[scopeType=global, parentScope=None]], state=2]. It will be rewritten.
2017-11-03 00:10:07.487: NOTICE: [NOTE] (scripts/client/helpers/statistics.py, 232): HANGAR LOADING STATE: CONNECTED - 2508.80395508
2017-11-03 00:10:09.644: NOTICE: [NOTE] (scripts/client/helpers/statistics.py, 232): HANGAR LOADING STATE: SHOW GUI - 2510.95996094
2017-11-03 00:10:13.704: NOTICE: [NOTE] (scripts/client/helpers/statistics.py, 232): HANGAR LOADING STATE: QUESTS SYNC - 2515.02001953
2017-11-03 00:10:13.842: NOTICE: [NOTE] (scripts/client/helpers/statistics.py, 232): HANGAR LOADING STATE: USS SYNC - 2515.15795898
2017-11-03 00:10:13.884: NOTICE: [NOTE] (scripts/client/helpers/statistics.py, 232): HANGAR LOADING STATE: SPACE LOADING START - 2515.19995117
2017-11-03 00:10:13.938: NOTICE: [NOTE] (scripts/client/game.py, 463): [SPACE] Loading space: spaces/hangar_kharkiv_halloween
2017-11-03 00:10:13.940: NOTICE: [NOTE] (scripts/client/helpers/statistics.py, 232): HANGAR LOADING STATE: VEHICLE LOADING START - 2515.25610352
2017-11-03 00:10:14.812: WARNING: [WARNING] (scripts/client/gui/Scaleform/framework/managers/containers.py, 1210): Loading of view Hangar[0x392fc390]=[key=ViewKey[alias=hangar, name=hangar], scope=SimpleScope[0x1cd35db0]=[scopeType=subView, parentScope=SimpleScope[0x1cd35d30]=[scopeType=view, parentScope=GlobalScope[0x1cd35cf0]=[scopeType=global, parentScope=None]]], state=0] is requested but the container subView is still not exist!
2017-11-03 00:10:15.310: NOTICE: [NOTE] (scripts/client/helpers/statistics.py, 232): HANGAR LOADING STATE: VEHICLE LOADING END - 2516.62597656
2017-11-03 00:10:16.732: NOTICE: [NOTE] (scripts/client/helpers/statistics.py, 232): HANGAR LOADING STATE: SPACE LOADING END - 2518.04907227
2017-11-03 00:10:16.733: NOTICE: [NOTE] (scripts/client/helpers/statistics.py, 232): HANGAR LOADING STATE: HANGAR READY - 2518.05004883
2017-11-03 00:10:16.733: NOTICE: [NOTE] (scripts/client/helpers/statistics.py, 259): HANGAR LOADING STATE: SUMMARY TOTAL = 9.24609375
2017-11-03 00:12:56.080: NOTICE: [NOTE] (scripts/client/helpers/statistics.py, 232): HANGAR LOADING STATE: DISCONNECTED - 2677.39697266
2017-11-03 00:12:57.079: WARNING: [WARNING] (scripts/client/account_helpers/CustomFilesCache.py, 34): Method "close" takes too much time 0.986999988556
2017-11-03 00:12:57.081: INFO: PostProcessing.Phases.fini()

\------------------------------------------------------------------------------------------/

