res_mods/
res_mods/0.9.19.1/
mods/
mods/0.9.19.1/
res_mods/
res_mods/0.9.19.1/
res_mods/0.9.19.1/system/
res_mods/0.9.19.1/system/fonts/
res_mods/0.9.19.1/system/fonts/Arial_12.dds
res_mods/0.9.19.1/system/fonts/Courier_New_10.dds
res_mods/0.9.19.1/system/fonts/Courier_New_11.dds
res_mods/0.9.19.1/system/fonts/Courier_New_13.dds
res_mods/0.9.19.1/system/fonts/Courier_New_15.dds
res_mods/0.9.19.1/system/fonts/default_medium.font
res_mods/0.9.19.1/system/fonts/default_small.font
res_mods/0.9.19.1/system/fonts/default_smaller.font
res_mods/0.9.19.1/system/fonts/HGSoeiKakugothicUB_12.dds
res_mods/0.9.19.1/system/fonts/HGSoeiKakugothicUB_15.dds
res_mods/0.9.19.1/system/fonts/HGSoeiKakugothicUB_20.dds
res_mods/0.9.19.1/system/fonts/hpmp_panel.font
res_mods/0.9.19.1/system/fonts/system_large.font
res_mods/0.9.19.1/system/fonts/system_medium.font
res_mods/0.9.19.1/system/fonts/system_small.font
res_mods/0.9.19.1/system/fonts/system_tiny.font
res_mods/0.9.19.1/system/fonts/Verdana_15.dds
res_mods/0.9.19.1/system/fonts/Verdana_20.dds
res_mods/0.9.19.1/system/fonts/verdana_medium.font
res_mods/0.9.19.1/system/fonts/verdana_small.font
res_mods/
res_mods/0.9.19.1/
res_mods/0.9.19.1/audioww/
res_mods/0.9.19.1/audioww/audio_mods.xml
res_mods/0.9.19.1/engine_config.xml
res_mods/0.9.19.1/gui/
res_mods/0.9.19.1/gui/avatar_input_handler.xml
res_mods/0.9.19.1/gui/gui_sounds.xml
res_mods/0.9.19.1/gui/music_events.xml
res_mods/0.9.19.1/gui/soundModes/
res_mods/0.9.19.1/gui/soundModes/main_sound_modes.xml
res_mods/0.9.19.1/gui/sound_notifications.xml
res_mods/
res_mods/configs/
res_mods/configs/xvm/
res_mods/configs/xvm/default/
res_mods/configs/xvm/default/sounds.xc
res_mods/configs/xvm/default/battleResults.xc
res_mods/configs/xvm/default/minimapCircles.xc
res_mods/configs/xvm/default/statisticForm.xc
res_mods/configs/xvm/default/minimap.xc
res_mods/configs/xvm/default/tooltips.xc
res_mods/configs/xvm/default/minimapLabels.xc
res_mods/configs/xvm/default/damageLog.xc
res_mods/configs/xvm/default/carouselSmall.xc
res_mods/configs/xvm/default/hitLog.xc
res_mods/configs/xvm/default/minimapAlt.xc
res_mods/configs/xvm/default/battleLoadingTips.xc
res_mods/configs/xvm/default/battleLabels.xc
res_mods/configs/xvm/default/minimapLabelsTemplates.xc
res_mods/configs/xvm/default/markers.xc
res_mods/configs/xvm/default/texts.xc
res_mods/configs/xvm/default/battleLabelsTemplates.xc
res_mods/configs/xvm/default/markersDeadExtended.xc
res_mods/configs/xvm/default/userInfo.xc
res_mods/configs/xvm/default/@xvm.xc
res_mods/configs/xvm/default/carouselNormal.xc
res_mods/configs/xvm/default/camera.xc
res_mods/configs/xvm/default/alpha.xc
res_mods/configs/xvm/default/playersPanel.xc
res_mods/configs/xvm/default/carousel.xc
res_mods/configs/xvm/default/widgetsTemplates.xc
res_mods/configs/xvm/default/markersAliveNormal.xc
res_mods/configs/xvm/default/hangar.xc
res_mods/configs/xvm/default/hotkeys.xc
res_mods/configs/xvm/default/captureBar.xc
res_mods/configs/xvm/default/vehicleNames.xc
res_mods/configs/xvm/default/elements.xc
res_mods/configs/xvm/default/markersDeadNormal.xc
res_mods/configs/xvm/default/colors.xc
res_mods/configs/xvm/default/login.xc
res_mods/configs/xvm/default/minimapMapSize.xc
res_mods/configs/xvm/default/tweaks.xc
res_mods/configs/xvm/default/minimapLabelsAlt.xc
res_mods/configs/xvm/default/iconset.xc
res_mods/configs/xvm/default/export.xc
res_mods/configs/xvm/default/battle.xc
res_mods/configs/xvm/default/xmqp.xc
res_mods/configs/xvm/default/squad.xc
res_mods/configs/xvm/default/minimapLabelsData.xc
res_mods/configs/xvm/default/minimapLines.xc
res_mods/configs/xvm/default/widgets.xc
res_mods/configs/xvm/default/battleLoading.xc
res_mods/configs/xvm/default/markersAliveExtended.xc
res_mods/configs/xvm/sirmax/
res_mods/configs/xvm/sirmax/sirmax-markers.xc
res_mods/configs/xvm/sirmax/img/
res_mods/configs/xvm/sirmax/img/panel-bg-alive.png
res_mods/configs/xvm/sirmax/img/_enemy-alive.png
res_mods/configs/xvm/sirmax/img/_squad.png
res_mods/configs/xvm/sirmax/img/SixthSense.png
res_mods/configs/xvm/sirmax/img/MinimapAim.png
res_mods/configs/xvm/sirmax/img/icons/
res_mods/configs/xvm/sirmax/img/icons/deer.png
res_mods/configs/xvm/sirmax/img/hp-ally-alive.png
res_mods/configs/xvm/sirmax/img/marksOnGun/
res_mods/configs/xvm/sirmax/img/marksOnGun/3.png
res_mods/configs/xvm/sirmax/img/marksOnGun/0.png
res_mods/configs/xvm/sirmax/img/marksOnGun/-.png
res_mods/configs/xvm/sirmax/img/marksOnGun/2.png
res_mods/configs/xvm/sirmax/img/marksOnGun/empty.png
res_mods/configs/xvm/sirmax/img/marksOnGun/1.png
res_mods/configs/xvm/sirmax/img/marksOnGun/x.png
res_mods/configs/xvm/sirmax/img/hp-squad-alive.png
res_mods/configs/xvm/sirmax/img/_ally-alive.png
res_mods/configs/xvm/sirmax/img/_empty.png
res_mods/configs/xvm/sirmax/img/hp-bg.png
res_mods/configs/xvm/sirmax/img/panel-bg-dead.png
res_mods/configs/xvm/sirmax/img/MinimapAim2.png
res_mods/configs/xvm/sirmax/img/hp-enemy-alive.png
res_mods/configs/xvm/sirmax/img/_bg.png
res_mods/configs/xvm/sirmax/sirmax-panels-none.xc
res_mods/configs/xvm/sirmax/sirmax-minimapLabels.xc
res_mods/configs/xvm/sirmax/sirmax-widgets.xc
res_mods/configs/xvm/sirmax/sirmax-snippet-pp.xc
res_mods/configs/xvm/sirmax/sirmax-battleLabels.xc
res_mods/configs/xvm/sirmax/sirmax-panels.xc
res_mods/configs/xvm/sirmax/sirmax-minimapCircles.xc
res_mods/configs/xvm/sirmax/sirmax-snippet-bt.xc
res_mods/configs/xvm/sirmax/sirmax.xc
res_mods/configs/xvm/sirmax/sirmax-snippet-test.xc
res_mods/configs/xvm/sirmax/sirmax-carousel.xc
res_mods/configs/xvm/sirmax/sirmax-minimap.xc
res_mods/configs/xvm/sirmax/sirmax-minimapLines.xc
res_mods/configs/xvm/xvm.xc
res_mods/configs/xvm/py_macro/
res_mods/configs/xvm/py_macro/str.py
res_mods/configs/xvm/py_macro/vinfo.py
res_mods/configs/xvm/py_macro/totalEfficiency.py
res_mods/configs/xvm/py_macro/damage_log.py
res_mods/configs/xvm/py_macro/math.py
res_mods/configs/xvm/py_macro/sixthsenseduration.py
res_mods/configs/xvm/py_macro/repairTime.py
res_mods/configs/xvm/py_macro/xvm/
res_mods/configs/xvm/py_macro/xvm/__init__.py
res_mods/configs/xvm/py_macro/xvm/xvm2sup.py
res_mods/configs/xvm/py_macro/xvm/parser_addon.py
res_mods/configs/xvm/py_macro/xvm/damageLog.py
res_mods/configs/xvm/py_macro/xvm/total_hp.py
res_mods/configs/xvm/py_macro/xvm/utils.py
res_mods/configs/xvm/py_macro/xvm/total_Efficiency.py
res_mods/configs/xvm/py_macro/xvm.py
res_mods/configs/xvm/py_macro/score_panel.py
res_mods/configs/xvm/py_macro/xvm_debug.py
res_mods/mods/
res_mods/mods/packages/
res_mods/mods/packages/xvm_limits/
res_mods/mods/packages/xvm_limits/python/
res_mods/mods/packages/xvm_limits/python/__init__.py
res_mods/mods/packages/xvm_limits/python/__version__.py
res_mods/mods/packages/xvm_integrity/
res_mods/mods/packages/xvm_integrity/python/
res_mods/mods/packages/xvm_integrity/python/__init__.py
res_mods/mods/packages/xvm_integrity/python/__version__.py
res_mods/mods/packages/xvm_integrity/python/hash_table.py
res_mods/mods/packages/xvm_equip/
res_mods/mods/packages/xvm_equip/python/
res_mods/mods/packages/xvm_equip/python/__init__.py
res_mods/mods/packages/xvm_equip/python/wg_compat.py
res_mods/mods/packages/xvm_equip/python/__version__.py
res_mods/mods/packages/xvm_ping/
res_mods/mods/packages/xvm_ping/python/
res_mods/mods/packages/xvm_ping/python/pinger_wg.py
res_mods/mods/packages/xvm_ping/python/__init__.py
res_mods/mods/packages/xvm_ping/python/__version__.py
res_mods/mods/packages/xvm_ping/python/pinger.py
res_mods/mods/packages/xvm_tooltips/
res_mods/mods/packages/xvm_tooltips/python/
res_mods/mods/packages/xvm_tooltips/python/__init__.py
res_mods/mods/packages/xvm_tooltips/python/__version__.py
res_mods/mods/packages/xvm_hangar/
res_mods/mods/packages/xvm_hangar/python/
res_mods/mods/packages/xvm_hangar/python/battletype.py
res_mods/mods/packages/xvm_hangar/python/svcmsg.py
res_mods/mods/packages/xvm_hangar/python/__init__.py
res_mods/mods/packages/xvm_hangar/python/__version__.py
res_mods/mods/packages/xvm_profiler/
res_mods/mods/packages/xvm_profiler/python/
res_mods/mods/packages/xvm_profiler/python/swfprofiler.py
res_mods/mods/packages/xvm_profiler/python/__init__.py
res_mods/mods/packages/xvm_profiler/python/__version__.py
res_mods/mods/packages/xvm_profiler/python/profiler.py
res_mods/mods/packages/xvm_contacts/
res_mods/mods/packages/xvm_contacts/python/
res_mods/mods/packages/xvm_contacts/python/__init__.py
res_mods/mods/packages/xvm_contacts/python/wg_compat.py
res_mods/mods/packages/xvm_contacts/python/__version__.py
res_mods/mods/packages/xvm_contacts/python/view.py
res_mods/mods/packages/xvm_contacts/python/contacts.py
res_mods/mods/packages/xvm_lobby/
res_mods/mods/packages/xvm_lobby/as_lobby/
res_mods/mods/packages/xvm_lobby/as_lobby/xvm_lobby_ui.swf
res_mods/mods/packages/xvm_lobby/as_lobby/xvm_lobbycontacts_ui.swf
res_mods/mods/packages/xvm_lobby/as_lobby/xvm_lobby.swf
res_mods/mods/packages/xvm_lobby/as_lobby/xvm_lobbyprofile_ui.swf
res_mods/mods/packages/xvm_battleresults/
res_mods/mods/packages/xvm_battleresults/python/
res_mods/mods/packages/xvm_battleresults/python/__init__.py
res_mods/mods/packages/xvm_battleresults/python/__version__.py
res_mods/mods/packages/xvm_export/
res_mods/mods/packages/xvm_export/python/
res_mods/mods/packages/xvm_export/python/fps.py
res_mods/mods/packages/xvm_export/python/__init__.py
res_mods/mods/packages/xvm_export/python/__version__.py
res_mods/mods/packages/xvm_tankcarousel/
res_mods/mods/packages/xvm_tankcarousel/python/
res_mods/mods/packages/xvm_tankcarousel/python/__init__.py
res_mods/mods/packages/xvm_tankcarousel/python/__version__.py
res_mods/mods/packages/xvm_tankcarousel/python/filter_popover.py
res_mods/mods/packages/xvm_tankcarousel/python/tankcarousel.py
res_mods/mods/packages/xvm_tankcarousel/python/reserve.py
res_mods/mods/packages/xvm_online/
res_mods/mods/packages/xvm_online/python/
res_mods/mods/packages/xvm_online/python/__init__.py
res_mods/mods/packages/xvm_online/python/online.py
res_mods/mods/packages/xvm_online/python/__version__.py
res_mods/mods/packages/xvm_hotfix/
res_mods/mods/packages/xvm_hotfix/python/
res_mods/mods/packages/xvm_hotfix/python/__init__.py
res_mods/mods/packages/xvm_hotfix/python/__version__.py
res_mods/mods/packages/xvm_squad/
res_mods/mods/packages/xvm_squad/python/
res_mods/mods/packages/xvm_squad/python/__init__.py
res_mods/mods/packages/xvm_squad/python/__version__.py
res_mods/mods/packages/xvm_autologin/
res_mods/mods/packages/xvm_autologin/python/
res_mods/mods/packages/xvm_autologin/python/__init__.py
res_mods/mods/packages/xvm_autologin/python/__version__.py
res_mods/mods/packages/xvm_main/
res_mods/mods/packages/xvm_main/python/
res_mods/mods/packages/xvm_main/python/xvm_scale_data.py
res_mods/mods/packages/xvm_main/python/config.py
res_mods/mods/packages/xvm_main/python/vehinfo_tiers.py
res_mods/mods/packages/xvm_main/python/svcmsg.py
res_mods/mods/packages/xvm_main/python/python_macro.py
res_mods/mods/packages/xvm_main/python/default_xvm_xc.py
res_mods/mods/packages/xvm_main/python/__init__.py
res_mods/mods/packages/xvm_main/python/consts.py
res_mods/mods/packages/xvm_main/python/vehinfo.py
res_mods/mods/packages/xvm_main/python/vehinfo_stat_avg.py
res_mods/mods/packages/xvm_main/python/filecache.py
res_mods/mods/packages/xvm_main/python/userprefs.py
res_mods/mods/packages/xvm_main/python/__version__.py
res_mods/mods/packages/xvm_main/python/topclans.py
res_mods/mods/packages/xvm_main/python/vehinfo_short.py
res_mods/mods/packages/xvm_main/python/minimap_circles.py
res_mods/mods/packages/xvm_main/python/vehinfo_xte.py
res_mods/mods/packages/xvm_main/python/xvm_scale.py
res_mods/mods/packages/xvm_main/python/wgutils.py
res_mods/mods/packages/xvm_main/python/xvm.py
res_mods/mods/packages/xvm_main/python/logger.py
res_mods/mods/packages/xvm_main/python/mutex.py
res_mods/mods/packages/xvm_main/python/utils.py
res_mods/mods/packages/xvm_main/python/default_config.py
res_mods/mods/packages/xvm_main/python/xvmapi.py
res_mods/mods/packages/xvm_main/python/loadurl.py
res_mods/mods/packages/xvm_main/python/dossier.py
res_mods/mods/packages/xvm_main/python/vehinfo_wn8.py
res_mods/mods/packages/xvm_main/python/vehinfo_xtdb.py
res_mods/mods/packages/xvm_main/python/test.py
res_mods/mods/packages/xvm_main/python/stats.py
res_mods/mods/packages/xvm_battle/
res_mods/mods/packages/xvm_battle/as_battle/
res_mods/mods/packages/xvm_battle/as_battle/xvm_vehiclemarkers_ui.swf
res_mods/mods/packages/xvm_battle/as_battle_classic/
res_mods/mods/packages/xvm_battle/as_battle_classic/xvm_battle_classic.swf
res_mods/mods/packages/xvm_battle/as_battle_ranked/
res_mods/mods/packages/xvm_battle/as_battle_ranked/xvm_battle_ranked.swf
res_mods/mods/packages/xvm_battle/python/
res_mods/mods/packages/xvm_battle/python/__init__.py
res_mods/mods/packages/xvm_battle/python/consts.py
res_mods/mods/packages/xvm_battle/python/camera.py
res_mods/mods/packages/xvm_battle/python/__version__.py
res_mods/mods/packages/xvm_battle/python/xmqp.py
res_mods/mods/packages/xvm_battle/python/minimap.py
res_mods/mods/packages/xvm_battle/python/fragCorrelationPanel.py
res_mods/mods/packages/xvm_battle/python/shared.py
res_mods/mods/packages/xvm_battle/python/replay.py
res_mods/mods/packages/xvm_battle/python/xmqp_events.py
res_mods/mods/packages/xvm_battle/python/vehicleMarkers.py
res_mods/mods/packages/xvm_battle/python/vehicleMarkersBC.py
res_mods/mods/packages/xvm_battle/python/battle.py
res_mods/mods/packages/xvm_battle/python/battleloading.py
res_mods/mods/packages/xvm_techtree/
res_mods/mods/packages/xvm_techtree/python/
res_mods/mods/packages/xvm_techtree/python/__init__.py
res_mods/mods/packages/xvm_techtree/python/__version__.py
res_mods/mods/packages/xvm_quests/
res_mods/mods/packages/xvm_quests/python/
res_mods/mods/packages/xvm_quests/python/__init__.py
res_mods/mods/packages/xvm_quests/python/__version__.py
res_mods/mods/packages/xvm_sounds/
res_mods/mods/packages/xvm_sounds/python/
res_mods/mods/packages/xvm_sounds/python/__init__.py
res_mods/mods/packages/xvm_sounds/python/__version__.py
res_mods/mods/packages/xvm_sounds/python/enemySighted.py
res_mods/mods/packages/xvm_sounds/python/battleEnd.py
res_mods/mods/packages/xvm_sounds/python/ammoBay.py
res_mods/mods/packages/xvm_sounds/python/fireAlert.py
res_mods/mods/packages/xvm_sounds/python/sixthSense.py
res_mods/mods/packages/xvm_sounds/python/bankManager.py
res_mods/mods/packages/xvm_sounds/python/test.py
res_mods/mods/packages/xvm_profile/
res_mods/mods/packages/xvm_profile/python/
res_mods/mods/packages/xvm_profile/python/__init__.py
res_mods/mods/packages/xvm_profile/python/__version__.py
res_mods/mods/packages/xvm_crew/
res_mods/mods/packages/xvm_crew/python/
res_mods/mods/packages/xvm_crew/python/__init__.py
res_mods/mods/packages/xvm_crew/python/wg_compat.py
res_mods/mods/packages/xvm_crew/python/__version__.py
res_mods/mods/shared_resources/
res_mods/mods/shared_resources/xvm/
res_mods/mods/shared_resources/xvm/l10n/
res_mods/mods/shared_resources/xvm/l10n/pl.xc
res_mods/mods/shared_resources/xvm/l10n/es_MX.xc
res_mods/mods/shared_resources/xvm/l10n/fi.xc
res_mods/mods/shared_resources/xvm/l10n/ms.xc
res_mods/mods/shared_resources/xvm/l10n/en.xc
res_mods/mods/shared_resources/xvm/l10n/cs.xc
res_mods/mods/shared_resources/xvm/l10n/mn.xc
res_mods/mods/shared_resources/xvm/l10n/da.xc
res_mods/mods/shared_resources/xvm/l10n/id.xc
res_mods/mods/shared_resources/xvm/l10n/kk.xc
res_mods/mods/shared_resources/xvm/l10n/sk.xc
res_mods/mods/shared_resources/xvm/l10n/tr.xc
res_mods/mods/shared_resources/xvm/l10n/de.xc
res_mods/mods/shared_resources/xvm/l10n/ja.xc
res_mods/mods/shared_resources/xvm/l10n/ro.xc
res_mods/mods/shared_resources/xvm/l10n/be.xc
res_mods/mods/shared_resources/xvm/l10n/th.xc
res_mods/mods/shared_resources/xvm/l10n/ka.xc
res_mods/mods/shared_resources/xvm/l10n/hu.xc
res_mods/mods/shared_resources/xvm/l10n/lt.xc
res_mods/mods/shared_resources/xvm/l10n/ar.xc
res_mods/mods/shared_resources/xvm/l10n/sv.xc
res_mods/mods/shared_resources/xvm/l10n/nl.xc
res_mods/mods/shared_resources/xvm/l10n/zh_TW.xc
res_mods/mods/shared_resources/xvm/l10n/zh_SG.xc
res_mods/mods/shared_resources/xvm/l10n/ko.xc
res_mods/mods/shared_resources/xvm/l10n/it.xc
res_mods/mods/shared_resources/xvm/l10n/zh_CN.xc
res_mods/mods/shared_resources/xvm/l10n/fil.xc
res_mods/mods/shared_resources/xvm/l10n/pt_BR.xc
res_mods/mods/shared_resources/xvm/l10n/ru.xc
res_mods/mods/shared_resources/xvm/l10n/bg.xc
res_mods/mods/shared_resources/xvm/l10n/lv.xc
res_mods/mods/shared_resources/xvm/l10n/hr.xc
res_mods/mods/shared_resources/xvm/l10n/es.xc
res_mods/mods/shared_resources/xvm/l10n/uk.xc
res_mods/mods/shared_resources/xvm/l10n/pt.xc
res_mods/mods/shared_resources/xvm/l10n/no.xc
res_mods/mods/shared_resources/xvm/l10n/el.xc
res_mods/mods/shared_resources/xvm/l10n/vi.xc
res_mods/mods/shared_resources/xvm/l10n/fr.xc
res_mods/mods/shared_resources/xvm/l10n/es_AR.xc
res_mods/mods/shared_resources/xvm/l10n/et.xc
res_mods/mods/shared_resources/xvm/l10n/sr.xc
res_mods/mods/shared_resources/xvm/doc/
res_mods/mods/shared_resources/xvm/doc/extra-field.txt
res_mods/mods/shared_resources/xvm/doc/ChangeLog-en.txt
res_mods/mods/shared_resources/xvm/doc/extra-field_ru.txt
res_mods/mods/shared_resources/xvm/doc/macros-hangar_ru.txt
res_mods/mods/shared_resources/xvm/doc/readme-en.txt
res_mods/mods/shared_resources/xvm/doc/readme-ru.txt
res_mods/mods/shared_resources/xvm/doc/ChangeLog-ru.txt
res_mods/mods/shared_resources/xvm/doc/py_macros_ru.txt
res_mods/mods/shared_resources/xvm/doc/readme-cz.txt
res_mods/mods/shared_resources/xvm/doc/macros-hangar.txt
res_mods/mods/shared_resources/xvm/doc/readme-pl.txt
res_mods/mods/shared_resources/xvm/doc/macros_ru.txt
res_mods/mods/shared_resources/xvm/doc/audioww.txt
res_mods/mods/shared_resources/xvm/doc/readme-fr.txt
res_mods/mods/shared_resources/xvm/doc/macros.txt
res_mods/mods/shared_resources/xvm/audioww/
res_mods/mods/shared_resources/xvm/audioww/xvm.bnk
res_mods/mods/shared_resources/xvm/res/
res_mods/mods/shared_resources/xvm/res/clanicons/
res_mods/mods/shared_resources/xvm/res/clanicons/CT/
res_mods/mods/shared_resources/xvm/res/clanicons/CT/clan/
res_mods/mods/shared_resources/xvm/res/clanicons/CT/clan/.placeholder
res_mods/mods/shared_resources/xvm/res/clanicons/CT/nick/
res_mods/mods/shared_resources/xvm/res/clanicons/CT/nick/sirmax2.png
res_mods/mods/shared_resources/xvm/res/clanicons/CT/nick/XlebniDizele4ku.png
res_mods/mods/shared_resources/xvm/res/clanicons/CT/nick/Assassik.png
res_mods/mods/shared_resources/xvm/res/clanicons/CT/nick/Yoyo117_EU.png
res_mods/mods/shared_resources/xvm/res/clanicons/CT/nick/Mixailos.png
res_mods/mods/shared_resources/xvm/res/clanicons/CT/nick/M_r_A.png
res_mods/mods/shared_resources/xvm/res/clanicons/CT/nick/0x01_RU.png
res_mods/mods/shared_resources/xvm/res/clanicons/CT/nick/Yoyo117.png
res_mods/mods/shared_resources/xvm/res/clanicons/CT/nick/M_r_A_EU.png
res_mods/mods/shared_resources/xvm/res/clanicons/CT/nick/XlebniDizele4ku_RU.png
res_mods/mods/shared_resources/xvm/res/clanicons/CT/nick/Mixailos_RU.png
res_mods/mods/shared_resources/xvm/res/clanicons/CT/nick/M_r_A_RU.png
res_mods/mods/shared_resources/xvm/res/clanicons/CT/nick/sirmax2_RU.png
res_mods/mods/shared_resources/xvm/res/clanicons/CT/nick/0x01.png
res_mods/mods/shared_resources/xvm/res/clanicons/CT/nick/Assassik_EU.png
res_mods/mods/shared_resources/xvm/res/clanicons/EU/
res_mods/mods/shared_resources/xvm/res/clanicons/EU/clan/
res_mods/mods/shared_resources/xvm/res/clanicons/EU/clan/.placeholder
res_mods/mods/shared_resources/xvm/res/clanicons/EU/nick/
res_mods/mods/shared_resources/xvm/res/clanicons/EU/nick/sirmax2.png
res_mods/mods/shared_resources/xvm/res/clanicons/EU/nick/Assassik.png
res_mods/mods/shared_resources/xvm/res/clanicons/EU/nick/M_r_A.png
res_mods/mods/shared_resources/xvm/res/clanicons/EU/nick/Yoyo117.png
res_mods/mods/shared_resources/xvm/res/clanicons/NA/
res_mods/mods/shared_resources/xvm/res/clanicons/NA/clan/
res_mods/mods/shared_resources/xvm/res/clanicons/NA/clan/.placeholder
res_mods/mods/shared_resources/xvm/res/clanicons/NA/nick/
res_mods/mods/shared_resources/xvm/res/clanicons/NA/nick/sirmax.png
res_mods/mods/shared_resources/xvm/res/clanicons/NA/nick/WooSai.png
res_mods/mods/shared_resources/xvm/res/clanicons/RU/
res_mods/mods/shared_resources/xvm/res/clanicons/RU/clan/
res_mods/mods/shared_resources/xvm/res/clanicons/RU/clan/.placeholder
res_mods/mods/shared_resources/xvm/res/clanicons/RU/nick/
res_mods/mods/shared_resources/xvm/res/clanicons/RU/nick/sirmax2.png
res_mods/mods/shared_resources/xvm/res/clanicons/RU/nick/XlebniDizele4ku.png
res_mods/mods/shared_resources/xvm/res/clanicons/RU/nick/Mixailos.png
res_mods/mods/shared_resources/xvm/res/clanicons/RU/nick/M_r_A.png
res_mods/mods/shared_resources/xvm/res/clanicons/RU/nick/0x01_RU.png
res_mods/mods/shared_resources/xvm/res/clanicons/RU/nick/M_r_A_EU.png
res_mods/mods/shared_resources/xvm/res/clanicons/RU/nick/XlebniDizele4ku_RU.png
res_mods/mods/shared_resources/xvm/res/clanicons/RU/nick/Mixailos_RU.png
res_mods/mods/shared_resources/xvm/res/clanicons/RU/nick/iBat.png
res_mods/mods/shared_resources/xvm/res/clanicons/RU/nick/M_r_A_RU.png
res_mods/mods/shared_resources/xvm/res/clanicons/RU/nick/sirmax2_RU.png
res_mods/mods/shared_resources/xvm/res/clanicons/RU/nick/0x01.png
res_mods/mods/shared_resources/xvm/res/MinimapAim.png
res_mods/mods/shared_resources/xvm/res/icons/
res_mods/mods/shared_resources/xvm/res/icons/tooltips/
res_mods/mods/shared_resources/xvm/res/icons/tooltips/roles/
res_mods/mods/shared_resources/xvm/res/icons/tooltips/roles/driver.png
res_mods/mods/shared_resources/xvm/res/icons/tooltips/roles/loader.png
res_mods/mods/shared_resources/xvm/res/icons/tooltips/roles/gunner.png
res_mods/mods/shared_resources/xvm/res/icons/tooltips/roles/radioman.png
res_mods/mods/shared_resources/xvm/res/icons/tooltips/roles/commander.png
res_mods/mods/shared_resources/xvm/res/icons/tooltips/roles/info.txt
res_mods/mods/shared_resources/xvm/res/icons/clock/
res_mods/mods/shared_resources/xvm/res/icons/clock/clockBg.png
res_mods/mods/shared_resources/xvm/res/icons/damageLog/
res_mods/mods/shared_resources/xvm/res/icons/damageLog/no_dmg.png
res_mods/mods/shared_resources/xvm/res/icons/damageLog/dmg.png
res_mods/mods/shared_resources/xvm/res/icons/flags/
res_mods/mods/shared_resources/xvm/res/icons/flags/mh.png
res_mods/mods/shared_resources/xvm/res/icons/flags/pk.png
res_mods/mods/shared_resources/xvm/res/icons/flags/bn.png
res_mods/mods/shared_resources/xvm/res/icons/flags/tj.png
res_mods/mods/shared_resources/xvm/res/icons/flags/az.png
res_mods/mods/shared_resources/xvm/res/icons/flags/ve.png
res_mods/mods/shared_resources/xvm/res/icons/flags/ph.png
res_mods/mods/shared_resources/xvm/res/icons/flags/bz.png
res_mods/mods/shared_resources/xvm/res/icons/flags/hr.png
res_mods/mods/shared_resources/xvm/res/icons/flags/tz.png
res_mods/mods/shared_resources/xvm/res/icons/flags/gn.png
res_mods/mods/shared_resources/xvm/res/icons/flags/ni.png
res_mods/mods/shared_resources/xvm/res/icons/flags/st.png
res_mods/mods/shared_resources/xvm/res/icons/flags/sr.png
res_mods/mods/shared_resources/xvm/res/icons/flags/ht.png
res_mods/mods/shared_resources/xvm/res/icons/flags/mr.png
res_mods/mods/shared_resources/xvm/res/icons/flags/ag.png
res_mods/mods/shared_resources/xvm/res/icons/flags/sg.png
res_mods/mods/shared_resources/xvm/res/icons/flags/li.png
res_mods/mods/shared_resources/xvm/res/icons/flags/ec.png
res_mods/mods/shared_resources/xvm/res/icons/flags/me.png
res_mods/mods/shared_resources/xvm/res/icons/flags/tl.png
res_mods/mods/shared_resources/xvm/res/icons/flags/my.png
res_mods/mods/shared_resources/xvm/res/icons/flags/gt.png
res_mods/mods/shared_resources/xvm/res/icons/flags/es.png
res_mods/mods/shared_resources/xvm/res/icons/flags/hn.png
res_mods/mods/shared_resources/xvm/res/icons/flags/fj.png
res_mods/mods/shared_resources/xvm/res/icons/flags/fr.png
res_mods/mods/shared_resources/xvm/res/icons/flags/so.png
res_mods/mods/shared_resources/xvm/res/icons/flags/id.png
res_mods/mods/shared_resources/xvm/res/icons/flags/ne.png
res_mods/mods/shared_resources/xvm/res/icons/flags/jm.png
res_mods/mods/shared_resources/xvm/res/icons/flags/lr.png
res_mods/mods/shared_resources/xvm/res/icons/flags/lv.png
res_mods/mods/shared_resources/xvm/res/icons/flags/ls.png
res_mods/mods/shared_resources/xvm/res/icons/flags/gw.png
res_mods/mods/shared_resources/xvm/res/icons/flags/by.png
res_mods/mods/shared_resources/xvm/res/icons/flags/fm.png
res_mods/mods/shared_resources/xvm/res/icons/flags/bf.png
res_mods/mods/shared_resources/xvm/res/icons/flags/ro.png
res_mods/mods/shared_resources/xvm/res/icons/flags/cz.png
res_mods/mods/shared_resources/xvm/res/icons/flags/unknown.png
res_mods/mods/shared_resources/xvm/res/icons/flags/ss.png
res_mods/mods/shared_resources/xvm/res/icons/flags/ee.png
res_mods/mods/shared_resources/xvm/res/icons/flags/kw.png
res_mods/mods/shared_resources/xvm/res/icons/flags/sn.png
res_mods/mods/shared_resources/xvm/res/icons/flags/mz.png
res_mods/mods/shared_resources/xvm/res/icons/flags/de.png
res_mods/mods/shared_resources/xvm/res/icons/flags/kz.png
res_mods/mods/shared_resources/xvm/res/icons/flags/ao.png
res_mods/mods/shared_resources/xvm/res/icons/flags/be.png
res_mods/mods/shared_resources/xvm/res/icons/flags/us.png
res_mods/mods/shared_resources/xvm/res/icons/flags/va.png
res_mods/mods/shared_resources/xvm/res/icons/flags/sb.png
res_mods/mods/shared_resources/xvm/res/icons/flags/ie.png
res_mods/mods/shared_resources/xvm/res/icons/flags/in.png
res_mods/mods/shared_resources/xvm/res/icons/flags/ck.png
res_mods/mods/shared_resources/xvm/res/icons/flags/ga.png
res_mods/mods/shared_resources/xvm/res/icons/flags/ci.png
res_mods/mods/shared_resources/xvm/res/icons/flags/za.png
res_mods/mods/shared_resources/xvm/res/icons/flags/ws.png
res_mods/mods/shared_resources/xvm/res/icons/flags/iq.png
res_mods/mods/shared_resources/xvm/res/icons/flags/ca.png
res_mods/mods/shared_resources/xvm/res/icons/flags/nl.png
res_mods/mods/shared_resources/xvm/res/icons/flags/zm.png
res_mods/mods/shared_resources/xvm/res/icons/flags/nz.png
res_mods/mods/shared_resources/xvm/res/icons/flags/ae.png
res_mods/mods/shared_resources/xvm/res/icons/flags/tt.png
res_mods/mods/shared_resources/xvm/res/icons/flags/lu.png
res_mods/mods/shared_resources/xvm/res/icons/flags/bd.png
res_mods/mods/shared_resources/xvm/res/icons/flags/sz.png
res_mods/mods/shared_resources/xvm/res/icons/flags/ua.png
res_mods/mods/shared_resources/xvm/res/icons/flags/se.png
res_mods/mods/shared_resources/xvm/res/icons/flags/fk.png
res_mods/mods/shared_resources/xvm/res/icons/flags/dj.png
res_mods/mods/shared_resources/xvm/res/icons/flags/tm.png
res_mods/mods/shared_resources/xvm/res/icons/flags/sa.png
res_mods/mods/shared_resources/xvm/res/icons/flags/kn.png
res_mods/mods/shared_resources/xvm/res/icons/flags/bb.png
res_mods/mods/shared_resources/xvm/res/icons/flags/bj.png
res_mods/mods/shared_resources/xvm/res/icons/flags/bi.png
res_mods/mods/shared_resources/xvm/res/icons/flags/sm.png
res_mods/mods/shared_resources/xvm/res/icons/flags/ke.png
res_mods/mods/shared_resources/xvm/res/icons/flags/fi.png
res_mods/mods/shared_resources/xvm/res/icons/flags/ma.png
res_mods/mods/shared_resources/xvm/res/icons/flags/ng.png
res_mods/mods/shared_resources/xvm/res/icons/flags/tg.png
res_mods/mods/shared_resources/xvm/res/icons/flags/kg.png
res_mods/mods/shared_resources/xvm/res/icons/flags/ch.png
res_mods/mods/shared_resources/xvm/res/icons/flags/tw.png
res_mods/mods/shared_resources/xvm/res/icons/flags/ar.png
res_mods/mods/shared_resources/xvm/res/icons/flags/mk.png
res_mods/mods/shared_resources/xvm/res/icons/flags/cm.png
res_mods/mods/shared_resources/xvm/res/icons/flags/pg.png
res_mods/mods/shared_resources/xvm/res/icons/flags/jp.png
res_mods/mods/shared_resources/xvm/res/icons/flags/gh.png
res_mods/mods/shared_resources/xvm/res/icons/flags/cr.png
res_mods/mods/shared_resources/xvm/res/icons/flags/bh.png
res_mods/mods/shared_resources/xvm/res/icons/flags/jo.png
res_mods/mods/shared_resources/xvm/res/icons/flags/nr.png
res_mods/mods/shared_resources/xvm/res/icons/flags/mv.png
res_mods/mods/shared_resources/xvm/res/icons/flags/gq.png
res_mods/mods/shared_resources/xvm/res/icons/flags/mg.png
res_mods/mods/shared_resources/xvm/res/icons/flags/il.png
res_mods/mods/shared_resources/xvm/res/icons/flags/th.png
res_mods/mods/shared_resources/xvm/res/icons/flags/am.png
res_mods/mods/shared_resources/xvm/res/icons/flags/si.png
res_mods/mods/shared_resources/xvm/res/icons/flags/bs.png
res_mods/mods/shared_resources/xvm/res/icons/flags/ml.png
res_mods/mods/shared_resources/xvm/res/icons/flags/al.png
res_mods/mods/shared_resources/xvm/res/icons/flags/om.png
res_mods/mods/shared_resources/xvm/res/icons/flags/mn.png
res_mods/mods/shared_resources/xvm/res/icons/flags/lc.png
res_mods/mods/shared_resources/xvm/res/icons/flags/sk.png
res_mods/mods/shared_resources/xvm/res/icons/flags/mm.png
res_mods/mods/shared_resources/xvm/res/icons/flags/uy.png
res_mods/mods/shared_resources/xvm/res/icons/flags/vu.png
res_mods/mods/shared_resources/xvm/res/icons/flags/np.png
res_mods/mods/shared_resources/xvm/res/icons/flags/er.png
res_mods/mods/shared_resources/xvm/res/icons/flags/kp.png
res_mods/mods/shared_resources/xvm/res/icons/flags/rw.png
res_mods/mods/shared_resources/xvm/res/icons/flags/mc.png
res_mods/mods/shared_resources/xvm/res/icons/flags/cv.png
res_mods/mods/shared_resources/xvm/res/icons/flags/cu.png
res_mods/mods/shared_resources/xvm/res/icons/flags/hu.png
res_mods/mods/shared_resources/xvm/res/icons/flags/ye.png
res_mods/mods/shared_resources/xvm/res/icons/flags/tr.png
res_mods/mods/shared_resources/xvm/res/icons/flags/default.png
res_mods/mods/shared_resources/xvm/res/icons/flags/dk.png
res_mods/mods/shared_resources/xvm/res/icons/flags/pl.png
res_mods/mods/shared_resources/xvm/res/icons/flags/gy.png
res_mods/mods/shared_resources/xvm/res/icons/flags/eg.png
res_mods/mods/shared_resources/xvm/res/icons/flags/rs.png
res_mods/mods/shared_resources/xvm/res/icons/flags/cn.png
res_mods/mods/shared_resources/xvm/res/icons/flags/do.png
res_mods/mods/shared_resources/xvm/res/icons/flags/td.png
res_mods/mods/shared_resources/xvm/res/icons/flags/sy.png
res_mods/mods/shared_resources/xvm/res/icons/flags/gd.png
res_mods/mods/shared_resources/xvm/res/icons/flags/cd.png
res_mods/mods/shared_resources/xvm/res/icons/flags/at.png
res_mods/mods/shared_resources/xvm/res/icons/flags/cg.png
res_mods/mods/shared_resources/xvm/res/icons/flags/pw.png
res_mods/mods/shared_resources/xvm/res/icons/flags/tv.png
res_mods/mods/shared_resources/xvm/res/icons/flags/vn.png
res_mods/mods/shared_resources/xvm/res/icons/flags/mx.png
res_mods/mods/shared_resources/xvm/res/icons/flags/zw.png
res_mods/mods/shared_resources/xvm/res/icons/flags/na.png
res_mods/mods/shared_resources/xvm/res/icons/flags/ad.png
res_mods/mods/shared_resources/xvm/res/icons/flags/to.png
res_mods/mods/shared_resources/xvm/res/icons/flags/bt.png
res_mods/mods/shared_resources/xvm/res/icons/flags/au.png
res_mods/mods/shared_resources/xvm/res/icons/flags/la.png
res_mods/mods/shared_resources/xvm/res/icons/flags/pe.png
res_mods/mods/shared_resources/xvm/res/icons/flags/lb.png
res_mods/mods/shared_resources/xvm/res/icons/flags/bg.png
res_mods/mods/shared_resources/xvm/res/icons/flags/no.png
res_mods/mods/shared_resources/xvm/res/icons/flags/gb.png
res_mods/mods/shared_resources/xvm/res/icons/flags/gm.png
res_mods/mods/shared_resources/xvm/res/icons/flags/sd.png
res_mods/mods/shared_resources/xvm/res/icons/flags/lk.png
res_mods/mods/shared_resources/xvm/res/icons/flags/dz.png
res_mods/mods/shared_resources/xvm/res/icons/flags/cy.png
res_mods/mods/shared_resources/xvm/res/icons/flags/py.png
res_mods/mods/shared_resources/xvm/res/icons/flags/lt.png
res_mods/mods/shared_resources/xvm/res/icons/flags/co.png
res_mods/mods/shared_resources/xvm/res/icons/flags/pa.png
res_mods/mods/shared_resources/xvm/res/icons/flags/ug.png
res_mods/mods/shared_resources/xvm/res/icons/flags/mu.png
res_mods/mods/shared_resources/xvm/res/icons/flags/bw.png
res_mods/mods/shared_resources/xvm/res/icons/flags/et.png
res_mods/mods/shared_resources/xvm/res/icons/flags/kh.png
res_mods/mods/shared_resources/xvm/res/icons/flags/it.png
res_mods/mods/shared_resources/xvm/res/icons/flags/dm.png
res_mods/mods/shared_resources/xvm/res/icons/flags/ba.png
res_mods/mods/shared_resources/xvm/res/icons/flags/kr.png
res_mods/mods/shared_resources/xvm/res/icons/flags/cl.png
res_mods/mods/shared_resources/xvm/res/icons/flags/mw.png
res_mods/mods/shared_resources/xvm/res/icons/flags/ru.png
res_mods/mods/shared_resources/xvm/res/icons/flags/ir.png
res_mods/mods/shared_resources/xvm/res/icons/flags/gr.png
res_mods/mods/shared_resources/xvm/res/icons/flags/md.png
res_mods/mods/shared_resources/xvm/res/icons/flags/sv.png
res_mods/mods/shared_resources/xvm/res/icons/flags/vc.png
res_mods/mods/shared_resources/xvm/res/icons/flags/is.png
res_mods/mods/shared_resources/xvm/res/icons/flags/uz.png
res_mods/mods/shared_resources/xvm/res/icons/flags/af.png
res_mods/mods/shared_resources/xvm/res/icons/flags/mt.png
res_mods/mods/shared_resources/xvm/res/icons/flags/km.png
res_mods/mods/shared_resources/xvm/res/icons/flags/pt.png
res_mods/mods/shared_resources/xvm/res/icons/flags/bo.png
res_mods/mods/shared_resources/xvm/res/icons/flags/sc.png
res_mods/mods/shared_resources/xvm/res/icons/flags/tn.png
res_mods/mods/shared_resources/xvm/res/icons/flags/ki.png
res_mods/mods/shared_resources/xvm/res/icons/flags/cf.png
res_mods/mods/shared_resources/xvm/res/icons/flags/qa.png
res_mods/mods/shared_resources/xvm/res/icons/flags/br.png
res_mods/mods/shared_resources/xvm/res/icons/flags/ge.png
res_mods/mods/shared_resources/xvm/res/icons/flags/ps.png
res_mods/mods/shared_resources/xvm/res/icons/flags/sl.png
res_mods/mods/shared_resources/xvm/res/icons/flags/nu.png
res_mods/mods/shared_resources/xvm/res/icons/flags/ly.png
res_mods/mods/shared_resources/xvm/res/icons/xvm/
res_mods/mods/shared_resources/xvm/res/icons/xvm/16x16.png
res_mods/mods/shared_resources/xvm/res/icons/xvm/8x8.png
res_mods/mods/shared_resources/xvm/res/icons/xvm/8x8t.png
res_mods/mods/shared_resources/xvm/res/icons/xvm/32x32.png
res_mods/mods/shared_resources/xvm/res/icons/xvm/xvm-user-none.png
res_mods/mods/shared_resources/xvm/res/icons/xvm/22x22t.png
res_mods/mods/shared_resources/xvm/res/icons/xvm/xvm-user-off.png
res_mods/mods/shared_resources/xvm/res/icons/xvm/16x16t.png
res_mods/mods/shared_resources/xvm/res/icons/xvm/22x22.png
res_mods/mods/shared_resources/xvm/res/icons/xvm/96x96t.png
res_mods/mods/shared_resources/xvm/res/icons/xvm/xvm-user-on.png
res_mods/mods/shared_resources/xvm/res/icons/xvm/64x64t.png
res_mods/mods/shared_resources/xvm/res/icons/xvm/32x32t.png
res_mods/mods/shared_resources/xvm/res/icons/xvm/96x96.png
res_mods/mods/shared_resources/xvm/res/icons/xvm/64x64.png
res_mods/mods/shared_resources/xvm/res/icons/Efficiency/
res_mods/mods/shared_resources/xvm/res/icons/Efficiency/reflect.png
res_mods/mods/shared_resources/xvm/res/icons/Efficiency/stun.png
res_mods/mods/shared_resources/xvm/res/icons/Efficiency/assist.png
res_mods/mods/shared_resources/xvm/res/icons/Efficiency/damage.png
res_mods/mods/shared_resources/xvm/res/icons/Efficiency/discover.png
res_mods/mods/shared_resources/xvm/res/icons/barracks/
res_mods/mods/shared_resources/xvm/res/icons/barracks/nations/
res_mods/mods/shared_resources/xvm/res/icons/barracks/nations/czech.png
res_mods/mods/shared_resources/xvm/res/icons/barracks/nations/germany.png
res_mods/mods/shared_resources/xvm/res/icons/barracks/nations/china.png
res_mods/mods/shared_resources/xvm/res/icons/barracks/nations/france.png
res_mods/mods/shared_resources/xvm/res/icons/barracks/nations/sweden.png
res_mods/mods/shared_resources/xvm/res/icons/barracks/nations/japan.png
res_mods/mods/shared_resources/xvm/res/icons/barracks/nations/usa.png
res_mods/mods/shared_resources/xvm/res/icons/barracks/nations/uk.png
res_mods/mods/shared_resources/xvm/res/icons/barracks/nations/ussr.png
res_mods/mods/shared_resources/xvm/res/icons/barracks/nations/poland.png
res_mods/mods/shared_resources/xvm/res/icons/barracks/nations/info.txt
res_mods/mods/shared_resources/xvm/res/icons/barracks/skills/
res_mods/mods/shared_resources/xvm/res/icons/barracks/skills/gunner_sniper.png
res_mods/mods/shared_resources/xvm/res/icons/barracks/skills/driver_smoothDriving.png
res_mods/mods/shared_resources/xvm/res/icons/barracks/skills/radioman_lastEffort.png
res_mods/mods/shared_resources/xvm/res/icons/barracks/skills/driver_virtuoso.png
res_mods/mods/shared_resources/xvm/res/icons/barracks/skills/commander_sixthSense.png
res_mods/mods/shared_resources/xvm/res/icons/barracks/skills/radioman_inventor.png
res_mods/mods/shared_resources/xvm/res/icons/barracks/skills/radioman_retransmitter.png
res_mods/mods/shared_resources/xvm/res/icons/barracks/skills/commander_eagleEye.png
res_mods/mods/shared_resources/xvm/res/icons/barracks/skills/radioman_finder.png
res_mods/mods/shared_resources/xvm/res/icons/barracks/skills/fireFighting.png
res_mods/mods/shared_resources/xvm/res/icons/barracks/skills/new_skill.png
res_mods/mods/shared_resources/xvm/res/icons/barracks/skills/loader_desperado.png
res_mods/mods/shared_resources/xvm/res/icons/barracks/skills/commander_tutor.png
res_mods/mods/shared_resources/xvm/res/icons/barracks/skills/driver_badRoadsKing.png
res_mods/mods/shared_resources/xvm/res/icons/barracks/skills/camouflage.png
res_mods/mods/shared_resources/xvm/res/icons/barracks/skills/driver_tidyPerson.png
res_mods/mods/shared_resources/xvm/res/icons/barracks/skills/brotherhood.png
res_mods/mods/shared_resources/xvm/res/icons/barracks/skills/gunner_woodHunter.png
res_mods/mods/shared_resources/xvm/res/icons/barracks/skills/loader_pedant.png
res_mods/mods/shared_resources/xvm/res/icons/barracks/skills/gunner_rancorous.png
res_mods/mods/shared_resources/xvm/res/icons/barracks/skills/driver_rammingMaster.png
res_mods/mods/shared_resources/xvm/res/icons/barracks/skills/info.txt
res_mods/mods/shared_resources/xvm/res/icons/barracks/skills/loader_intuition.png
res_mods/mods/shared_resources/xvm/res/icons/barracks/skills/gunner_smoothTurret.png
res_mods/mods/shared_resources/xvm/res/icons/barracks/skills/commander_universalist.png
res_mods/mods/shared_resources/xvm/res/icons/barracks/skills/commander_expert.png
res_mods/mods/shared_resources/xvm/res/icons/barracks/skills/repair.png
res_mods/mods/shared_resources/xvm/res/icons/barracks/skills/gunner_gunsmith.png
res_mods/mods/shared_resources/xvm/res/icons/carousel/
res_mods/mods/shared_resources/xvm/res/icons/carousel/battles.png
res_mods/mods/shared_resources/xvm/res/icons/carousel/wins.png
res_mods/mods/shared_resources/xvm/res/icons/carousel/damage.png
res_mods/mods/shared_resources/xvm/res/icons/carousel/filter/
res_mods/mods/shared_resources/xvm/res/icons/carousel/filter/fullcrew.png
res_mods/mods/shared_resources/xvm/res/icons/carousel/filter/premium.png
res_mods/mods/shared_resources/xvm/res/icons/carousel/filter/nonelite.png
res_mods/mods/shared_resources/xvm/res/icons/carousel/filter/reserve.png
res_mods/mods/shared_resources/xvm/res/icons/carousel/filter/normal.png
res_mods/mods/shared_resources/xvm/res/icons/carousel/filter/elite.png
res_mods/mods/shared_resources/xvm/res/icons/carousel/filter/nomaster.png
res_mods/mods/shared_resources/xvm/res/data/
res_mods/mods/shared_resources/xvm/res/data/xte.json
res_mods/mods/shared_resources/xvm/res/data/xtdb.json
res_mods/mods/shared_resources/xvm/res/SixthSense.png.sample
mods/
mods/0.9.19.1/
mods/0.9.19.1/com.modxvm.xfw_6.8.0.777.wotmod
_readme/
_readme/readme-fr.txt
_readme/readme-pl.txt
_readme/readme-ru.txt
_readme/xvm build 7723
_readme/readme-cz.txt
_readme/readme-en.txt
res_mods/configs/xvm/default_backup/
res_mods/configs/xvm/default_backup/@xvm.xc
res_mods/configs/xvm/default_backup/alpha.xc
res_mods/configs/xvm/default_backup/battle.xc
res_mods/configs/xvm/default_backup/battleLabels.xc
res_mods/configs/xvm/default_backup/battleLabelsTemplates.xc
res_mods/configs/xvm/default_backup/battleLoading.xc
res_mods/configs/xvm/default_backup/battleLoadingTips.xc
res_mods/configs/xvm/default_backup/battleResults.xc
res_mods/configs/xvm/default_backup/camera.xc
res_mods/configs/xvm/default_backup/captureBar.xc
res_mods/configs/xvm/default_backup/carousel.xc
res_mods/configs/xvm/default_backup/carouselNormal.xc
res_mods/configs/xvm/default_backup/carouselSmall.xc
res_mods/configs/xvm/default_backup/colors.xc
res_mods/configs/xvm/default_backup/damageLog.xc
res_mods/configs/xvm/default_backup/elements.xc
res_mods/configs/xvm/default_backup/export.xc
res_mods/configs/xvm/default_backup/hangar.xc
res_mods/configs/xvm/default_backup/hitLog.xc
res_mods/configs/xvm/default_backup/hotkeys.xc
res_mods/configs/xvm/default_backup/iconset.xc
res_mods/configs/xvm/default_backup/login.xc
res_mods/configs/xvm/default_backup/markers.xc
res_mods/configs/xvm/default_backup/markersAliveExtended.xc
res_mods/configs/xvm/default_backup/markersAliveNormal.xc
res_mods/configs/xvm/default_backup/markersDeadExtended.xc
res_mods/configs/xvm/default_backup/markersDeadNormal.xc
res_mods/configs/xvm/default_backup/minimap.xc
res_mods/configs/xvm/default_backup/minimapAlt.xc
res_mods/configs/xvm/default_backup/minimapCircles.xc
res_mods/configs/xvm/default_backup/minimapLabels.xc
res_mods/configs/xvm/default_backup/minimapLabelsAlt.xc
res_mods/configs/xvm/default_backup/minimapLabelsData.xc
res_mods/configs/xvm/default_backup/minimapLabelsTemplates.xc
res_mods/configs/xvm/default_backup/minimapLines.xc
res_mods/configs/xvm/default_backup/minimapMapSize.xc
res_mods/configs/xvm/default_backup/playersPanel.xc
res_mods/configs/xvm/default_backup/sounds.xc
res_mods/configs/xvm/default_backup/squad.xc
res_mods/configs/xvm/default_backup/statisticForm.xc
res_mods/configs/xvm/default_backup/texts.xc
res_mods/configs/xvm/default_backup/tooltips.xc
res_mods/configs/xvm/default_backup/tweaks.xc
res_mods/configs/xvm/default_backup/userInfo.xc
res_mods/configs/xvm/default_backup/vehicleNames.xc
res_mods/configs/xvm/default_backup/widgets.xc
res_mods/configs/xvm/default_backup/widgetsTemplates.xc
res_mods/configs/xvm/default_backup/xmqp.xc
mods/
mods/0.9.19.1/
mods/0.9.19.1/tv.protanki.sights.wotmod
_readme/
mods/
mods/0.9.19.1/
mods/0.9.19.1/poliroid.modslistapi_1.0.4.wotmod
_readme/
res_mods/
res_mods/configs/
res_mods/configs/xvm/
res_mods/configs/xvm/default/
res_mods/configs/xvm/default/@xvm.xc
res_mods/configs/xvm/default/alpha.xc
res_mods/configs/xvm/default/battle.xc
res_mods/configs/xvm/default/battleLabels.xc
res_mods/configs/xvm/default/battleLabelsTemplates.xc
res_mods/configs/xvm/default/battleLoading.xc
res_mods/configs/xvm/default/battleLoadingTips.xc
res_mods/configs/xvm/default/battleResults.xc
res_mods/configs/xvm/default/camera.xc
res_mods/configs/xvm/default/captureBar.xc
res_mods/configs/xvm/default/carouselNormal.xc
res_mods/configs/xvm/default/carouselSmall.xc
res_mods/configs/xvm/default/clock.xc
res_mods/configs/xvm/default/colors.xc
res_mods/configs/xvm/default/damageLog.xc
res_mods/configs/xvm/default/elements.xc
res_mods/configs/xvm/default/export.xc
res_mods/configs/xvm/default/hangar.xc
res_mods/configs/xvm/default/hitLog.xc
res_mods/configs/xvm/default/hotkeys.xc
res_mods/configs/xvm/default/iconset.xc
res_mods/configs/xvm/default/login.xc
res_mods/configs/xvm/default/markers.xc
res_mods/configs/xvm/default/markersAliveExtended.xc
res_mods/configs/xvm/default/markersAliveNormal.xc
res_mods/configs/xvm/default/markersDeadExtended.xc
res_mods/configs/xvm/default/markersDeadNormal.xc
res_mods/configs/xvm/default/minimap.xc
res_mods/configs/xvm/default/minimapAlt.xc
res_mods/configs/xvm/default/minimapCircles.xc
res_mods/configs/xvm/default/minimapLabels.xc
res_mods/configs/xvm/default/minimapLabelsAlt.xc
res_mods/configs/xvm/default/minimapLabelsData.xc
res_mods/configs/xvm/default/minimapLabelsTemplates.xc
res_mods/configs/xvm/default/minimapLines.xc
res_mods/configs/xvm/default/minimapMapSize.xc
res_mods/configs/xvm/default/sounds.xc
res_mods/configs/xvm/default/squad.xc
res_mods/configs/xvm/default/statisticForm.xc
res_mods/configs/xvm/default/texts.xc
res_mods/configs/xvm/default/tooltips.xc
res_mods/configs/xvm/default/userInfo.xc
res_mods/configs/xvm/default/vehicleNames.xc
res_mods/configs/xvm/default/xmqp.xc
res_mods/configs/xvm/xvm.xc
res_mods/mods/
res_mods/mods/shared_resources/
res_mods/mods/shared_resources/xvm/
res_mods/mods/shared_resources/xvm/res/
res_mods/mods/shared_resources/xvm/res/MinimapAim.png
res_mods/mods/shared_resources/xvm/res/SixthSense.png
res_mods/configs/xvm/default/widgets.xc
res_mods/configs/xvm/default/widgetsTemplates.xc
res_mods/configs/xvm/
res_mods/configs/xvm/default/
res_mods/configs/xvm/default/playersPanel.xc
res_mods/configs/xvm/
res_mods/configs/xvm/default/
res_mods/configs/xvm/default/carousel.xc
mods/
mods/0.9.19.1/
mods/0.9.19.1/crosshair_arcade.wotmod
mods/0.9.19.1/crosshair_Controls.wotmod
mods/0.9.19.1/crosshair_sniper.wotmod
_readme/
res_mods/
res_mods/0.9.19.1/
res_mods/0.9.19.1/gui/
res_mods/0.9.19.1/gui/flash/
res_mods/0.9.19.1/gui/flash/battleAnimationTimer.swf
res_mods/0.9.19.1/scripts/
res_mods/0.9.19.1/scripts/client/
res_mods/0.9.19.1/scripts/client/gui/
res_mods/0.9.19.1/scripts/client/gui/mods/
res_mods/0.9.19.1/scripts/client/gui/mods/mod_sights.pyc
res_mods/0.9.19.1/gui/flash/crosshairControls.swf
res_mods/0.9.19.1/gui/flash/strategicCrosshair.swf
